TN:
SF:crates/conjure_core/src/context.rs
FN:36,<conjure_core::context::Context>::new
FN:74,<conjure_core::context::Context as core::fmt::Debug>::fmt::{closure#1}
FN:70,<conjure_core::context::Context as core::fmt::Debug>::fmt
FN:54,<conjure_core::context::Context>::new_ptr
FN:74,<conjure_core::context::Context as core::fmt::Debug>::fmt::{closure#1}
FN:73,<conjure_core::context::Context as core::fmt::Debug>::fmt::{closure#0}
FN:54,<conjure_core::context::Context>::new_ptr
FN:73,<conjure_core::context::Context as core::fmt::Debug>::fmt::{closure#0}
FN:70,<conjure_core::context::Context as core::fmt::Debug>::fmt
FN:36,<conjure_core::context::Context>::new
FNDA:0,<conjure_core::context::Context>::new
FNDA:0,<conjure_core::context::Context as core::fmt::Debug>::fmt::{closure#1}
FNDA:0,<conjure_core::context::Context as core::fmt::Debug>::fmt
FNDA:0,<conjure_core::context::Context>::new_ptr
FNDA:0,<conjure_core::context::Context as core::fmt::Debug>::fmt::{closure#1}
FNDA:0,<conjure_core::context::Context as core::fmt::Debug>::fmt::{closure#0}
FNDA:0,<conjure_core::context::Context>::new_ptr
FNDA:0,<conjure_core::context::Context as core::fmt::Debug>::fmt::{closure#0}
FNDA:0,<conjure_core::context::Context as core::fmt::Debug>::fmt
FNDA:0,<conjure_core::context::Context>::new
FNF:10
FNH:0
BRF:0
BRH:0
DA:36,0
DA:37,0
DA:38,0
DA:39,0
DA:40,0
DA:41,0
DA:42,0
DA:43,0
DA:44,0
DA:45,0
DA:46,0
DA:47,0
DA:48,0
DA:49,0
DA:50,0
DA:54,0
DA:55,0
DA:56,0
DA:57,0
DA:58,0
DA:59,0
DA:60,0
DA:61,0
DA:62,0
DA:63,0
DA:64,0
DA:65,0
DA:66,0
DA:70,0
DA:71,0
DA:72,0
DA:73,0
DA:74,0
DA:75,0
DA:76,0
DA:77,0
DA:78,0
DA:79,0
DA:80,0
DA:81,0
DA:82,0
DA:83,0
DA:84,0
DA:85,0
DA:86,0
LF:45
LH:0
end_of_record
SF:crates/conjure_core/src/rules/subsitute_lettings.rs
FN:33,conjure_core::rules::subsitute_lettings::substitute_domain_lettings
FN:19,conjure_core::rules::subsitute_lettings::CONJURE_GEN_RULE_SUBSTITUTE_VALUE_LETTINGS::__typecheck::{closure#0}::{closure#0}
FN:32,conjure_core::rules::subsitute_lettings::CONJURE_GEN_RULE_SUBSTITUTE_DOMAIN_LETTINGS::__typecheck::{closure#0}::{closure#0}
FN:19,conjure_core::rules::subsitute_lettings::CONJURE_GEN_RULE_SUBSTITUTE_VALUE_LETTINGS::__typecheck::{closure#0}::{closure#0}
FN:33,conjure_core::rules::subsitute_lettings::substitute_domain_lettings
FN:20,conjure_core::rules::subsitute_lettings::substitute_value_lettings
FN:20,conjure_core::rules::subsitute_lettings::substitute_value_lettings
FN:43,conjure_core::rules::subsitute_lettings::substitute_domain_lettings::{closure#0}
FN:32,conjure_core::rules::subsitute_lettings::CONJURE_GEN_RULE_SUBSTITUTE_DOMAIN_LETTINGS::__typecheck::{closure#0}::{closure#0}
FN:43,conjure_core::rules::subsitute_lettings::substitute_domain_lettings::{closure#0}
FNDA:0,conjure_core::rules::subsitute_lettings::substitute_domain_lettings
FNDA:0,conjure_core::rules::subsitute_lettings::CONJURE_GEN_RULE_SUBSTITUTE_VALUE_LETTINGS::__typecheck::{closure#0}::{closure#0}
FNDA:0,conjure_core::rules::subsitute_lettings::CONJURE_GEN_RULE_SUBSTITUTE_DOMAIN_LETTINGS::__typecheck::{closure#0}::{closure#0}
FNDA:0,conjure_core::rules::subsitute_lettings::CONJURE_GEN_RULE_SUBSTITUTE_VALUE_LETTINGS::__typecheck::{closure#0}::{closure#0}
FNDA:1,conjure_core::rules::subsitute_lettings::substitute_domain_lettings
FNDA:1,conjure_core::rules::subsitute_lettings::substitute_value_lettings
FNDA:0,conjure_core::rules::subsitute_lettings::substitute_value_lettings
FNDA:0,conjure_core::rules::subsitute_lettings::substitute_domain_lettings::{closure#0}
FNDA:0,conjure_core::rules::subsitute_lettings::CONJURE_GEN_RULE_SUBSTITUTE_DOMAIN_LETTINGS::__typecheck::{closure#0}::{closure#0}
FNDA:0,conjure_core::rules::subsitute_lettings::substitute_domain_lettings::{closure#0}
FNF:10
FNH:2
BRF:0
BRH:0
DA:20,206601
DA:21,93364
DA:22,148546
DA:25,58055
DA:26,57936
DA:28,68
DA:29,206601
DA:33,206601
DA:34,206601
DA:35,206601
DA:37,3770022
DA:38,3770022
DA:39,1292
DA:42,3768730
DA:43,34
DA:45,0
DA:46,0
DA:47,0
DA:48,34
DA:49,34
DA:50,34
DA:51,3768696
DA:53,3768730
DA:55,206601
DA:56,17
DA:58,206584
DA:60,206601
LF:27
LH:24
end_of_record
SF:crates/conjure_core/src/ast/declaration.rs
FN:56,<conjure_core::ast::declaration::Declaration>::new
FN:130,<conjure_core::ast::declaration::Declaration>::as_domain_letting
FN:40,<conjure_core::ast::declaration::DeclarationKind as uniplate::traits::Biplate<conjure_core::ast::declaration::Declaration>>::biplate::{closure#0}
FN:102,<conjure_core::ast::declaration::Declaration>::domain
FN:92,<conjure_core::ast::declaration::Declaration>::name
FN:102,<conjure_core::ast::declaration::Declaration>::domain
FN:72,<conjure_core::ast::declaration::Declaration>::new_domain_letting
FN:38,<conjure_core::ast::declaration::DeclarationKind as uniplate::traits::Biplate<conjure_core::ast::declaration::Declaration>>::biplate
FN:183,<conjure_core::ast::declaration::Declaration as core::clone::Clone>::clone
FN:38,<conjure_core::ast::declaration::DeclarationKind as uniplate::traits::Biplate<conjure_core::ast::declaration::Declaration>>::biplate
FN:193,<conjure_core::ast::declaration::Declaration as conjure_core::ast::types::Typeable>::return_type
FN:121,<conjure_core::ast::declaration::Declaration>::as_var_mut
FN:167,<conjure_core::ast::declaration::Declaration as conjure_core::ast::serde::HasId>::id
FN:130,<conjure_core::ast::declaration::Declaration>::as_domain_letting
FN:97,<conjure_core::ast::declaration::Declaration>::kind
FN:183,<conjure_core::ast::declaration::Declaration as core::clone::Clone>::clone
FN:148,<conjure_core::ast::declaration::Declaration>::as_value_letting
FN:157,<conjure_core::ast::declaration::Declaration>::as_value_letting_mut
FN:72,<conjure_core::ast::declaration::Declaration>::new_domain_letting
FN:167,<conjure_core::ast::declaration::Declaration as conjure_core::ast::serde::HasId>::id
FN:40,<conjure_core::ast::declaration::DeclarationKind as uniplate::traits::Biplate<conjure_core::ast::declaration::Declaration>>::biplate::{closure#0}
FN:193,<conjure_core::ast::declaration::Declaration as conjure_core::ast::types::Typeable>::return_type
FN:148,<conjure_core::ast::declaration::Declaration>::as_value_letting
FN:157,<conjure_core::ast::declaration::Declaration>::as_value_letting_mut
FN:173,<conjure_core::ast::declaration::Declaration as conjure_core::ast::serde::DefaultWithId>::default_with_id
FN:92,<conjure_core::ast::declaration::Declaration>::name
FN:62,<conjure_core::ast::declaration::Declaration>::new_var
FN:82,<conjure_core::ast::declaration::Declaration>::new_value_letting
FN:112,<conjure_core::ast::declaration::Declaration>::as_var
FN:173,<conjure_core::ast::declaration::Declaration as conjure_core::ast::serde::DefaultWithId>::default_with_id
FN:97,<conjure_core::ast::declaration::Declaration>::kind
FN:82,<conjure_core::ast::declaration::Declaration>::new_value_letting
FN:121,<conjure_core::ast::declaration::Declaration>::as_var_mut
FN:139,<conjure_core::ast::declaration::Declaration>::as_domain_letting_mut
FN:112,<conjure_core::ast::declaration::Declaration>::as_var
FN:56,<conjure_core::ast::declaration::Declaration>::new
FN:62,<conjure_core::ast::declaration::Declaration>::new_var
FN:139,<conjure_core::ast::declaration::Declaration>::as_domain_letting_mut
FNDA:0,<conjure_core::ast::declaration::Declaration>::new
FNDA:0,<conjure_core::ast::declaration::Declaration>::as_domain_letting
FNDA:0,<conjure_core::ast::declaration::DeclarationKind as uniplate::traits::Biplate<conjure_core::ast::declaration::Declaration>>::biplate::{closure#0}
FNDA:1,<conjure_core::ast::declaration::Declaration>::domain
FNDA:1,<conjure_core::ast::declaration::Declaration>::name
FNDA:1,<conjure_core::ast::declaration::Declaration>::domain
FNDA:1,<conjure_core::ast::declaration::Declaration>::new_domain_letting
FNDA:0,<conjure_core::ast::declaration::DeclarationKind as uniplate::traits::Biplate<conjure_core::ast::declaration::Declaration>>::biplate
FNDA:0,<conjure_core::ast::declaration::Declaration as core::clone::Clone>::clone
FNDA:0,<conjure_core::ast::declaration::DeclarationKind as uniplate::traits::Biplate<conjure_core::ast::declaration::Declaration>>::biplate
FNDA:0,<conjure_core::ast::declaration::Declaration as conjure_core::ast::types::Typeable>::return_type
FNDA:1,<conjure_core::ast::declaration::Declaration>::as_var_mut
FNDA:0,<conjure_core::ast::declaration::Declaration as conjure_core::ast::serde::HasId>::id
FNDA:1,<conjure_core::ast::declaration::Declaration>::as_domain_letting
FNDA:1,<conjure_core::ast::declaration::Declaration>::kind
FNDA:1,<conjure_core::ast::declaration::Declaration as core::clone::Clone>::clone
FNDA:1,<conjure_core::ast::declaration::Declaration>::as_value_letting
FNDA:0,<conjure_core::ast::declaration::Declaration>::as_value_letting_mut
FNDA:0,<conjure_core::ast::declaration::Declaration>::new_domain_letting
FNDA:0,<conjure_core::ast::declaration::Declaration as conjure_core::ast::serde::HasId>::id
FNDA:0,<conjure_core::ast::declaration::DeclarationKind as uniplate::traits::Biplate<conjure_core::ast::declaration::Declaration>>::biplate::{closure#0}
FNDA:0,<conjure_core::ast::declaration::Declaration as conjure_core::ast::types::Typeable>::return_type
FNDA:0,<conjure_core::ast::declaration::Declaration>::as_value_letting
FNDA:0,<conjure_core::ast::declaration::Declaration>::as_value_letting_mut
FNDA:0,<conjure_core::ast::declaration::Declaration as conjure_core::ast::serde::DefaultWithId>::default_with_id
FNDA:1,<conjure_core::ast::declaration::Declaration>::name
FNDA:1,<conjure_core::ast::declaration::Declaration>::new_var
FNDA:0,<conjure_core::ast::declaration::Declaration>::new_value_letting
FNDA:0,<conjure_core::ast::declaration::Declaration>::as_var
FNDA:0,<conjure_core::ast::declaration::Declaration as conjure_core::ast::serde::DefaultWithId>::default_with_id
FNDA:1,<conjure_core::ast::declaration::Declaration>::kind
FNDA:1,<conjure_core::ast::declaration::Declaration>::new_value_letting
FNDA:0,<conjure_core::ast::declaration::Declaration>::as_var_mut
FNDA:0,<conjure_core::ast::declaration::Declaration>::as_domain_letting_mut
FNDA:1,<conjure_core::ast::declaration::Declaration>::as_var
FNDA:0,<conjure_core::ast::declaration::Declaration>::new
FNDA:1,<conjure_core::ast::declaration::Declaration>::new_var
FNDA:0,<conjure_core::ast::declaration::Declaration>::as_domain_letting_mut
FNF:38
FNH:15
BRF:0
BRH:0
DA:38,0
DA:39,0
DA:40,0
DA:41,0
DA:56,0
DA:57,0
DA:58,0
DA:59,0
DA:62,10492
DA:63,10492
DA:64,10492
DA:65,10492
DA:66,10492
DA:67,10492
DA:68,10492
DA:69,10492
DA:72,68
DA:73,68
DA:74,68
DA:75,68
DA:76,68
DA:77,68
DA:78,68
DA:79,68
DA:82,136
DA:83,136
DA:84,136
DA:85,136
DA:86,136
DA:87,136
DA:88,136
DA:89,136
DA:92,3779443
DA:93,3779443
DA:94,3779443
DA:97,3978566
DA:98,3978566
DA:99,3978566
DA:102,3320
DA:103,3320
DA:104,3286
DA:106,0
DA:107,34
DA:109,3320
DA:112,3875286
DA:113,3875286
DA:114,3873892
DA:116,1394
DA:118,3875286
DA:121,51
DA:122,51
DA:123,51
DA:125,0
DA:127,51
DA:130,238
DA:131,238
DA:132,238
DA:134,0
DA:136,238
DA:139,0
DA:140,0
DA:141,0
DA:143,0
DA:145,0
DA:148,58497
DA:149,58497
DA:150,629
DA:152,57868
DA:154,58497
DA:157,0
DA:158,0
DA:159,0
DA:161,0
DA:163,0
DA:167,0
DA:168,0
DA:169,0
DA:173,0
DA:174,0
DA:175,0
DA:176,0
DA:177,0
DA:178,0
DA:179,0
DA:183,51
DA:184,51
DA:185,51
DA:186,51
DA:187,51
DA:188,51
DA:189,51
DA:193,0
DA:194,0
DA:195,0
DA:196,0
DA:197,0
DA:199,0
LF:97
LH:60
end_of_record
SF:crates/conjure_core/src/rules/partial_eval.rs
FN:14,conjure_core::rules::partial_eval::CONJURE_GEN_RULE_PARTIAL_EVALUATOR::__typecheck::{closure#0}::{closure#0}
FN:336,conjure_core::rules::partial_eval::check_pairwise_or_tautologies
FN:15,conjure_core::rules::partial_eval::partial_evaluator
FN:336,conjure_core::rules::partial_eval::check_pairwise_or_tautologies
FN:14,conjure_core::rules::partial_eval::CONJURE_GEN_RULE_PARTIAL_EVALUATOR::__typecheck::{closure#0}::{closure#0}
FN:15,conjure_core::rules::partial_eval::partial_evaluator
FNDA:0,conjure_core::rules::partial_eval::CONJURE_GEN_RULE_PARTIAL_EVALUATOR::__typecheck::{closure#0}::{closure#0}
FNDA:0,conjure_core::rules::partial_eval::check_pairwise_or_tautologies
FNDA:1,conjure_core::rules::partial_eval::partial_evaluator
FNDA:1,conjure_core::rules::partial_eval::check_pairwise_or_tautologies
FNDA:0,conjure_core::rules::partial_eval::CONJURE_GEN_RULE_PARTIAL_EVALUATOR::__typecheck::{closure#0}::{closure#0}
FNDA:0,conjure_core::rules::partial_eval::partial_evaluator
FNF:6
FNH:2
BRF:0
BRH:0
DA:15,425731
DA:22,425731
DA:23,2125
DA:24,207825
DA:25,0
DA:26,918
DA:27,34
DA:28,884
DA:30,3162
DA:31,3162
DA:32,3162
DA:33,3162
DA:34,12563
DA:35,1275
DA:36,1275
DA:37,1275
DA:38,8126
DA:39,8126
DA:40,8126
DA:42,3162
DA:43,1139
DA:44,2023
DA:46,3162
DA:47,3094
DA:49,68
DA:53,2686
DA:54,2686
DA:55,2686
DA:56,2686
DA:57,8483
DA:58,2550
DA:59,2550
DA:60,2550
DA:61,3247
DA:62,3247
DA:63,3247
DA:66,2686
DA:67,187
DA:68,2499
DA:69,2499
DA:70,2499
DA:71,2499
DA:72,2499
DA:73,2499
DA:76,0
DA:77,0
DA:78,0
DA:79,0
DA:80,0
DA:82,0
DA:84,2499
DA:86,2465
DA:89,34
DA:93,102
DA:94,102
DA:95,102
DA:96,102
DA:97,306
DA:98,0
DA:99,0
DA:100,0
DA:101,0
DA:102,0
DA:103,0
DA:105,0
DA:108,0
DA:110,204
DA:111,204
DA:112,204
DA:115,102
DA:116,0
DA:117,102
DA:119,102
DA:120,102
DA:122,0
DA:126,68
DA:127,68
DA:128,68
DA:129,68
DA:130,204
DA:131,17
DA:132,17
DA:133,17
DA:134,0
DA:135,0
DA:136,0
DA:138,0
DA:141,17
DA:143,119
DA:144,119
DA:145,119
DA:148,68
DA:149,17
DA:150,51
DA:152,68
DA:153,68
DA:155,0
DA:158,5780
DA:159,16388
DA:160,16388
DA:161,16388
DA:162,16388
DA:163,16388
DA:164,62696
DA:165,34
DA:166,34
DA:167,34
DA:168,34
DA:169,34
DA:170,34
DA:171,0
DA:172,34
DA:173,46274
DA:174,46274
DA:175,46274
DA:179,16388
DA:180,68
DA:181,16320
DA:182,16320
DA:183,16320
DA:184,16320
DA:185,0
DA:186,16320
DA:187,16320
DA:188,16320
DA:189,16286
DA:190,34
DA:191,34
DA:192,34
DA:194,8687
DA:195,8687
DA:196,8687
DA:197,24820
DA:198,272
DA:199,272
DA:200,272
DA:201,0
DA:202,0
DA:203,0
DA:204,0
DA:205,272
DA:206,15861
DA:207,15861
DA:208,15861
DA:211,8687
DA:212,8415
DA:214,272
DA:215,272
DA:216,272
DA:221,12631
DA:222,12631
DA:223,12631
DA:224,6647
DA:225,5984
DA:226,5984
DA:227,5984
DA:228,5984
DA:229,53890
DA:230,119
DA:231,119
DA:232,119
DA:233,0
DA:234,0
DA:235,0
DA:236,0
DA:237,119
DA:238,47787
DA:239,47787
DA:240,47787
DA:243,5984
DA:244,5865
DA:246,119
DA:247,0
DA:248,119
DA:249,119
DA:250,119
DA:251,119
DA:254,20791
DA:255,34
DA:256,34
DA:258,34
DA:261,0
DA:263,20757
DA:264,20757
DA:265,20757
DA:266,20757
DA:267,20757
DA:268,20757
DA:269,20757
DA:270,20757
DA:271,20757
DA:272,34
DA:273,20723
DA:274,20723
DA:275,20723
DA:277,38199
DA:278,8109
DA:279,1768
DA:280,23732
DA:281,34
DA:282,1989
DA:283,9248
DA:284,4794
DA:285,0
DA:286,0
DA:289,0
DA:290,0
DA:291,0
DA:292,0
DA:293,0
DA:294,0
DA:298,0
DA:300,1972
DA:301,2414
DA:302,3740
DA:303,10829
DA:304,170
DA:305,374
DA:306,85
DA:310,289
DA:311,4352
DA:312,119
DA:313,153
DA:314,1581
DA:315,1632
DA:316,340
DA:317,272
DA:318,170
DA:319,1955
DA:320,4590
DA:321,289
DA:322,12325
DA:323,9044
DA:325,425731
DA:336,16388
DA:337,16388
DA:338,16388
DA:339,16388
DA:340,16388
DA:341,16388
DA:342,16388
DA:343,16388
DA:344,16388
DA:346,46274
DA:347,46274
DA:351,18360
DA:352,3468
DA:353,14892
DA:354,14892
DA:355,14892
DA:356,27914
DA:360,26010
DA:361,26010
DA:362,34
DA:363,25976
DA:367,16354
DA:368,3315
DA:369,34
DA:370,3281
DA:373,16320
DA:374,16388
LF:261
LH:218
end_of_record
SF:crates/conjure_core/src/rule_engine/rewrite.rs
FN:205,conjure_core::rule_engine::rewrite::rewrite_iteration
FN:276,conjure_core::rule_engine::rewrite::apply_all_rules
FN:102,conjure_core::rule_engine::rewrite::rewrite_model
FN:146,conjure_core::rule_engine::rewrite::is_vec_bool
FN:344,conjure_core::rule_engine::rewrite::choose_rewrite::{closure#0}
FN:344,conjure_core::rule_engine::rewrite::choose_rewrite::{closure#0}
FN:237,conjure_core::rule_engine::rewrite::rewrite_iteration::{closure#0}
FN:337,conjure_core::rule_engine::rewrite::choose_rewrite
FN:237,conjure_core::rule_engine::rewrite::rewrite_iteration::{closure#0}
FN:146,conjure_core::rule_engine::rewrite::is_vec_bool
FN:205,conjure_core::rule_engine::rewrite::rewrite_iteration
FN:149,conjure_core::rule_engine::rewrite::is_vec_bool::{closure#0}
FN:337,conjure_core::rule_engine::rewrite::choose_rewrite
FN:16,conjure_core::rule_engine::rewrite::optimizations_enabled
FN:102,conjure_core::rule_engine::rewrite::rewrite_model
FN:16,conjure_core::rule_engine::rewrite::optimizations_enabled
FN:149,conjure_core::rule_engine::rewrite::is_vec_bool::{closure#0}
FN:276,conjure_core::rule_engine::rewrite::apply_all_rules
FNDA:1,conjure_core::rule_engine::rewrite::rewrite_iteration
FNDA:1,conjure_core::rule_engine::rewrite::apply_all_rules
FNDA:0,conjure_core::rule_engine::rewrite::rewrite_model
FNDA:0,conjure_core::rule_engine::rewrite::is_vec_bool
FNDA:0,conjure_core::rule_engine::rewrite::choose_rewrite::{closure#0}
FNDA:0,conjure_core::rule_engine::rewrite::choose_rewrite::{closure#0}
FNDA:0,conjure_core::rule_engine::rewrite::rewrite_iteration::{closure#0}
FNDA:1,conjure_core::rule_engine::rewrite::choose_rewrite
FNDA:0,conjure_core::rule_engine::rewrite::rewrite_iteration::{closure#0}
FNDA:0,conjure_core::rule_engine::rewrite::is_vec_bool
FNDA:0,conjure_core::rule_engine::rewrite::rewrite_iteration
FNDA:0,conjure_core::rule_engine::rewrite::is_vec_bool::{closure#0}
FNDA:0,conjure_core::rule_engine::rewrite::choose_rewrite
FNDA:0,conjure_core::rule_engine::rewrite::optimizations_enabled
FNDA:1,conjure_core::rule_engine::rewrite::rewrite_model
FNDA:1,conjure_core::rule_engine::rewrite::optimizations_enabled
FNDA:0,conjure_core::rule_engine::rewrite::is_vec_bool::{closure#0}
FNDA:0,conjure_core::rule_engine::rewrite::apply_all_rules
FNF:18
FNH:5
BRF:0
BRH:0
DA:16,34
DA:17,34
DA:18,0
DA:19,34
DA:21,34
DA:102,17
DA:103,17
DA:104,17
DA:105,17
DA:106,17
DA:107,17
DA:108,17
DA:109,17
DA:110,17
DA:111,17
DA:112,17
DA:113,17
DA:114,17
DA:115,17
DA:116,17
DA:117,17
DA:118,17
DA:119,17
DA:120,17
DA:121,17
DA:122,34
DA:123,17
DA:124,17
DA:125,17
DA:126,17
DA:127,17
DA:128,17
DA:129,17
DA:130,0
DA:131,0
DA:132,0
DA:136,17
DA:139,17
DA:140,17
DA:141,17
DA:142,17
DA:146,0
DA:147,0
DA:148,0
DA:149,0
DA:150,0
DA:205,51
DA:206,51
DA:207,51
DA:208,51
DA:209,51
DA:210,51
DA:211,51
DA:212,51
DA:214,0
DA:215,51
DA:216,51
DA:217,51
DA:218,51
DA:219,51
DA:220,51
DA:221,51
DA:223,0
DA:224,0
DA:225,51
DA:226,51
DA:227,51
DA:228,51
DA:229,34
DA:230,0
DA:231,0
DA:232,0
DA:233,34
DA:236,51
DA:237,0
DA:238,0
DA:239,0
DA:240,51
DA:241,51
DA:242,51
DA:276,51
DA:277,51
DA:278,51
DA:279,51
DA:280,51
DA:281,51
DA:282,51
DA:283,2601
DA:284,2550
DA:285,2550
DA:286,2550
DA:288,0
DA:289,0
DA:290,0
DA:291,0
DA:292,0
DA:293,0
DA:294,0
DA:295,0
DA:296,0
DA:297,0
DA:298,0
DA:299,0
DA:300,0
DA:302,2550
DA:303,0
DA:308,2550
DA:309,2550
DA:310,2550
DA:314,51
DA:315,51
DA:337,51
DA:338,51
DA:339,51
DA:340,51
DA:341,51
DA:342,51
DA:343,0
DA:344,0
DA:345,0
DA:346,0
DA:348,0
DA:349,0
DA:350,0
DA:351,0
DA:352,0
DA:353,0
DA:354,0
DA:355,0
DA:356,0
DA:357,0
DA:359,0
DA:360,0
DA:361,0
DA:362,0
DA:365,0
DA:367,0
DA:368,0
DA:369,0
DA:370,0
DA:371,0
DA:372,0
DA:373,0
DA:374,0
DA:375,0
DA:376,0
DA:377,0
DA:378,0
DA:379,0
DA:380,0
DA:382,0
DA:383,51
DA:384,51
DA:385,51
DA:386,51
LF:155
LH:89
end_of_record
SF:conjure_oxide/src/utils/json.rs
FN:7,conjure_oxide::utils::json::json_value_cmp
FN:7,conjure_oxide::utils::json::json_value_cmp
FN:68,conjure_oxide::utils::json::sort_json_object::{closure#2}
FN:53,conjure_oxide::utils::json::sort_json_object::{closure#0}
FN:48,conjure_oxide::utils::json::sort_json_object
FN:68,conjure_oxide::utils::json::sort_json_object::{closure#2}
FN:62,conjure_oxide::utils::json::sort_json_object::{closure#1}
FN:32,conjure_oxide::utils::json::sort_json_variables
FN:53,conjure_oxide::utils::json::sort_json_object::{closure#0}
FN:32,conjure_oxide::utils::json::sort_json_variables
FN:48,conjure_oxide::utils::json::sort_json_object
FN:62,conjure_oxide::utils::json::sort_json_object::{closure#1}
FNDA:0,conjure_oxide::utils::json::json_value_cmp
FNDA:1,conjure_oxide::utils::json::json_value_cmp
FNDA:0,conjure_oxide::utils::json::sort_json_object::{closure#2}
FNDA:0,conjure_oxide::utils::json::sort_json_object::{closure#0}
FNDA:1,conjure_oxide::utils::json::sort_json_object
FNDA:1,conjure_oxide::utils::json::sort_json_object::{closure#2}
FNDA:1,conjure_oxide::utils::json::sort_json_object::{closure#1}
FNDA:0,conjure_oxide::utils::json::sort_json_variables
FNDA:1,conjure_oxide::utils::json::sort_json_object::{closure#0}
FNDA:0,conjure_oxide::utils::json::sort_json_variables
FNDA:0,conjure_oxide::utils::json::sort_json_object
FNDA:0,conjure_oxide::utils::json::sort_json_object::{closure#1}
FNF:12
FNH:5
BRF:0
BRH:0
DA:7,307356
DA:8,307356
DA:9,0
DA:10,0
DA:11,0
DA:12,0
DA:13,0
DA:14,0
DA:15,0
DA:17,84
DA:18,84
DA:19,84
DA:20,84
DA:21,84
DA:22,0
DA:24,0
DA:26,307272
DA:28,307356
DA:32,0
DA:33,0
DA:34,0
DA:35,0
DA:36,0
DA:37,0
DA:39,0
DA:41,0
DA:48,1646134
DA:49,1646134
DA:50,610869
DA:51,610869
DA:52,610869
DA:53,1146327
DA:54,1146327
DA:55,0
DA:57,1146327
DA:59,1146327
DA:60,610869
DA:61,610869
DA:62,911288
DA:63,610869
DA:65,197337
DA:66,197337
DA:67,197337
DA:68,490441
DA:69,197337
DA:70,197337
DA:71,197337
DA:72,78183
DA:73,119154
DA:75,197337
DA:77,837928
DA:79,1646134
LF:52
LH:34
end_of_record
SF:crates/conjure_core/src/ast/pretty.rs
FN:56,conjure_core::ast::pretty::pretty_vec::<conjure_core::ast::literals::Literal>::{closure#0}
FN:25,conjure_core::ast::pretty::pretty_expressions_as_top_level::{closure#0}
FN:72,conjure_core::ast::pretty::pretty_variable_declaration
FN:103,conjure_core::ast::pretty::pretty_domain_letting_declaration
FN:103,conjure_core::ast::pretty::pretty_domain_letting_declaration
FN:38,conjure_core::ast::pretty::pretty_expressions_as_conjunction::{closure#0}
FN:55,conjure_core::ast::pretty::pretty_vec::<conjure_core::ast::literals::Literal>
FN:55,conjure_core::ast::pretty::pretty_vec::<conjure_core::ast::expressions::Expression>
FN:56,conjure_core::ast::pretty::pretty_vec::<conjure_core::ast::atom::Atom>::{closure#0}
FN:55,conjure_core::ast::pretty::pretty_vec::<conjure_core::ast::literals::Literal>
FN:55,conjure_core::ast::pretty::pretty_vec::<conjure_core::ast::atom::Atom>
FN:56,conjure_core::ast::pretty::pretty_vec::<conjure_core::ast::expressions::Expression>::{closure#0}
FN:72,conjure_core::ast::pretty::pretty_variable_declaration
FN:56,conjure_core::ast::pretty::pretty_vec::<conjure_core::ast::atom::Atom>::{closure#0}
FN:56,conjure_core::ast::pretty::pretty_vec::<conjure_core::ast::literals::Literal>::{closure#0}
FN:37,conjure_core::ast::pretty::pretty_expressions_as_conjunction
FN:55,conjure_core::ast::pretty::pretty_vec::<conjure_core::ast::expressions::Expression>
FN:56,conjure_core::ast::pretty::pretty_vec::<conjure_core::ast::expressions::Expression>::{closure#0}
FN:88,conjure_core::ast::pretty::pretty_value_letting_declaration
FN:24,conjure_core::ast::pretty::pretty_expressions_as_top_level
FN:37,conjure_core::ast::pretty::pretty_expressions_as_conjunction
FN:55,conjure_core::ast::pretty::pretty_vec::<conjure_core::ast::atom::Atom>
FN:88,conjure_core::ast::pretty::pretty_value_letting_declaration
FN:25,conjure_core::ast::pretty::pretty_expressions_as_top_level::{closure#0}
FN:38,conjure_core::ast::pretty::pretty_expressions_as_conjunction::{closure#0}
FN:24,conjure_core::ast::pretty::pretty_expressions_as_top_level
FNDA:1,conjure_core::ast::pretty::pretty_vec::<conjure_core::ast::literals::Literal>::{closure#0}
FNDA:0,conjure_core::ast::pretty::pretty_expressions_as_top_level::{closure#0}
FNDA:0,conjure_core::ast::pretty::pretty_variable_declaration
FNDA:0,conjure_core::ast::pretty::pretty_domain_letting_declaration
FNDA:1,conjure_core::ast::pretty::pretty_domain_letting_declaration
FNDA:0,conjure_core::ast::pretty::pretty_expressions_as_conjunction::{closure#0}
FNDA:0,conjure_core::ast::pretty::pretty_vec::<conjure_core::ast::literals::Literal>
FNDA:1,conjure_core::ast::pretty::pretty_vec::<conjure_core::ast::expressions::Expression>
FNDA:0,conjure_core::ast::pretty::pretty_vec::<conjure_core::ast::atom::Atom>::{closure#0}
FNDA:1,conjure_core::ast::pretty::pretty_vec::<conjure_core::ast::literals::Literal>
FNDA:1,conjure_core::ast::pretty::pretty_vec::<conjure_core::ast::atom::Atom>
FNDA:1,conjure_core::ast::pretty::pretty_vec::<conjure_core::ast::expressions::Expression>::{closure#0}
FNDA:1,conjure_core::ast::pretty::pretty_variable_declaration
FNDA:1,conjure_core::ast::pretty::pretty_vec::<conjure_core::ast::atom::Atom>::{closure#0}
FNDA:0,conjure_core::ast::pretty::pretty_vec::<conjure_core::ast::literals::Literal>::{closure#0}
FNDA:0,conjure_core::ast::pretty::pretty_expressions_as_conjunction
FNDA:0,conjure_core::ast::pretty::pretty_vec::<conjure_core::ast::expressions::Expression>
FNDA:0,conjure_core::ast::pretty::pretty_vec::<conjure_core::ast::expressions::Expression>::{closure#0}
FNDA:0,conjure_core::ast::pretty::pretty_value_letting_declaration
FNDA:1,conjure_core::ast::pretty::pretty_expressions_as_top_level
FNDA:0,conjure_core::ast::pretty::pretty_expressions_as_conjunction
FNDA:0,conjure_core::ast::pretty::pretty_vec::<conjure_core::ast::atom::Atom>
FNDA:1,conjure_core::ast::pretty::pretty_value_letting_declaration
FNDA:1,conjure_core::ast::pretty::pretty_expressions_as_top_level::{closure#0}
FNDA:0,conjure_core::ast::pretty::pretty_expressions_as_conjunction::{closure#0}
FNDA:0,conjure_core::ast::pretty::pretty_expressions_as_top_level
FNF:26
FNH:11
BRF:0
BRH:0
DA:24,15742
DA:25,66623
DA:26,15742
DA:37,0
DA:38,0
DA:39,0
DA:40,0
DA:41,0
DA:42,0
DA:43,0
DA:44,0
DA:55,79322
DA:56,158474
DA:57,79322
DA:58,79322
DA:59,79322
DA:60,79322
DA:61,79322
DA:72,100215
DA:73,100215
DA:74,100215
DA:75,100215
DA:76,100215
DA:77,100215
DA:88,561
DA:89,561
DA:90,561
DA:91,561
DA:92,561
DA:103,238
DA:104,238
DA:105,238
DA:106,238
DA:107,238
DA:108,238
DA:109,238
DA:110,238
LF:37
LH:29
end_of_record
SF:conjure_oxide/src/defaults.rs
FN:2,conjure_oxide::defaults::get_default_rule_sets
FN:2,conjure_oxide::defaults::get_default_rule_sets
FNDA:1,conjure_oxide::defaults::get_default_rule_sets
FNDA:0,conjure_oxide::defaults::get_default_rule_sets
FNF:2
FNH:1
BRF:0
BRH:0
DA:2,623
DA:3,623
DA:4,623
DA:5,623
DA:6,623
DA:7,623
DA:8,623
LF:7
LH:7
end_of_record
SF:crates/conjure_core/src/rule_engine/resolve_rules.rs
FN:148,conjure_core::rule_engine::resolve_rules::get_rules_grouped::{closure#0}
FN:33,<conjure_core::rule_engine::resolve_rules::RuleData as core::cmp::PartialEq>::eq
FN:165,conjure_core::rule_engine::resolve_rules::resolve_rule_sets
FN:93,conjure_core::rule_engine::resolve_rules::rule_sets_by_names
FN:93,conjure_core::rule_engine::resolve_rules::rule_sets_by_names
FN:63,<conjure_core::rule_engine::resolve_rules::ResolveRulesError as core::fmt::Display>::fmt
FN:77,conjure_core::rule_engine::resolve_rules::get_rule_set
FN:19,<conjure_core::rule_engine::resolve_rules::RuleData as core::fmt::Display>::fmt
FN:42,<conjure_core::rule_engine::resolve_rules::RuleData as core::cmp::PartialOrd>::partial_cmp
FN:77,conjure_core::rule_engine::resolve_rules::get_rule_set
FN:42,<conjure_core::rule_engine::resolve_rules::RuleData as core::cmp::PartialOrd>::partial_cmp
FN:142,conjure_core::rule_engine::resolve_rules::get_rules_grouped
FN:48,<conjure_core::rule_engine::resolve_rules::RuleData as core::cmp::Ord>::cmp
FN:151,conjure_core::rule_engine::resolve_rules::get_rules_grouped::{closure#1}
FN:33,<conjure_core::rule_engine::resolve_rules::RuleData as core::cmp::PartialEq>::eq
FN:115,conjure_core::rule_engine::resolve_rules::get_rules
FN:142,conjure_core::rule_engine::resolve_rules::get_rules_grouped
FN:165,conjure_core::rule_engine::resolve_rules::resolve_rule_sets
FN:48,<conjure_core::rule_engine::resolve_rules::RuleData as core::cmp::Ord>::cmp
FN:148,conjure_core::rule_engine::resolve_rules::get_rules_grouped::{closure#0}
FN:115,conjure_core::rule_engine::resolve_rules::get_rules
FN:151,conjure_core::rule_engine::resolve_rules::get_rules_grouped::{closure#1}
FN:19,<conjure_core::rule_engine::resolve_rules::RuleData as core::fmt::Display>::fmt
FN:63,<conjure_core::rule_engine::resolve_rules::ResolveRulesError as core::fmt::Display>::fmt
FNDA:0,conjure_core::rule_engine::resolve_rules::get_rules_grouped::{closure#0}
FNDA:0,<conjure_core::rule_engine::resolve_rules::RuleData as core::cmp::PartialEq>::eq
FNDA:0,conjure_core::rule_engine::resolve_rules::resolve_rule_sets
FNDA:1,conjure_core::rule_engine::resolve_rules::rule_sets_by_names
FNDA:0,conjure_core::rule_engine::resolve_rules::rule_sets_by_names
FNDA:0,<conjure_core::rule_engine::resolve_rules::ResolveRulesError as core::fmt::Display>::fmt
FNDA:0,conjure_core::rule_engine::resolve_rules::get_rule_set
FNDA:0,<conjure_core::rule_engine::resolve_rules::RuleData as core::fmt::Display>::fmt
FNDA:0,<conjure_core::rule_engine::resolve_rules::RuleData as core::cmp::PartialOrd>::partial_cmp
FNDA:1,conjure_core::rule_engine::resolve_rules::get_rule_set
FNDA:0,<conjure_core::rule_engine::resolve_rules::RuleData as core::cmp::PartialOrd>::partial_cmp
FNDA:0,conjure_core::rule_engine::resolve_rules::get_rules_grouped
FNDA:1,<conjure_core::rule_engine::resolve_rules::RuleData as core::cmp::Ord>::cmp
FNDA:0,conjure_core::rule_engine::resolve_rules::get_rules_grouped::{closure#1}
FNDA:0,<conjure_core::rule_engine::resolve_rules::RuleData as core::cmp::PartialEq>::eq
FNDA:1,conjure_core::rule_engine::resolve_rules::get_rules
FNDA:1,conjure_core::rule_engine::resolve_rules::get_rules_grouped
FNDA:1,conjure_core::rule_engine::resolve_rules::resolve_rule_sets
FNDA:0,<conjure_core::rule_engine::resolve_rules::RuleData as core::cmp::Ord>::cmp
FNDA:1,conjure_core::rule_engine::resolve_rules::get_rules_grouped::{closure#0}
FNDA:0,conjure_core::rule_engine::resolve_rules::get_rules
FNDA:1,conjure_core::rule_engine::resolve_rules::get_rules_grouped::{closure#1}
FNDA:0,<conjure_core::rule_engine::resolve_rules::RuleData as core::fmt::Display>::fmt
FNDA:0,<conjure_core::rule_engine::resolve_rules::ResolveRulesError as core::fmt::Display>::fmt
FNF:24
FNH:8
BRF:0
BRH:0
DA:19,0
DA:20,0
DA:21,0
DA:22,0
DA:23,0
DA:24,0
DA:25,0
DA:33,0
DA:34,0
DA:35,0
DA:42,0
DA:43,0
DA:44,0
DA:48,559606
DA:49,559606
DA:50,150807
DA:51,408799
DA:53,559606
DA:63,0
DA:64,0
DA:65,0
DA:66,0
DA:67,0
DA:77,4590
DA:78,4590
DA:79,4590
DA:80,0
DA:82,4590
DA:93,1564
DA:94,1564
DA:95,1564
DA:96,1564
DA:98,6154
DA:99,4590
DA:100,4590
DA:101,4590
DA:102,4590
DA:105,1564
DA:106,1564
DA:115,1547
DA:116,1547
DA:117,1547
DA:118,1547
DA:119,1547
DA:120,1547
DA:122,7701
DA:123,84915
DA:124,84915
DA:125,84915
DA:126,84915
DA:127,84915
DA:128,84915
DA:129,84915
DA:132,1547
DA:133,1547
DA:142,1530
DA:143,1530
DA:144,1530
DA:145,1530
DA:146,1530
DA:147,1530
DA:148,84065
DA:149,1530
DA:150,1530
DA:151,21420
DA:152,1530
DA:153,1530
DA:154,1530
DA:165,1564
DA:166,1564
DA:167,1564
DA:168,1564
DA:169,1564
DA:170,1564
DA:171,1564
DA:173,1564
DA:174,1564
DA:175,1564
DA:177,1564
DA:178,1564
DA:179,1564
LF:81
LH:62
end_of_record
SF:crates/tree_morph/src/commands.rs
FN:66,<tree_morph::commands::Commands<rust_out::main::_doctest_main_crates_tree_morph_src_commands_rs_28_0::Expr, bool>>::new
FN:79,<tree_morph::commands::Commands<_, _>>::transform
FN:96,<tree_morph::commands::Commands<_, _>>::apply
FN:29,rust_out::main::_doctest_main_crates_tree_morph_src_commands_rs_28_0
FN:42,rust_out::main::_doctest_main_crates_tree_morph_src_commands_rs_28_0::rule::{closure#0}
FN:96,<tree_morph::commands::Commands<mixed_fn_rules::Expr, ()>>::apply
FN:46,rust_out::main::_doctest_main_crates_tree_morph_src_commands_rs_28_0::rule::{closure#1}
FN:66,<tree_morph::commands::Commands<enum_rules::Expr, enum_rules::Meta>>::new
FN:96,<tree_morph::commands::Commands<rust_out::main::_doctest_main_crates_tree_morph_src_rule_rs_111_0::Foo, ()>>::apply
FN:79,<tree_morph::commands::Commands<rust_out::main::_doctest_main_crates_tree_morph_src_commands_rs_28_0::Expr, bool>>::transform
FN:86,<tree_morph::commands::Commands<_, _>>::mut_meta
FN:96,<tree_morph::commands::Commands<shapes::Shape, ()>>::apply
FN:86,<tree_morph::commands::Commands<lambda_calc::Expr, u32>>::mut_meta
FN:66,<tree_morph::commands::Commands<rust_out::main::_doctest_main_crates_tree_morph_src_rule_rs_111_0::Foo, ()>>::new
FN:66,<tree_morph::commands::Commands<lambda_calc::Expr, u32>>::new
FN:96,<tree_morph::commands::Commands<rule_groups::Expr, ()>>::apply
FN:86,<tree_morph::commands::Commands<enum_rules::Expr, enum_rules::Meta>>::mut_meta
FN:96,<tree_morph::commands::Commands<rust_out::main::_doctest_main_crates_tree_morph_src_commands_rs_28_0::Expr, bool>>::apply
FN:66,<tree_morph::commands::Commands<_, _>>::new
FN:66,<tree_morph::commands::Commands<rule_groups::Expr, ()>>::new
FN:66,<tree_morph::commands::Commands<mixed_fn_rules::Expr, ()>>::new
FN:29,rust_out::main
FN:96,<tree_morph::commands::Commands<lambda_calc::Expr, u32>>::apply
FN:86,<tree_morph::commands::Commands<rust_out::main::_doctest_main_crates_tree_morph_src_engine_rs_32_0::Expr, i32>>::mut_meta
FN:66,<tree_morph::commands::Commands<rust_out::main::_doctest_main_crates_tree_morph_src_engine_rs_32_0::Expr, i32>>::new
FN:96,<tree_morph::commands::Commands<rust_out::main::_doctest_main_crates_tree_morph_src_rule_rs_38_0::Term, ()>>::apply
FN:96,<tree_morph::commands::Commands<rust_out::main::_doctest_main_crates_tree_morph_src_engine_rs_32_0::Expr, i32>>::apply
FN:96,<tree_morph::commands::Commands<enum_rules::Expr, enum_rules::Meta>>::apply
FN:66,<tree_morph::commands::Commands<rust_out::main::_doctest_main_crates_tree_morph_src_rule_rs_38_0::Term, ()>>::new
FN:86,<tree_morph::commands::Commands<rust_out::main::_doctest_main_crates_tree_morph_src_commands_rs_28_0::Expr, bool>>::mut_meta
FN:66,<tree_morph::commands::Commands<shapes::Shape, ()>>::new
FN:91,<tree_morph::commands::Commands<_, _>>::clear
FN:41,rust_out::main::_doctest_main_crates_tree_morph_src_commands_rs_28_0::rule
FNDA:1,<tree_morph::commands::Commands<rust_out::main::_doctest_main_crates_tree_morph_src_commands_rs_28_0::Expr, bool>>::new
FNDA:0,<tree_morph::commands::Commands<_, _>>::transform
FNDA:0,<tree_morph::commands::Commands<_, _>>::apply
FNDA:1,rust_out::main::_doctest_main_crates_tree_morph_src_commands_rs_28_0
FNDA:1,rust_out::main::_doctest_main_crates_tree_morph_src_commands_rs_28_0::rule::{closure#0}
FNDA:1,<tree_morph::commands::Commands<mixed_fn_rules::Expr, ()>>::apply
FNDA:1,rust_out::main::_doctest_main_crates_tree_morph_src_commands_rs_28_0::rule::{closure#1}
FNDA:1,<tree_morph::commands::Commands<enum_rules::Expr, enum_rules::Meta>>::new
FNDA:0,<tree_morph::commands::Commands<rust_out::main::_doctest_main_crates_tree_morph_src_rule_rs_111_0::Foo, ()>>::apply
FNDA:1,<tree_morph::commands::Commands<rust_out::main::_doctest_main_crates_tree_morph_src_commands_rs_28_0::Expr, bool>>::transform
FNDA:0,<tree_morph::commands::Commands<_, _>>::mut_meta
FNDA:1,<tree_morph::commands::Commands<shapes::Shape, ()>>::apply
FNDA:1,<tree_morph::commands::Commands<lambda_calc::Expr, u32>>::mut_meta
FNDA:1,<tree_morph::commands::Commands<rust_out::main::_doctest_main_crates_tree_morph_src_rule_rs_111_0::Foo, ()>>::new
FNDA:1,<tree_morph::commands::Commands<lambda_calc::Expr, u32>>::new
FNDA:1,<tree_morph::commands::Commands<rule_groups::Expr, ()>>::apply
FNDA:1,<tree_morph::commands::Commands<enum_rules::Expr, enum_rules::Meta>>::mut_meta
FNDA:1,<tree_morph::commands::Commands<rust_out::main::_doctest_main_crates_tree_morph_src_commands_rs_28_0::Expr, bool>>::apply
FNDA:0,<tree_morph::commands::Commands<_, _>>::new
FNDA:1,<tree_morph::commands::Commands<rule_groups::Expr, ()>>::new
FNDA:1,<tree_morph::commands::Commands<mixed_fn_rules::Expr, ()>>::new
FNDA:1,rust_out::main
FNDA:1,<tree_morph::commands::Commands<lambda_calc::Expr, u32>>::apply
FNDA:1,<tree_morph::commands::Commands<rust_out::main::_doctest_main_crates_tree_morph_src_engine_rs_32_0::Expr, i32>>::mut_meta
FNDA:1,<tree_morph::commands::Commands<rust_out::main::_doctest_main_crates_tree_morph_src_engine_rs_32_0::Expr, i32>>::new
FNDA:1,<tree_morph::commands::Commands<rust_out::main::_doctest_main_crates_tree_morph_src_rule_rs_38_0::Term, ()>>::apply
FNDA:1,<tree_morph::commands::Commands<rust_out::main::_doctest_main_crates_tree_morph_src_engine_rs_32_0::Expr, i32>>::apply
FNDA:1,<tree_morph::commands::Commands<enum_rules::Expr, enum_rules::Meta>>::apply
FNDA:1,<tree_morph::commands::Commands<rust_out::main::_doctest_main_crates_tree_morph_src_rule_rs_38_0::Term, ()>>::new
FNDA:1,<tree_morph::commands::Commands<rust_out::main::_doctest_main_crates_tree_morph_src_commands_rs_28_0::Expr, bool>>::mut_meta
FNDA:1,<tree_morph::commands::Commands<shapes::Shape, ()>>::new
FNDA:0,<tree_morph::commands::Commands<_, _>>::clear
FNDA:1,rust_out::main::_doctest_main_crates_tree_morph_src_commands_rs_28_0::rule
FNF:33
FNH:27
BRF:0
BRH:0
DA:29,1
DA:41,2
DA:42,2
DA:43,1
DA:44,0
DA:45,2
DA:46,2
DA:47,2
DA:48,2
DA:49,1
DA:50,1
DA:52,2
DA:55,1
DA:56,1
DA:57,1
DA:58,1
DA:59,1
DA:60,1
DA:66,114
DA:67,114
DA:68,114
DA:69,114
DA:70,114
DA:79,2
DA:80,2
DA:81,2
DA:86,56
DA:87,56
DA:88,56
DA:91,0
DA:92,0
DA:93,0
DA:96,32
DA:97,54
DA:98,22
DA:99,1
DA:100,21
DA:103,32
DA:104,32
LF:39
LH:35
end_of_record
SF:crates/conjure_core/src/ast/variables.rs
FN:37,<conjure_core::ast::variables::DecisionVariable>::new
FN:49,<conjure_core::ast::variables::DecisionVariable as core::fmt::Display>::fmt
FN:49,<conjure_core::ast::variables::DecisionVariable as core::fmt::Display>::fmt
FN:43,<conjure_core::ast::variables::DecisionVariable as conjure_core::ast::types::Typeable>::return_type
FN:43,<conjure_core::ast::variables::DecisionVariable as conjure_core::ast::types::Typeable>::return_type
FN:37,<conjure_core::ast::variables::DecisionVariable>::new
FNDA:1,<conjure_core::ast::variables::DecisionVariable>::new
FNDA:0,<conjure_core::ast::variables::DecisionVariable as core::fmt::Display>::fmt
FNDA:0,<conjure_core::ast::variables::DecisionVariable as core::fmt::Display>::fmt
FNDA:0,<conjure_core::ast::variables::DecisionVariable as conjure_core::ast::types::Typeable>::return_type
FNDA:0,<conjure_core::ast::variables::DecisionVariable as conjure_core::ast::types::Typeable>::return_type
FNDA:1,<conjure_core::ast::variables::DecisionVariable>::new
FNF:6
FNH:2
BRF:0
BRH:0
DA:37,10492
DA:38,10492
DA:39,10492
DA:43,0
DA:44,0
DA:49,0
DA:50,0
DA:51,0
DA:52,0
DA:53,0
DA:54,0
DA:55,0
DA:56,0
DA:57,0
DA:58,0
DA:60,0
DA:61,0
DA:62,0
DA:65,0
DA:67,0
DA:69,0
LF:21
LH:3
end_of_record
SF:solvers/minion/src/error.rs
FN:47,<minion_rs::error::RuntimeError as core::convert::From<u32>>::from
FN:47,<minion_rs::error::RuntimeError as core::convert::From<u32>>::from
FNDA:0,<minion_rs::error::RuntimeError as core::convert::From<u32>>::from
FNDA:0,<minion_rs::error::RuntimeError as core::convert::From<u32>>::from
FNF:2
FNH:0
BRF:0
BRH:0
DA:47,0
DA:48,0
DA:50,0
DA:51,0
DA:53,0
LF:5
LH:0
end_of_record
SF:crates/conjure_core/src/ast/symbol_table.rs
FN:103,<conjure_core::ast::symbol_table::SymbolTable>::new_inner::{closure#0}
FN:93,<conjure_core::ast::symbol_table::SymbolTable>::new
FN:155,<conjure_core::ast::symbol_table::SymbolTable>::return_type_local
FN:237,<conjure_core::ast::symbol_table::LocalIntoIter as core::iter::traits::iterator::Iterator>::next
FN:76,<<conjure_core::ast::symbol_table::SymbolTable as serde::de::Deserialize>::deserialize::__Visitor as serde::de::Visitor>::visit_seq::<&mut serde::de::value::SeqDeserializer<alloc::vec::into_iter::IntoIter<serde::__private::de::content::Content>, serde_json::error::Error>>::{closure#1}
FN:98,<conjure_core::ast::symbol_table::SymbolTable>::with_parent
FN:123,<conjure_core::ast::symbol_table::SymbolTable>::lookup::{closure#0}
FN:209,<conjure_core::ast::symbol_table::SymbolTable>::parent_mut_unchecked
FN:156,<conjure_core::ast::symbol_table::SymbolTable>::return_type_local::{closure#0}
FN:274,<conjure_core::ast::symbol_table::SymbolTable as conjure_core::ast::serde::HasId>::id
FN:178,<conjure_core::ast::symbol_table::SymbolTable>::extend
FN:170,<conjure_core::ast::symbol_table::SymbolTable>::into_iter_local
FN:353,<conjure_core::ast::symbol_table::SymbolTable as uniplate::traits::Biplate<conjure_core::ast::submodel::SubModel>>::biplate::{closure#0}
FN:178,<conjure_core::ast::symbol_table::SymbolTable>::extend
FN:76,<<conjure_core::ast::symbol_table::SymbolTable as serde::de::Deserialize>::deserialize::__Visitor as serde::de::Visitor>::visit_seq::<_>::{closure#0}
FN:150,<conjure_core::ast::symbol_table::SymbolTable>::return_type
FN:144,<conjure_core::ast::symbol_table::SymbolTable>::update_insert
FN:254,<conjure_core::ast::symbol_table::IntoIter as core::iter::traits::iterator::Iterator>::next
FN:155,<conjure_core::ast::symbol_table::SymbolTable>::return_type_local
FN:123,<conjure_core::ast::symbol_table::SymbolTable>::lookup::{closure#0}
FN:151,<conjure_core::ast::symbol_table::SymbolTable>::return_type::{closure#0}
FN:311,<conjure_core::ast::symbol_table::SymbolTable as uniplate::traits::Uniplate>::uniplate::{closure#0}
FN:126,<conjure_core::ast::symbol_table::SymbolTable>::lookup::{closure#0}::{closure#0}
FN:294,<conjure_core::ast::symbol_table::SymbolTable as core::clone::Clone>::clone::{closure#0}
FN:308,<conjure_core::ast::symbol_table::SymbolTable as uniplate::traits::Uniplate>::uniplate
FN:294,<conjure_core::ast::symbol_table::SymbolTable as core::clone::Clone>::clone::{closure#0}
FN:170,<conjure_core::ast::symbol_table::SymbolTable>::into_iter_local
FN:160,<conjure_core::ast::symbol_table::SymbolTable>::domain
FN:200,<conjure_core::ast::symbol_table::SymbolTable>::gensym
FN:291,<conjure_core::ast::symbol_table::SymbolTable as core::clone::Clone>::clone
FN:122,<conjure_core::ast::symbol_table::SymbolTable>::lookup
FN:156,<conjure_core::ast::symbol_table::SymbolTable>::return_type_local::{closure#0}
FN:200,<conjure_core::ast::symbol_table::SymbolTable>::gensym
FN:302,<conjure_core::ast::symbol_table::SymbolTable as core::default::Default>::default
FN:326,<conjure_core::ast::symbol_table::SymbolTable as uniplate::traits::Biplate<conjure_core::ast::expressions::Expression>>::biplate::{closure#1}
FN:311,<conjure_core::ast::symbol_table::SymbolTable as uniplate::traits::Uniplate>::uniplate::{closure#0}
FN:348,<conjure_core::ast::symbol_table::SymbolTable as uniplate::traits::Biplate<conjure_core::ast::submodel::SubModel>>::biplate
FN:160,<conjure_core::ast::symbol_table::SymbolTable>::domain
FN:220,<conjure_core::ast::symbol_table::SymbolTable as core::iter::traits::collect::IntoIterator>::into_iter
FN:122,<conjure_core::ast::symbol_table::SymbolTable>::lookup
FN:115,<conjure_core::ast::symbol_table::SymbolTable>::lookup_local
FN:102,<conjure_core::ast::symbol_table::SymbolTable>::new_inner
FN:133,<conjure_core::ast::symbol_table::SymbolTable>::insert
FN:326,<conjure_core::ast::symbol_table::SymbolTable as uniplate::traits::Biplate<conjure_core::ast::expressions::Expression>>::biplate::{closure#1}
FN:144,<conjure_core::ast::symbol_table::SymbolTable>::update_insert
FN:102,<conjure_core::ast::symbol_table::SymbolTable>::new_inner
FN:133,<conjure_core::ast::symbol_table::SymbolTable>::insert
FN:274,<conjure_core::ast::symbol_table::SymbolTable as conjure_core::ast::serde::HasId>::id
FN:103,<conjure_core::ast::symbol_table::SymbolTable>::new_inner::{closure#0}
FN:353,<conjure_core::ast::symbol_table::SymbolTable as uniplate::traits::Biplate<conjure_core::ast::submodel::SubModel>>::biplate::{closure#0}
FN:209,<conjure_core::ast::symbol_table::SymbolTable>::parent_mut_unchecked
FN:76,<<conjure_core::ast::symbol_table::SymbolTable as serde::de::Deserialize>::deserialize::__Visitor as serde::de::Visitor>::visit_seq::<&mut serde::de::value::SeqDeserializer<alloc::vec::into_iter::IntoIter<serde::__private::de::content::Content>, serde_json::error::Error>>::{closure#0}
FN:280,<conjure_core::ast::symbol_table::SymbolTable as conjure_core::ast::serde::DefaultWithId>::default_with_id
FN:150,<conjure_core::ast::symbol_table::SymbolTable>::return_type
FN:320,<conjure_core::ast::symbol_table::SymbolTable as uniplate::traits::Biplate<conjure_core::ast::expressions::Expression>>::biplate::{closure#0}
FN:98,<conjure_core::ast::symbol_table::SymbolTable>::with_parent
FN:254,<conjure_core::ast::symbol_table::IntoIter as core::iter::traits::iterator::Iterator>::next
FN:320,<conjure_core::ast::symbol_table::SymbolTable as uniplate::traits::Biplate<conjure_core::ast::expressions::Expression>>::biplate::{closure#0}
FN:76,<<conjure_core::ast::symbol_table::SymbolTable as serde::de::Deserialize>::deserialize::__Visitor as serde::de::Visitor>::visit_seq::<_>::{closure#0}
FN:151,<conjure_core::ast::symbol_table::SymbolTable>::return_type::{closure#0}
FN:220,<conjure_core::ast::symbol_table::SymbolTable as core::iter::traits::collect::IntoIterator>::into_iter
FN:316,<conjure_core::ast::symbol_table::SymbolTable as uniplate::traits::Biplate<conjure_core::ast::expressions::Expression>>::biplate
FN:316,<conjure_core::ast::symbol_table::SymbolTable as uniplate::traits::Biplate<conjure_core::ast::expressions::Expression>>::biplate
FN:126,<conjure_core::ast::symbol_table::SymbolTable>::lookup::{closure#0}::{closure#0}
FN:237,<conjure_core::ast::symbol_table::LocalIntoIter as core::iter::traits::iterator::Iterator>::next
FN:115,<conjure_core::ast::symbol_table::SymbolTable>::lookup_local
FN:291,<conjure_core::ast::symbol_table::SymbolTable as core::clone::Clone>::clone
FN:348,<conjure_core::ast::symbol_table::SymbolTable as uniplate::traits::Biplate<conjure_core::ast::submodel::SubModel>>::biplate
FN:76,<<conjure_core::ast::symbol_table::SymbolTable as serde::de::Deserialize>::deserialize::__Visitor as serde::de::Visitor>::visit_seq::<_>::{closure#1}
FN:302,<conjure_core::ast::symbol_table::SymbolTable as core::default::Default>::default
FN:93,<conjure_core::ast::symbol_table::SymbolTable>::new
FN:308,<conjure_core::ast::symbol_table::SymbolTable as uniplate::traits::Uniplate>::uniplate
FN:76,<<conjure_core::ast::symbol_table::SymbolTable as serde::de::Deserialize>::deserialize::__Visitor as serde::de::Visitor>::visit_seq::<_>::{closure#1}
FN:280,<conjure_core::ast::symbol_table::SymbolTable as conjure_core::ast::serde::DefaultWithId>::default_with_id
FNDA:1,<conjure_core::ast::symbol_table::SymbolTable>::new_inner::{closure#0}
FNDA:1,<conjure_core::ast::symbol_table::SymbolTable>::new
FNDA:0,<conjure_core::ast::symbol_table::SymbolTable>::return_type_local
FNDA:1,<conjure_core::ast::symbol_table::LocalIntoIter as core::iter::traits::iterator::Iterator>::next
FNDA:0,<<conjure_core::ast::symbol_table::SymbolTable as serde::de::Deserialize>::deserialize::__Visitor as serde::de::Visitor>::visit_seq::<&mut serde::de::value::SeqDeserializer<alloc::vec::into_iter::IntoIter<serde::__private::de::content::Content>, serde_json::error::Error>>::{closure#1}
FNDA:0,<conjure_core::ast::symbol_table::SymbolTable>::with_parent
FNDA:1,<conjure_core::ast::symbol_table::SymbolTable>::lookup::{closure#0}
FNDA:1,<conjure_core::ast::symbol_table::SymbolTable>::parent_mut_unchecked
FNDA:0,<conjure_core::ast::symbol_table::SymbolTable>::return_type_local::{closure#0}
FNDA:1,<conjure_core::ast::symbol_table::SymbolTable as conjure_core::ast::serde::HasId>::id
FNDA:0,<conjure_core::ast::symbol_table::SymbolTable>::extend
FNDA:0,<conjure_core::ast::symbol_table::SymbolTable>::into_iter_local
FNDA:0,<conjure_core::ast::symbol_table::SymbolTable as uniplate::traits::Biplate<conjure_core::ast::submodel::SubModel>>::biplate::{closure#0}
FNDA:1,<conjure_core::ast::symbol_table::SymbolTable>::extend
FNDA:0,<<conjure_core::ast::symbol_table::SymbolTable as serde::de::Deserialize>::deserialize::__Visitor as serde::de::Visitor>::visit_seq::<_>::{closure#0}
FNDA:0,<conjure_core::ast::symbol_table::SymbolTable>::return_type
FNDA:1,<conjure_core::ast::symbol_table::SymbolTable>::update_insert
FNDA:1,<conjure_core::ast::symbol_table::IntoIter as core::iter::traits::iterator::Iterator>::next
FNDA:0,<conjure_core::ast::symbol_table::SymbolTable>::return_type_local
FNDA:1,<conjure_core::ast::symbol_table::SymbolTable>::lookup::{closure#0}
FNDA:0,<conjure_core::ast::symbol_table::SymbolTable>::return_type::{closure#0}
FNDA:0,<conjure_core::ast::symbol_table::SymbolTable as uniplate::traits::Uniplate>::uniplate::{closure#0}
FNDA:0,<conjure_core::ast::symbol_table::SymbolTable>::lookup::{closure#0}::{closure#0}
FNDA:0,<conjure_core::ast::symbol_table::SymbolTable as core::clone::Clone>::clone::{closure#0}
FNDA:0,<conjure_core::ast::symbol_table::SymbolTable as uniplate::traits::Uniplate>::uniplate
FNDA:1,<conjure_core::ast::symbol_table::SymbolTable as core::clone::Clone>::clone::{closure#0}
FNDA:1,<conjure_core::ast::symbol_table::SymbolTable>::into_iter_local
FNDA:1,<conjure_core::ast::symbol_table::SymbolTable>::domain
FNDA:1,<conjure_core::ast::symbol_table::SymbolTable>::gensym
FNDA:1,<conjure_core::ast::symbol_table::SymbolTable as core::clone::Clone>::clone
FNDA:1,<conjure_core::ast::symbol_table::SymbolTable>::lookup
FNDA:0,<conjure_core::ast::symbol_table::SymbolTable>::return_type_local::{closure#0}
FNDA:0,<conjure_core::ast::symbol_table::SymbolTable>::gensym
FNDA:0,<conjure_core::ast::symbol_table::SymbolTable as core::default::Default>::default
FNDA:0,<conjure_core::ast::symbol_table::SymbolTable as uniplate::traits::Biplate<conjure_core::ast::expressions::Expression>>::biplate::{closure#1}
FNDA:0,<conjure_core::ast::symbol_table::SymbolTable as uniplate::traits::Uniplate>::uniplate::{closure#0}
FNDA:1,<conjure_core::ast::symbol_table::SymbolTable as uniplate::traits::Biplate<conjure_core::ast::submodel::SubModel>>::biplate
FNDA:1,<conjure_core::ast::symbol_table::SymbolTable>::domain
FNDA:0,<conjure_core::ast::symbol_table::SymbolTable as core::iter::traits::collect::IntoIterator>::into_iter
FNDA:1,<conjure_core::ast::symbol_table::SymbolTable>::lookup
FNDA:1,<conjure_core::ast::symbol_table::SymbolTable>::lookup_local
FNDA:1,<conjure_core::ast::symbol_table::SymbolTable>::new_inner
FNDA:1,<conjure_core::ast::symbol_table::SymbolTable>::insert
FNDA:0,<conjure_core::ast::symbol_table::SymbolTable as uniplate::traits::Biplate<conjure_core::ast::expressions::Expression>>::biplate::{closure#1}
FNDA:0,<conjure_core::ast::symbol_table::SymbolTable>::update_insert
FNDA:1,<conjure_core::ast::symbol_table::SymbolTable>::new_inner
FNDA:1,<conjure_core::ast::symbol_table::SymbolTable>::insert
FNDA:0,<conjure_core::ast::symbol_table::SymbolTable as conjure_core::ast::serde::HasId>::id
FNDA:1,<conjure_core::ast::symbol_table::SymbolTable>::new_inner::{closure#0}
FNDA:0,<conjure_core::ast::symbol_table::SymbolTable as uniplate::traits::Biplate<conjure_core::ast::submodel::SubModel>>::biplate::{closure#0}
FNDA:0,<conjure_core::ast::symbol_table::SymbolTable>::parent_mut_unchecked
FNDA:0,<<conjure_core::ast::symbol_table::SymbolTable as serde::de::Deserialize>::deserialize::__Visitor as serde::de::Visitor>::visit_seq::<&mut serde::de::value::SeqDeserializer<alloc::vec::into_iter::IntoIter<serde::__private::de::content::Content>, serde_json::error::Error>>::{closure#0}
FNDA:0,<conjure_core::ast::symbol_table::SymbolTable as conjure_core::ast::serde::DefaultWithId>::default_with_id
FNDA:0,<conjure_core::ast::symbol_table::SymbolTable>::return_type
FNDA:0,<conjure_core::ast::symbol_table::SymbolTable as uniplate::traits::Biplate<conjure_core::ast::expressions::Expression>>::biplate::{closure#0}
FNDA:0,<conjure_core::ast::symbol_table::SymbolTable>::with_parent
FNDA:0,<conjure_core::ast::symbol_table::IntoIter as core::iter::traits::iterator::Iterator>::next
FNDA:1,<conjure_core::ast::symbol_table::SymbolTable as uniplate::traits::Biplate<conjure_core::ast::expressions::Expression>>::biplate::{closure#0}
FNDA:0,<<conjure_core::ast::symbol_table::SymbolTable as serde::de::Deserialize>::deserialize::__Visitor as serde::de::Visitor>::visit_seq::<_>::{closure#0}
FNDA:0,<conjure_core::ast::symbol_table::SymbolTable>::return_type::{closure#0}
FNDA:1,<conjure_core::ast::symbol_table::SymbolTable as core::iter::traits::collect::IntoIterator>::into_iter
FNDA:1,<conjure_core::ast::symbol_table::SymbolTable as uniplate::traits::Biplate<conjure_core::ast::expressions::Expression>>::biplate
FNDA:0,<conjure_core::ast::symbol_table::SymbolTable as uniplate::traits::Biplate<conjure_core::ast::expressions::Expression>>::biplate
FNDA:0,<conjure_core::ast::symbol_table::SymbolTable>::lookup::{closure#0}::{closure#0}
FNDA:0,<conjure_core::ast::symbol_table::LocalIntoIter as core::iter::traits::iterator::Iterator>::next
FNDA:1,<conjure_core::ast::symbol_table::SymbolTable>::lookup_local
FNDA:0,<conjure_core::ast::symbol_table::SymbolTable as core::clone::Clone>::clone
FNDA:0,<conjure_core::ast::symbol_table::SymbolTable as uniplate::traits::Biplate<conjure_core::ast::submodel::SubModel>>::biplate
FNDA:0,<<conjure_core::ast::symbol_table::SymbolTable as serde::de::Deserialize>::deserialize::__Visitor as serde::de::Visitor>::visit_seq::<_>::{closure#1}
FNDA:0,<conjure_core::ast::symbol_table::SymbolTable as core::default::Default>::default
FNDA:1,<conjure_core::ast::symbol_table::SymbolTable>::new
FNDA:0,<conjure_core::ast::symbol_table::SymbolTable as uniplate::traits::Uniplate>::uniplate
FNDA:0,<<conjure_core::ast::symbol_table::SymbolTable as serde::de::Deserialize>::deserialize::__Visitor as serde::de::Visitor>::visit_seq::<_>::{closure#1}
FNDA:0,<conjure_core::ast::symbol_table::SymbolTable as conjure_core::ast::serde::DefaultWithId>::default_with_id
FNF:74
FNH:30
BRF:0
BRH:0
DA:76,0
DA:93,18044
DA:94,18044
DA:95,18044
DA:98,0
DA:99,0
DA:100,0
DA:102,18044
DA:103,18044
DA:104,18044
DA:105,18044
DA:106,18044
DA:107,18044
DA:108,18044
DA:109,18044
DA:110,18044
DA:115,162407
DA:116,162407
DA:117,162407
DA:122,162407
DA:123,162407
DA:124,120
DA:125,120
DA:126,120
DA:127,162407
DA:128,162407
DA:133,10696
DA:134,10696
DA:135,10696
DA:136,10696
DA:137,10696
DA:139,0
DA:141,10696
DA:144,3768747
DA:145,3768747
DA:146,3768747
DA:147,3768747
DA:150,0
DA:151,0
DA:152,0
DA:155,0
DA:156,0
DA:157,0
DA:160,3321
DA:164,3321
DA:166,3320
DA:167,3321
DA:170,41497
DA:171,41497
DA:172,41497
DA:173,41497
DA:174,41497
DA:178,12410
DA:179,12410
DA:180,1241
DA:181,1241
DA:183,1360
DA:184,1360
DA:185,1360
DA:186,68
DA:187,1292
DA:188,1292
DA:189,1292
DA:190,1292
DA:194,11169
DA:196,12410
DA:197,12410
DA:200,1972
DA:201,1972
DA:202,1972
DA:203,1972
DA:204,1972
DA:209,4539
DA:210,4539
DA:211,4539
DA:220,206601
DA:221,206601
DA:222,206601
DA:223,206601
DA:224,206601
DA:225,206601
DA:237,247180
DA:238,247180
DA:239,247180
DA:254,3976623
DA:255,3976623
DA:260,3976623
DA:261,206601
DA:262,0
DA:263,0
DA:264,0
DA:265,0
DA:266,0
DA:269,3770022
DA:270,3976623
DA:274,4539
DA:275,4539
DA:276,4539
DA:280,0
DA:281,0
DA:282,0
DA:283,0
DA:284,0
DA:285,0
DA:286,0
DA:287,0
DA:291,528564
DA:292,528564
DA:293,528564
DA:294,528564
DA:295,528564
DA:296,528564
DA:297,528564
DA:298,528564
DA:302,0
DA:303,0
DA:304,0
DA:308,0
DA:309,0
DA:310,0
DA:311,0
DA:312,0
DA:316,19890
DA:317,19890
DA:318,19890
DA:319,19890
DA:320,113407
DA:321,19890
DA:322,19890
DA:323,19890
DA:324,19890
DA:325,19890
DA:326,19890
DA:327,0
DA:328,0
DA:331,0
DA:332,0
DA:333,0
DA:334,0
DA:335,0
DA:336,0
DA:337,0
DA:339,0
DA:340,19890
DA:341,19890
DA:342,19890
DA:343,19890
DA:348,18377
DA:349,18377
DA:350,18377
DA:351,18377
DA:352,18377
DA:353,18377
DA:354,0
DA:355,0
DA:356,0
DA:357,18377
DA:358,18377
DA:359,18377
LF:159
LH:114
end_of_record
SF:crates/conjure_core/src/ast/name.rs
FN:17,<conjure_core::ast::name::Name as core::fmt::Display>::fmt
FN:17,<conjure_core::ast::name::Name as core::fmt::Display>::fmt
FNDA:0,<conjure_core::ast::name::Name as core::fmt::Display>::fmt
FNDA:1,<conjure_core::ast::name::Name as core::fmt::Display>::fmt
FNF:2
FNH:1
BRF:0
BRH:0
DA:17,841789
DA:18,841789
DA:19,630666
DA:20,211123
DA:22,841789
LF:5
LH:5
end_of_record
SF:solvers/minion/src/lib.rs
FN:29,rust_out::main::_doctest_main_solvers_minion_src_lib_rs_28_0
FN:40,rust_out::main::_doctest_main_solvers_minion_src_lib_rs_28_0::callback
FN:29,rust_out::main
FNDA:1,rust_out::main::_doctest_main_solvers_minion_src_lib_rs_28_0
FNDA:1,rust_out::main::_doctest_main_solvers_minion_src_lib_rs_28_0::callback
FNDA:1,rust_out::main
FNF:3
FNH:3
BRF:0
BRH:0
DA:29,1
DA:40,1
DA:41,1
DA:42,1
DA:43,1
DA:44,1
DA:47,1
DA:48,1
DA:49,1
DA:50,1
DA:51,1
DA:52,1
DA:53,1
DA:54,1
DA:55,1
DA:56,1
DA:57,1
DA:58,1
DA:59,1
DA:60,1
DA:61,1
DA:62,1
DA:63,1
DA:64,1
DA:65,1
DA:66,1
DA:67,1
DA:68,1
DA:69,1
DA:70,1
DA:71,1
DA:72,1
DA:73,1
DA:74,1
DA:75,1
DA:76,1
DA:77,1
DA:78,1
DA:79,1
DA:80,1
DA:81,1
DA:82,1
DA:83,1
DA:84,1
DA:85,1
DA:86,1
DA:87,1
DA:88,1
DA:89,1
DA:90,1
DA:91,1
DA:92,1
DA:93,1
DA:94,1
DA:95,1
DA:96,1
DA:97,1
DA:98,1
DA:99,1
DA:100,1
DA:101,1
LF:61
LH:61
end_of_record
SF:crates/conjure_core/src/solver/model_modifier.rs
FN:23,<_ as conjure_core::solver::model_modifier::ModelModifier>::add_constraint
FN:27,<_ as conjure_core::solver::model_modifier::ModelModifier>::add_variable
FN:23,<_ as conjure_core::solver::model_modifier::ModelModifier>::add_constraint
FN:27,<_ as conjure_core::solver::model_modifier::ModelModifier>::add_variable
FNDA:0,<_ as conjure_core::solver::model_modifier::ModelModifier>::add_constraint
FNDA:0,<_ as conjure_core::solver::model_modifier::ModelModifier>::add_variable
FNDA:0,<_ as conjure_core::solver::model_modifier::ModelModifier>::add_constraint
FNDA:0,<_ as conjure_core::solver::model_modifier::ModelModifier>::add_variable
FNF:4
FNH:0
BRF:0
BRH:0
DA:23,0
DA:24,0
DA:25,0
DA:27,0
DA:28,0
DA:29,0
LF:6
LH:0
end_of_record
SF:solvers/minion/src/ast.rs
FN:19,<minion_rs::ast::Model>::new
FN:191,<minion_rs::ast::SymbolTable>::get_vartype
FN:196,<minion_rs::ast::SymbolTable>::get_variable_order
FN:175,<minion_rs::ast::SymbolTable>::add_var
FN:191,<minion_rs::ast::SymbolTable>::get_vartype
FN:28,<minion_rs::ast::Model as core::default::Default>::default
FN:163,<minion_rs::ast::SymbolTable>::new
FN:28,<minion_rs::ast::Model as core::default::Default>::default
FN:163,<minion_rs::ast::SymbolTable>::new
FN:19,<minion_rs::ast::Model>::new
FN:200,<minion_rs::ast::SymbolTable>::contains
FN:200,<minion_rs::ast::SymbolTable>::contains
FN:196,<minion_rs::ast::SymbolTable>::get_variable_order
FN:175,<minion_rs::ast::SymbolTable>::add_var
FNDA:0,<minion_rs::ast::Model>::new
FNDA:0,<minion_rs::ast::SymbolTable>::get_vartype
FNDA:1,<minion_rs::ast::SymbolTable>::get_variable_order
FNDA:1,<minion_rs::ast::SymbolTable>::add_var
FNDA:1,<minion_rs::ast::SymbolTable>::get_vartype
FNDA:0,<minion_rs::ast::Model as core::default::Default>::default
FNDA:0,<minion_rs::ast::SymbolTable>::new
FNDA:0,<minion_rs::ast::Model as core::default::Default>::default
FNDA:1,<minion_rs::ast::SymbolTable>::new
FNDA:1,<minion_rs::ast::Model>::new
FNDA:0,<minion_rs::ast::SymbolTable>::contains
FNDA:0,<minion_rs::ast::SymbolTable>::contains
FNDA:0,<minion_rs::ast::SymbolTable>::get_variable_order
FNDA:0,<minion_rs::ast::SymbolTable>::add_var
FNF:14
FNH:5
BRF:0
BRH:0
DA:19,1974
DA:20,1974
DA:21,1974
DA:22,1974
DA:23,1974
DA:24,1974
DA:28,0
DA:29,0
DA:30,0
DA:163,1974
DA:164,1974
DA:165,1974
DA:166,1974
DA:167,1974
DA:168,1974
DA:175,6300
DA:176,6300
DA:177,0
DA:178,6300
DA:179,6300
DA:180,6300
DA:181,6300
DA:182,6300
DA:183,6300
DA:184,6300
DA:191,6300
DA:192,6300
DA:193,6300
DA:196,1974
DA:197,1974
DA:198,1974
DA:200,0
DA:201,0
DA:202,0
LF:34
LH:27
end_of_record
SF:crates/conjure_core/src/rule_engine/rewriter_common.rs
FN:25,conjure_core::rule_engine::rewriter_common::log_rule_application
FN:25,conjure_core::rule_engine::rewriter_common::log_rule_application
FN:112,<conjure_core::rule_engine::rewriter_common::RewriteError as core::convert::From<conjure_core::rule_engine::resolve_rules::ResolveRulesError>>::from
FN:112,<conjure_core::rule_engine::rewriter_common::RewriteError as core::convert::From<conjure_core::rule_engine::resolve_rules::ResolveRulesError>>::from
FNDA:0,conjure_core::rule_engine::rewriter_common::log_rule_application
FNDA:1,conjure_core::rule_engine::rewriter_common::log_rule_application
FNDA:0,<conjure_core::rule_engine::rewriter_common::RewriteError as core::convert::From<conjure_core::rule_engine::resolve_rules::ResolveRulesError>>::from
FNDA:0,<conjure_core::rule_engine::rewriter_common::RewriteError as core::convert::From<conjure_core::rule_engine::resolve_rules::ResolveRulesError>>::from
FNF:4
FNH:1
BRF:0
BRH:0
DA:25,12308
DA:26,12308
DA:27,12308
DA:28,12308
DA:29,12308
DA:30,12308
DA:31,12308
DA:32,12308
DA:33,12308
DA:34,12308
DA:36,0
DA:44,12308
DA:45,11135
DA:47,1173
DA:49,2771
DA:50,1598
DA:51,1598
DA:53,1173
DA:54,1173
DA:55,1173
DA:60,12308
DA:61,12308
DA:63,12308
DA:64,1292
DA:65,1292
DA:66,1292
DA:67,1292
DA:68,1292
DA:69,1292
DA:70,12308
DA:71,11135
DA:73,1173
DA:77,12308
DA:79,12240
DA:88,12308
DA:90,12240
DA:91,12240
DA:92,12240
DA:93,12240
DA:94,12240
DA:95,12240
DA:96,12240
DA:97,12240
DA:98,12240
DA:99,12240
DA:102,12308
DA:112,0
DA:113,0
DA:114,0
LF:49
LH:45
end_of_record
SF:crates/conjure_core/src/rule_engine/rule.rs
FN:193,<conjure_core::rule_engine::rule::Rule as core::cmp::PartialEq>::eq
FN:181,<conjure_core::rule_engine::rule::Rule>::apply
FN:201,<conjure_core::rule_engine::rule::Rule as core::hash::Hash>::hash::<_>
FN:187,<conjure_core::rule_engine::rule::Rule as core::fmt::Display>::fmt
FN:113,<conjure_core::rule_engine::rule::Reduction>::added_symbols::{closure#0}
FN:131,<conjure_core::rule_engine::rule::Reduction>::changed_symbols
FN:181,<conjure_core::rule_engine::rule::Rule>::apply
FN:94,<conjure_core::rule_engine::rule::Reduction>::with_top
FN:85,<conjure_core::rule_engine::rule::Reduction>::with_symbols
FN:131,<conjure_core::rule_engine::rule::Reduction>::changed_symbols
FN:169,<conjure_core::rule_engine::rule::Rule>::new
FN:119,<conjure_core::rule_engine::rule::Reduction>::added_symbols::{closure#1}
FN:103,<conjure_core::rule_engine::rule::Reduction>::apply
FN:76,<conjure_core::rule_engine::rule::Reduction>::pure
FN:67,<conjure_core::rule_engine::rule::Reduction>::new
FN:85,<conjure_core::rule_engine::rule::Reduction>::with_symbols
FN:109,<conjure_core::rule_engine::rule::Reduction>::added_symbols
FN:67,<conjure_core::rule_engine::rule::Reduction>::new
FN:119,<conjure_core::rule_engine::rule::Reduction>::added_symbols::{closure#1}
FN:201,<conjure_core::rule_engine::rule::Rule as core::hash::Hash>::hash::<std::hash::random::DefaultHasher>
FN:48,rust_out::main
FN:103,<conjure_core::rule_engine::rule::Reduction>::apply
FN:109,<conjure_core::rule_engine::rule::Reduction>::added_symbols
FN:113,<conjure_core::rule_engine::rule::Reduction>::added_symbols::{closure#0}
FN:169,<conjure_core::rule_engine::rule::Rule>::new
FN:48,rust_out::main::_doctest_main_crates_conjure_core_src_rule_engine_rule_rs_47_0
FN:76,<conjure_core::rule_engine::rule::Reduction>::pure
FN:187,<conjure_core::rule_engine::rule::Rule as core::fmt::Display>::fmt
FN:94,<conjure_core::rule_engine::rule::Reduction>::with_top
FN:193,<conjure_core::rule_engine::rule::Rule as core::cmp::PartialEq>::eq
FNDA:0,<conjure_core::rule_engine::rule::Rule as core::cmp::PartialEq>::eq
FNDA:1,<conjure_core::rule_engine::rule::Rule>::apply
FNDA:0,<conjure_core::rule_engine::rule::Rule as core::hash::Hash>::hash::<_>
FNDA:0,<conjure_core::rule_engine::rule::Rule as core::fmt::Display>::fmt
FNDA:1,<conjure_core::rule_engine::rule::Reduction>::added_symbols::{closure#0}
FNDA:0,<conjure_core::rule_engine::rule::Reduction>::changed_symbols
FNDA:0,<conjure_core::rule_engine::rule::Rule>::apply
FNDA:0,<conjure_core::rule_engine::rule::Reduction>::with_top
FNDA:0,<conjure_core::rule_engine::rule::Reduction>::with_symbols
FNDA:0,<conjure_core::rule_engine::rule::Reduction>::changed_symbols
FNDA:0,<conjure_core::rule_engine::rule::Rule>::new
FNDA:1,<conjure_core::rule_engine::rule::Reduction>::added_symbols::{closure#1}
FNDA:0,<conjure_core::rule_engine::rule::Reduction>::apply
FNDA:1,<conjure_core::rule_engine::rule::Reduction>::pure
FNDA:0,<conjure_core::rule_engine::rule::Reduction>::new
FNDA:1,<conjure_core::rule_engine::rule::Reduction>::with_symbols
FNDA:1,<conjure_core::rule_engine::rule::Reduction>::added_symbols
FNDA:1,<conjure_core::rule_engine::rule::Reduction>::new
FNDA:0,<conjure_core::rule_engine::rule::Reduction>::added_symbols::{closure#1}
FNDA:1,<conjure_core::rule_engine::rule::Rule as core::hash::Hash>::hash::<std::hash::random::DefaultHasher>
FNDA:1,rust_out::main
FNDA:1,<conjure_core::rule_engine::rule::Reduction>::apply
FNDA:0,<conjure_core::rule_engine::rule::Reduction>::added_symbols
FNDA:0,<conjure_core::rule_engine::rule::Reduction>::added_symbols::{closure#0}
FNDA:0,<conjure_core::rule_engine::rule::Rule>::new
FNDA:1,rust_out::main::_doctest_main_crates_conjure_core_src_rule_engine_rule_rs_47_0
FNDA:0,<conjure_core::rule_engine::rule::Reduction>::pure
FNDA:0,<conjure_core::rule_engine::rule::Rule as core::fmt::Display>::fmt
FNDA:0,<conjure_core::rule_engine::rule::Reduction>::with_top
FNDA:1,<conjure_core::rule_engine::rule::Rule as core::cmp::PartialEq>::eq
FNF:30
FNH:12
BRF:0
BRH:0
DA:48,1
DA:49,1
DA:50,1
DA:67,1734
DA:68,1734
DA:69,1734
DA:70,1734
DA:71,1734
DA:72,1734
DA:73,1734
DA:76,10795
DA:77,10795
DA:78,10795
DA:79,10795
DA:80,10795
DA:81,10795
DA:82,10795
DA:85,17
DA:86,17
DA:87,17
DA:88,17
DA:89,17
DA:90,17
DA:91,17
DA:94,0
DA:95,0
DA:96,0
DA:97,0
DA:98,0
DA:99,0
DA:100,0
DA:103,12308
DA:104,12308
DA:105,12308
DA:106,12308
DA:109,12308
DA:110,12308
DA:111,12308
DA:112,12308
DA:113,88876
DA:114,12308
DA:115,12308
DA:116,12308
DA:117,12308
DA:118,12308
DA:119,12308
DA:120,12308
DA:121,12308
DA:122,12308
DA:123,12308
DA:124,12308
DA:125,12308
DA:126,12308
DA:131,0
DA:132,0
DA:133,0
DA:134,0
DA:135,0
DA:137,0
DA:138,0
DA:139,0
DA:142,0
DA:143,0
DA:144,0
DA:146,0
DA:147,0
DA:169,0
DA:170,0
DA:171,0
DA:172,0
DA:173,0
DA:174,0
DA:175,0
DA:176,0
DA:177,0
DA:178,0
DA:179,0
DA:181,6562
DA:182,6562
DA:183,6562
DA:187,0
DA:188,0
DA:189,0
DA:193,136
DA:194,136
DA:195,136
DA:201,5134
DA:202,5134
DA:203,5134
LF:89
LH:55
end_of_record
SF:crates/conjure_core/src/rule_engine/rule_set.rs
FN:102,<conjure_core::rule_engine::rule_set::RuleSet>::resolve_rules
FN:153,<conjure_core::rule_engine::rule_set::RuleSet as core::cmp::PartialEq>::eq
FN:172,<conjure_core::rule_engine::rule_set::RuleSet as core::fmt::Display>::fmt::{closure#0}
FN:60,<conjure_core::rule_engine::rule_set::RuleSet>::get_rules
FN:95,<conjure_core::rule_engine::rule_set::RuleSet>::with_dependencies
FN:172,<conjure_core::rule_engine::rule_set::RuleSet as core::fmt::Display>::fmt::{closure#0}
FN:153,<conjure_core::rule_engine::rule_set::RuleSet as core::cmp::PartialEq>::eq
FN:127,<conjure_core::rule_engine::rule_set::RuleSet>::resolve_dependencies
FN:102,<conjure_core::rule_engine::rule_set::RuleSet>::resolve_rules
FN:44,<conjure_core::rule_engine::rule_set::RuleSet>::new
FN:161,<conjure_core::rule_engine::rule_set::RuleSet as core::hash::Hash>::hash::<std::hash::random::DefaultHasher>
FN:161,<conjure_core::rule_engine::rule_set::RuleSet as core::hash::Hash>::hash::<_>
FN:44,<conjure_core::rule_engine::rule_set::RuleSet>::new
FN:78,<conjure_core::rule_engine::rule_set::RuleSet>::get_dependencies
FN:95,<conjure_core::rule_engine::rule_set::RuleSet>::with_dependencies
FN:167,<conjure_core::rule_engine::rule_set::RuleSet as core::fmt::Display>::fmt
FN:167,<conjure_core::rule_engine::rule_set::RuleSet as core::fmt::Display>::fmt
FN:78,<conjure_core::rule_engine::rule_set::RuleSet>::get_dependencies
FN:60,<conjure_core::rule_engine::rule_set::RuleSet>::get_rules
FN:127,<conjure_core::rule_engine::rule_set::RuleSet>::resolve_dependencies
FNDA:0,<conjure_core::rule_engine::rule_set::RuleSet>::resolve_rules
FNDA:0,<conjure_core::rule_engine::rule_set::RuleSet as core::cmp::PartialEq>::eq
FNDA:0,<conjure_core::rule_engine::rule_set::RuleSet as core::fmt::Display>::fmt::{closure#0}
FNDA:0,<conjure_core::rule_engine::rule_set::RuleSet>::get_rules
FNDA:1,<conjure_core::rule_engine::rule_set::RuleSet>::with_dependencies
FNDA:0,<conjure_core::rule_engine::rule_set::RuleSet as core::fmt::Display>::fmt::{closure#0}
FNDA:1,<conjure_core::rule_engine::rule_set::RuleSet as core::cmp::PartialEq>::eq
FNDA:0,<conjure_core::rule_engine::rule_set::RuleSet>::resolve_dependencies
FNDA:1,<conjure_core::rule_engine::rule_set::RuleSet>::resolve_rules
FNDA:0,<conjure_core::rule_engine::rule_set::RuleSet>::new
FNDA:1,<conjure_core::rule_engine::rule_set::RuleSet as core::hash::Hash>::hash::<std::hash::random::DefaultHasher>
FNDA:0,<conjure_core::rule_engine::rule_set::RuleSet as core::hash::Hash>::hash::<_>
FNDA:0,<conjure_core::rule_engine::rule_set::RuleSet>::new
FNDA:1,<conjure_core::rule_engine::rule_set::RuleSet>::get_dependencies
FNDA:0,<conjure_core::rule_engine::rule_set::RuleSet>::with_dependencies
FNDA:0,<conjure_core::rule_engine::rule_set::RuleSet as core::fmt::Display>::fmt
FNDA:0,<conjure_core::rule_engine::rule_set::RuleSet as core::fmt::Display>::fmt
FNDA:0,<conjure_core::rule_engine::rule_set::RuleSet>::get_dependencies
FNDA:1,<conjure_core::rule_engine::rule_set::RuleSet>::get_rules
FNDA:1,<conjure_core::rule_engine::rule_set::RuleSet>::resolve_dependencies
FNF:20
FNH:7
BRF:0
BRH:0
DA:44,0
DA:45,0
DA:46,0
DA:47,0
DA:48,0
DA:49,0
DA:50,0
DA:51,0
DA:52,0
DA:53,0
DA:54,0
DA:55,0
DA:56,0
DA:60,6154
DA:61,6154
DA:63,170
DA:64,170
DA:65,170
DA:66,170
DA:67,170
DA:68,170
DA:69,170
DA:71,5984
DA:73,6154
DA:78,6154
DA:79,6154
DA:81,136
DA:82,136
DA:83,136
DA:84,136
DA:85,136
DA:86,136
DA:87,136
DA:89,6018
DA:91,6154
DA:95,1564
DA:96,1564
DA:97,1564
DA:98,1564
DA:99,1564
DA:102,170
DA:103,170
DA:105,9520
DA:106,9350
DA:107,9350
DA:109,16065
DA:110,9350
DA:111,2635
DA:112,2635
DA:113,2635
DA:114,6715
DA:117,9350
DA:118,2635
DA:119,6715
DA:122,170
DA:123,170
DA:127,204
DA:128,204
DA:130,272
DA:131,68
DA:133,0
DA:134,0
DA:135,0
DA:138,68
DA:139,68
DA:140,68
DA:141,68
DA:142,68
DA:143,68
DA:148,204
DA:149,204
DA:153,3094
DA:154,3094
DA:155,3094
DA:161,23018
DA:162,23018
DA:163,23018
DA:167,0
DA:168,0
DA:169,0
DA:170,0
DA:171,0
DA:172,0
DA:173,0
DA:174,0
DA:175,0
DA:176,0
DA:177,0
DA:178,0
DA:179,0
DA:180,0
DA:181,0
DA:182,0
DA:183,0
DA:184,0
LF:95
LH:61
end_of_record
SF:crates/conjure_core/src/parse/parse_model.rs
FN:523,conjure_core::parse::parse_model::parse_constant::{closure#0}
FN:524,conjure_core::parse::parse_model::parse_constant::{closure#1}
FN:28,conjure_core::parse::parse_model::model_from_json
FN:525,conjure_core::parse::parse_model::parse_constant::{closure#2}
FN:523,conjure_core::parse::parse_model::parse_constant::{closure#0}
FN:233,conjure_core::parse::parse_model::parse_domain_value_int::try_parse_positive_int
FN:96,conjure_core::parse::parse_model::parse_variable
FN:384,conjure_core::parse::parse_model::parse_expression::{closure#2}
FN:233,conjure_core::parse::parse_model::parse_domain_value_int::try_parse_positive_int
FN:382,conjure_core::parse::parse_model::parse_expression::{closure#0}
FN:394,conjure_core::parse::parse_model::parse_expression::{closure#5}
FN:458,conjure_core::parse::parse_model::parse_vec_op::{closure#0}
FN:181,conjure_core::parse::parse_model::parse_int_domain
FN:469,conjure_core::parse::parse_model::parse_vec_op::{closure#1}
FN:269,conjure_core::parse::parse_model::parse_domain_value_int::{closure#0}
FN:137,conjure_core::parse::parse_model::parse_letting
FN:383,conjure_core::parse::parse_model::parse_expression::{closure#1}
FN:383,conjure_core::parse::parse_model::parse_expression::{closure#1}
FN:269,conjure_core::parse::parse_model::parse_domain_value_int::{closure#0}
FN:525,conjure_core::parse::parse_model::parse_constant::{closure#2}
FN:490,conjure_core::parse::parse_model::parse_constant
FN:181,conjure_core::parse::parse_model::parse_int_domain
FN:415,conjure_core::parse::parse_model::parse_bin_op
FN:435,conjure_core::parse::parse_model::parse_unary_op
FN:435,conjure_core::parse::parse_model::parse_unary_op
FN:533,conjure_core::parse::parse_model::parse_constant::{closure#3}
FN:446,conjure_core::parse::parse_model::parse_vec_op
FN:384,conjure_core::parse::parse_model::parse_expression::{closure#2}
FN:96,conjure_core::parse::parse_model::parse_variable
FN:277,conjure_core::parse::parse_model::parse_expression
FN:137,conjure_core::parse::parse_model::parse_letting
FN:391,conjure_core::parse::parse_model::parse_expression::{closure#4}
FN:490,conjure_core::parse::parse_model::parse_constant
FN:382,conjure_core::parse::parse_model::parse_expression::{closure#0}
FN:388,conjure_core::parse::parse_model::parse_expression::{closure#3}
FN:230,conjure_core::parse::parse_model::parse_domain_value_int
FN:458,conjure_core::parse::parse_model::parse_vec_op::{closure#0}
FN:388,conjure_core::parse::parse_model::parse_expression::{closure#3}
FN:391,conjure_core::parse::parse_model::parse_expression::{closure#4}
FN:446,conjure_core::parse::parse_model::parse_vec_op
FN:28,conjure_core::parse::parse_model::model_from_json
FN:254,conjure_core::parse::parse_model::parse_domain_value_int::try_parse_negative_int
FN:524,conjure_core::parse::parse_model::parse_constant::{closure#1}
FN:254,conjure_core::parse::parse_model::parse_domain_value_int::try_parse_negative_int
FN:469,conjure_core::parse::parse_model::parse_vec_op::{closure#1}
FN:394,conjure_core::parse::parse_model::parse_expression::{closure#5}
FN:533,conjure_core::parse::parse_model::parse_constant::{closure#3}
FN:415,conjure_core::parse::parse_model::parse_bin_op
FN:230,conjure_core::parse::parse_model::parse_domain_value_int
FN:277,conjure_core::parse::parse_model::parse_expression
FNDA:0,conjure_core::parse::parse_model::parse_constant::{closure#0}
FNDA:1,conjure_core::parse::parse_model::parse_constant::{closure#1}
FNDA:1,conjure_core::parse::parse_model::model_from_json
FNDA:0,conjure_core::parse::parse_model::parse_constant::{closure#2}
FNDA:1,conjure_core::parse::parse_model::parse_constant::{closure#0}
FNDA:1,conjure_core::parse::parse_model::parse_domain_value_int::try_parse_positive_int
FNDA:1,conjure_core::parse::parse_model::parse_variable
FNDA:0,conjure_core::parse::parse_model::parse_expression::{closure#2}
FNDA:0,conjure_core::parse::parse_model::parse_domain_value_int::try_parse_positive_int
FNDA:1,conjure_core::parse::parse_model::parse_expression::{closure#0}
FNDA:1,conjure_core::parse::parse_model::parse_expression::{closure#5}
FNDA:1,conjure_core::parse::parse_model::parse_vec_op::{closure#0}
FNDA:1,conjure_core::parse::parse_model::parse_int_domain
FNDA:0,conjure_core::parse::parse_model::parse_vec_op::{closure#1}
FNDA:1,conjure_core::parse::parse_model::parse_domain_value_int::{closure#0}
FNDA:1,conjure_core::parse::parse_model::parse_letting
FNDA:1,conjure_core::parse::parse_model::parse_expression::{closure#1}
FNDA:0,conjure_core::parse::parse_model::parse_expression::{closure#1}
FNDA:0,conjure_core::parse::parse_model::parse_domain_value_int::{closure#0}
FNDA:1,conjure_core::parse::parse_model::parse_constant::{closure#2}
FNDA:1,conjure_core::parse::parse_model::parse_constant
FNDA:0,conjure_core::parse::parse_model::parse_int_domain
FNDA:1,conjure_core::parse::parse_model::parse_bin_op
FNDA:1,conjure_core::parse::parse_model::parse_unary_op
FNDA:0,conjure_core::parse::parse_model::parse_unary_op
FNDA:0,conjure_core::parse::parse_model::parse_constant::{closure#3}
FNDA:1,conjure_core::parse::parse_model::parse_vec_op
FNDA:1,conjure_core::parse::parse_model::parse_expression::{closure#2}
FNDA:0,conjure_core::parse::parse_model::parse_variable
FNDA:1,conjure_core::parse::parse_model::parse_expression
FNDA:0,conjure_core::parse::parse_model::parse_letting
FNDA:1,conjure_core::parse::parse_model::parse_expression::{closure#4}
FNDA:0,conjure_core::parse::parse_model::parse_constant
FNDA:0,conjure_core::parse::parse_model::parse_expression::{closure#0}
FNDA:1,conjure_core::parse::parse_model::parse_expression::{closure#3}
FNDA:1,conjure_core::parse::parse_model::parse_domain_value_int
FNDA:0,conjure_core::parse::parse_model::parse_vec_op::{closure#0}
FNDA:0,conjure_core::parse::parse_model::parse_expression::{closure#3}
FNDA:0,conjure_core::parse::parse_model::parse_expression::{closure#4}
FNDA:0,conjure_core::parse::parse_model::parse_vec_op
FNDA:0,conjure_core::parse::parse_model::model_from_json
FNDA:1,conjure_core::parse::parse_model::parse_domain_value_int::try_parse_negative_int
FNDA:0,conjure_core::parse::parse_model::parse_constant::{closure#1}
FNDA:0,conjure_core::parse::parse_model::parse_domain_value_int::try_parse_negative_int
FNDA:1,conjure_core::parse::parse_model::parse_vec_op::{closure#1}
FNDA:0,conjure_core::parse::parse_model::parse_expression::{closure#5}
FNDA:0,conjure_core::parse::parse_model::parse_constant::{closure#3}
FNDA:0,conjure_core::parse::parse_model::parse_bin_op
FNDA:0,conjure_core::parse::parse_model::parse_domain_value_int
FNDA:0,conjure_core::parse::parse_model::parse_expression
FNF:50
FNH:24
BRF:0
BRH:0
DA:28,1564
DA:29,1564
DA:30,1564
DA:31,1564
DA:32,1564
DA:33,1564
DA:35,7616
DA:36,6052
DA:37,6052
DA:38,6052
DA:39,6052
DA:40,6052
DA:41,6052
DA:43,6052
DA:44,6052
DA:45,4471
DA:46,4471
DA:47,4471
DA:48,4471
DA:56,4471
DA:57,4471
DA:58,4471
DA:59,4471
DA:60,4471
DA:61,4369
DA:62,4369
DA:63,4369
DA:65,102
DA:66,102
DA:67,102
DA:68,102
DA:70,0
DA:74,4471
DA:75,0
DA:76,4471
DA:78,1581
DA:79,1581
DA:80,1581
DA:84,1581
DA:85,1581
DA:86,1581
DA:93,1564
DA:94,1564
DA:96,4369
DA:97,4369
DA:98,4369
DA:99,4369
DA:100,4369
DA:101,4369
DA:102,4369
DA:104,4369
DA:105,4369
DA:106,4369
DA:107,4369
DA:108,4369
DA:109,4369
DA:110,4369
DA:111,4369
DA:112,4369
DA:113,935
DA:114,34
DA:115,34
DA:116,34
DA:117,34
DA:118,34
DA:119,34
DA:120,34
DA:121,34
DA:122,34
DA:123,34
DA:125,0
DA:127,0
DA:128,0
DA:130,4369
DA:131,4369
DA:132,4369
DA:133,4369
DA:134,4369
DA:135,4369
DA:137,102
DA:138,102
DA:139,102
DA:140,102
DA:141,102
DA:142,102
DA:143,102
DA:144,102
DA:147,102
DA:148,68
DA:149,68
DA:150,68
DA:151,68
DA:152,68
DA:155,34
DA:156,34
DA:157,34
DA:158,34
DA:159,34
DA:160,34
DA:161,34
DA:162,34
DA:164,34
DA:165,34
DA:166,17
DA:167,0
DA:168,0
DA:170,34
DA:171,34
DA:172,34
DA:173,34
DA:174,34
DA:175,34
DA:176,34
DA:177,34
DA:179,102
DA:181,3451
DA:182,3451
DA:183,3451
DA:184,3451
DA:185,3451
DA:186,3451
DA:187,3451
DA:188,6902
DA:189,3451
DA:190,3451
DA:191,3451
DA:192,3451
DA:193,3451
DA:194,3451
DA:195,3451
DA:196,3451
DA:197,3349
DA:198,3349
DA:199,3349
DA:200,3349
DA:201,3349
DA:202,6698
DA:203,6698
DA:204,6698
DA:205,6698
DA:207,3349
DA:209,102
DA:210,102
DA:211,102
DA:212,102
DA:214,0
DA:217,3451
DA:218,3451
DA:230,6800
DA:231,6800
DA:233,7242
DA:234,7242
DA:237,7242
DA:239,6800
DA:240,6800
DA:241,6800
DA:242,6800
DA:245,0
DA:246,0
DA:247,0
DA:248,0
DA:249,0
DA:252,7242
DA:254,442
DA:255,442
DA:256,442
DA:257,442
DA:258,442
DA:259,442
DA:260,442
DA:261,442
DA:262,442
DA:263,442
DA:265,442
DA:266,442
DA:267,442
DA:269,6800
DA:270,6800
DA:277,18700
DA:278,18700
DA:279,18700
DA:280,18700
DA:281,18700
DA:282,18700
DA:283,18700
DA:284,18700
DA:285,18700
DA:286,18700
DA:287,18700
DA:288,18700
DA:289,18700
DA:290,18700
DA:291,18700
DA:292,18700
DA:293,18700
DA:294,18700
DA:295,18700
DA:296,18700
DA:297,18700
DA:298,18700
DA:299,18700
DA:300,18700
DA:301,18700
DA:302,18700
DA:303,18700
DA:304,18700
DA:305,18700
DA:306,18700
DA:307,18700
DA:308,18700
DA:309,18700
DA:310,18700
DA:311,18700
DA:312,18700
DA:313,18700
DA:314,18700
DA:315,18700
DA:316,18700
DA:317,18700
DA:318,18700
DA:319,18700
DA:320,18700
DA:321,18700
DA:322,18700
DA:323,18700
DA:324,18700
DA:325,18700
DA:326,18700
DA:327,18700
DA:328,18700
DA:329,18700
DA:330,18700
DA:331,18700
DA:332,18700
DA:333,18700
DA:334,18700
DA:335,18700
DA:336,18700
DA:337,18700
DA:338,18700
DA:339,18700
DA:340,18700
DA:341,18700
DA:342,18700
DA:343,18700
DA:344,18700
DA:345,18700
DA:346,18700
DA:347,18700
DA:348,18700
DA:349,18700
DA:350,18700
DA:351,18700
DA:352,18700
DA:353,18700
DA:354,18700
DA:355,18700
DA:356,18700
DA:357,18700
DA:358,18700
DA:359,18700
DA:360,18700
DA:361,18700
DA:362,18700
DA:363,18700
DA:364,18700
DA:365,18700
DA:366,18700
DA:367,18700
DA:368,18700
DA:369,18700
DA:370,18700
DA:371,18700
[...]
FN:9,minion_rs::wrappers::get_from_table
FNDA:1,minion_rs::wrappers::get_from_table
FNDA:0,minion_rs::wrappers::get_from_table
FNF:2
FNH:1
BRF:0
BRH:0
DA:9,1932
DA:10,1932
DA:11,1932
DA:12,1932
DA:13,1932
DA:14,1932
DA:15,1932
DA:16,1932
DA:17,1932
DA:18,1932
DA:19,0
DA:20,0
DA:25,1932
DA:26,1932
DA:27,1932
DA:30,1932
LF:16
LH:14
end_of_record
SF:crates/conjure_core/src/rules/normalisers/eq_neq.rs
FN:19,conjure_core::rules::normalisers::eq_neq::negated_neq_to_eq
FN:37,conjure_core::rules::normalisers::eq_neq::negated_eq_to_neq
FN:36,conjure_core::rules::normalisers::eq_neq::CONJURE_GEN_RULE_NEGATED_EQ_TO_NEQ::__typecheck::{closure#0}::{closure#0}
FN:18,conjure_core::rules::normalisers::eq_neq::CONJURE_GEN_RULE_NEGATED_NEQ_TO_EQ::__typecheck::{closure#0}::{closure#0}
FN:18,conjure_core::rules::normalisers::eq_neq::CONJURE_GEN_RULE_NEGATED_NEQ_TO_EQ::__typecheck::{closure#0}::{closure#0}
FN:37,conjure_core::rules::normalisers::eq_neq::negated_eq_to_neq
FN:36,conjure_core::rules::normalisers::eq_neq::CONJURE_GEN_RULE_NEGATED_EQ_TO_NEQ::__typecheck::{closure#0}::{closure#0}
FN:19,conjure_core::rules::normalisers::eq_neq::negated_neq_to_eq
FNDA:0,conjure_core::rules::normalisers::eq_neq::negated_neq_to_eq
FNDA:1,conjure_core::rules::normalisers::eq_neq::negated_eq_to_neq
FNDA:0,conjure_core::rules::normalisers::eq_neq::CONJURE_GEN_RULE_NEGATED_EQ_TO_NEQ::__typecheck::{closure#0}::{closure#0}
FNDA:0,conjure_core::rules::normalisers::eq_neq::CONJURE_GEN_RULE_NEGATED_NEQ_TO_EQ::__typecheck::{closure#0}::{closure#0}
FNDA:0,conjure_core::rules::normalisers::eq_neq::CONJURE_GEN_RULE_NEGATED_NEQ_TO_EQ::__typecheck::{closure#0}::{closure#0}
FNDA:0,conjure_core::rules::normalisers::eq_neq::negated_eq_to_neq
FNDA:0,conjure_core::rules::normalisers::eq_neq::CONJURE_GEN_RULE_NEGATED_EQ_TO_NEQ::__typecheck::{closure#0}::{closure#0}
FNDA:1,conjure_core::rules::normalisers::eq_neq::negated_neq_to_eq
FNF:8
FNH:2
BRF:0
BRH:0
DA:19,294865
DA:20,294865
DA:21,3944
DA:22,136
DA:23,136
DA:25,3808
DA:27,290921
DA:29,294865
DA:37,294865
DA:38,294865
DA:39,3944
DA:40,204
DA:41,102
DA:43,3842
DA:45,290921
DA:47,294865
LF:16
LH:16
end_of_record
SF:crates/conjure_core/src/ast/model.rs
FN:61,<conjure_core::ast::model::Model as conjure_core::ast::types::Typeable>::return_type
FN:184,<conjure_core::ast::model::SerdeModel as core::fmt::Display>::fmt
FN:133,<conjure_core::ast::model::SerdeModel>::initialise
FN:55,<conjure_core::ast::model::Model>::replace_submodel
FN:50,<conjure_core::ast::model::Model>::as_submodel_mut
FN:69,<conjure_core::ast::model::Model as uniplate::traits::Uniplate>::uniplate
FN:37,<conjure_core::ast::model::Model>::new
FN:100,<conjure_core::ast::model::Model as uniplate::traits::Biplate<conjure_core::ast::submodel::SubModel>>::biplate::{closure#0}
FN:115,<conjure_core::ast::model::Model as core::fmt::Display>::fmt
FN:61,<conjure_core::ast::model::Model as conjure_core::ast::types::Typeable>::return_type
FN:100,<conjure_core::ast::model::Model as uniplate::traits::Biplate<conjure_core::ast::submodel::SubModel>>::biplate::{closure#0}
FN:77,<conjure_core::ast::model::Model as uniplate::traits::Biplate<conjure_core::ast::expressions::Expression>>::biplate
FN:45,<conjure_core::ast::model::Model>::as_submodel
FN:72,<conjure_core::ast::model::Model as uniplate::traits::Uniplate>::uniplate::{closure#0}
FN:69,<conjure_core::ast::model::Model as uniplate::traits::Uniplate>::uniplate
FN:84,<conjure_core::ast::model::Model as uniplate::traits::Biplate<conjure_core::ast::expressions::Expression>>::biplate::{closure#0}
FN:96,<conjure_core::ast::model::Model as uniplate::traits::Biplate<conjure_core::ast::submodel::SubModel>>::biplate
FN:50,<conjure_core::ast::model::Model>::as_submodel_mut
FN:37,<conjure_core::ast::model::Model>::new
FN:115,<conjure_core::ast::model::Model as core::fmt::Display>::fmt
FN:84,<conjure_core::ast::model::Model as uniplate::traits::Biplate<conjure_core::ast::expressions::Expression>>::biplate::{closure#0}
FN:176,<conjure_core::ast::model::SerdeModel as core::convert::From<conjure_core::ast::model::Model>>::from
FN:184,<conjure_core::ast::model::SerdeModel as core::fmt::Display>::fmt
FN:133,<conjure_core::ast::model::SerdeModel>::initialise
FN:45,<conjure_core::ast::model::Model>::as_submodel
FN:176,<conjure_core::ast::model::SerdeModel as core::convert::From<conjure_core::ast::model::Model>>::from
FN:77,<conjure_core::ast::model::Model as uniplate::traits::Biplate<conjure_core::ast::expressions::Expression>>::biplate
FN:55,<conjure_core::ast::model::Model>::replace_submodel
FN:72,<conjure_core::ast::model::Model as uniplate::traits::Uniplate>::uniplate::{closure#0}
FN:96,<conjure_core::ast::model::Model as uniplate::traits::Biplate<conjure_core::ast::submodel::SubModel>>::biplate
FNDA:0,<conjure_core::ast::model::Model as conjure_core::ast::types::Typeable>::return_type
FNDA:0,<conjure_core::ast::model::SerdeModel as core::fmt::Display>::fmt
FNDA:1,<conjure_core::ast::model::SerdeModel>::initialise
FNDA:1,<conjure_core::ast::model::Model>::replace_submodel
FNDA:0,<conjure_core::ast::model::Model>::as_submodel_mut
FNDA:0,<conjure_core::ast::model::Model as uniplate::traits::Uniplate>::uniplate
FNDA:1,<conjure_core::ast::model::Model>::new
FNDA:0,<conjure_core::ast::model::Model as uniplate::traits::Biplate<conjure_core::ast::submodel::SubModel>>::biplate::{closure#0}
FNDA:1,<conjure_core::ast::model::Model as core::fmt::Display>::fmt
FNDA:0,<conjure_core::ast::model::Model as conjure_core::ast::types::Typeable>::return_type
FNDA:1,<conjure_core::ast::model::Model as uniplate::traits::Biplate<conjure_core::ast::submodel::SubModel>>::biplate::{closure#0}
FNDA:1,<conjure_core::ast::model::Model as uniplate::traits::Biplate<conjure_core::ast::expressions::Expression>>::biplate
FNDA:1,<conjure_core::ast::model::Model>::as_submodel
FNDA:0,<conjure_core::ast::model::Model as uniplate::traits::Uniplate>::uniplate::{closure#0}
FNDA:0,<conjure_core::ast::model::Model as uniplate::traits::Uniplate>::uniplate
FNDA:0,<conjure_core::ast::model::Model as uniplate::traits::Biplate<conjure_core::ast::expressions::Expression>>::biplate::{closure#0}
FNDA:0,<conjure_core::ast::model::Model as uniplate::traits::Biplate<conjure_core::ast::submodel::SubModel>>::biplate
FNDA:1,<conjure_core::ast::model::Model>::as_submodel_mut
FNDA:0,<conjure_core::ast::model::Model>::new
FNDA:0,<conjure_core::ast::model::Model as core::fmt::Display>::fmt
FNDA:0,<conjure_core::ast::model::Model as uniplate::traits::Biplate<conjure_core::ast::expressions::Expression>>::biplate::{closure#0}
FNDA:0,<conjure_core::ast::model::SerdeModel as core::convert::From<conjure_core::ast::model::Model>>::from
FNDA:0,<conjure_core::ast::model::SerdeModel as core::fmt::Display>::fmt
FNDA:0,<conjure_core::ast::model::SerdeModel>::initialise
FNDA:0,<conjure_core::ast::model::Model>::as_submodel
FNDA:1,<conjure_core::ast::model::SerdeModel as core::convert::From<conjure_core::ast::model::Model>>::from
FNDA:0,<conjure_core::ast::model::Model as uniplate::traits::Biplate<conjure_core::ast::expressions::Expression>>::biplate
FNDA:0,<conjure_core::ast::model::Model>::replace_submodel
FNDA:0,<conjure_core::ast::model::Model as uniplate::traits::Uniplate>::uniplate::{closure#0}
FNDA:1,<conjure_core::ast::model::Model as uniplate::traits::Biplate<conjure_core::ast::submodel::SubModel>>::biplate
FNF:30
FNH:10
BRF:0
BRH:0
DA:37,3128
DA:38,3128
DA:39,3128
DA:40,3128
DA:41,3128
DA:42,3128
DA:45,24089
DA:46,24089
DA:47,24089
DA:50,24157
DA:51,24157
DA:52,24157
DA:55,12308
DA:56,12308
DA:57,12308
DA:61,0
DA:62,0
DA:63,0
DA:69,0
DA:70,0
DA:71,0
DA:72,0
DA:73,0
DA:77,1513
DA:78,1513
DA:79,1513
DA:80,1513
DA:81,1513
DA:82,1513
DA:83,1513
DA:84,1513
DA:85,0
DA:86,0
DA:87,0
DA:88,0
DA:89,1513
DA:90,1513
DA:91,1513
DA:92,1513
DA:96,13838
DA:97,13838
DA:98,13838
DA:99,13838
DA:100,13838
DA:101,12308
DA:102,0
DA:105,12308
DA:106,12308
DA:107,12308
DA:108,13838
DA:109,13838
DA:110,13838
DA:111,13838
DA:115,3026
DA:116,3026
DA:117,3026
DA:133,4539
DA:134,4539
DA:135,4539
DA:136,4539
DA:137,4539
DA:138,4539
DA:139,4539
DA:140,4539
DA:141,4539
DA:142,4539
DA:145,4539
DA:146,4539
DA:147,4539
DA:148,4539
DA:149,4539
DA:150,4539
DA:151,4539
DA:152,4539
DA:156,4539
DA:157,4539
DA:158,4539
DA:161,4539
DA:162,0
DA:163,0
DA:164,0
DA:165,4539
DA:168,4539
DA:169,4539
DA:170,4539
DA:171,4539
DA:172,4539
DA:176,4539
DA:177,4539
DA:178,4539
DA:179,4539
DA:180,4539
DA:184,0
DA:185,0
DA:186,0
LF:95
LH:76
end_of_record
SF:crates/conjure_core/src/stats/mod.rs
FN:20,<conjure_core::stats::Stats>::new
FN:28,<conjure_core::stats::Stats>::add_rewriter_run
FN:28,<conjure_core::stats::Stats>::add_rewriter_run
FN:24,<conjure_core::stats::Stats>::add_solver_run
FN:20,<conjure_core::stats::Stats>::new
FN:24,<conjure_core::stats::Stats>::add_solver_run
FNDA:0,<conjure_core::stats::Stats>::new
FNDA:1,<conjure_core::stats::Stats>::add_rewriter_run
FNDA:0,<conjure_core::stats::Stats>::add_rewriter_run
FNDA:1,<conjure_core::stats::Stats>::add_solver_run
FNDA:0,<conjure_core::stats::Stats>::new
FNDA:0,<conjure_core::stats::Stats>::add_solver_run
FNF:6
FNH:2
BRF:0
BRH:0
DA:20,0
DA:21,0
DA:22,0
DA:24,1496
DA:25,1496
DA:26,1496
DA:28,17
DA:29,17
DA:30,17
LF:9
LH:6
end_of_record
SF:crates/conjure_core/src/metadata.rs
FN:15,<conjure_core::metadata::Metadata>::new
FN:31,<conjure_core::metadata::Metadata as core::fmt::Display>::fmt
FN:22,<conjure_core::metadata::Metadata>::clone_dirty
FN:22,<conjure_core::metadata::Metadata>::clone_dirty
FN:15,<conjure_core::metadata::Metadata>::new
FN:31,<conjure_core::metadata::Metadata as core::fmt::Display>::fmt
FNDA:1,<conjure_core::metadata::Metadata>::new
FNDA:0,<conjure_core::metadata::Metadata as core::fmt::Display>::fmt
FNDA:0,<conjure_core::metadata::Metadata>::clone_dirty
FNDA:1,<conjure_core::metadata::Metadata>::clone_dirty
FNDA:1,<conjure_core::metadata::Metadata>::new
FNDA:0,<conjure_core::metadata::Metadata as core::fmt::Display>::fmt
FNF:6
FNH:3
BRF:0
BRH:0
DA:15,58187
DA:16,58187
DA:17,58187
DA:18,58187
DA:19,58187
DA:20,58187
DA:22,2142
DA:23,2142
DA:24,2142
DA:25,2142
DA:26,2142
DA:27,2142
DA:31,0
DA:32,0
DA:33,0
LF:15
LH:12
end_of_record
SF:conjure_oxide/src/utils/testing.rs
FN:99,conjure_oxide::utils::testing::read_model_json
FN:153,conjure_oxide::utils::testing::save_minion_solutions_json
FN:153,conjure_oxide::utils::testing::save_minion_solutions_json
FN:81,conjure_oxide::utils::testing::save_stats_json
FN:44,conjure_oxide::utils::testing::serialise_model
FN:115,conjure_oxide::utils::testing::minion_solutions_from_json
FN:178,conjure_oxide::utils::testing::read_minion_solutions_json
FN:44,conjure_oxide::utils::testing::serialise_model
FN:192,conjure_oxide::utils::testing::read_rule_trace
FN:217,conjure_oxide::utils::testing::count_and_sort_rules
FN:57,conjure_oxide::utils::testing::save_model_json
FN:253,conjure_oxide::utils::testing::sort_json_rules
FN:23,conjure_oxide::utils::testing::assert_eq_any_order::<_>
FN:23,conjure_oxide::utils::testing::assert_eq_any_order::<_>
FN:264,conjure_oxide::utils::testing::read_human_rule_trace
FN:115,conjure_oxide::utils::testing::minion_solutions_from_json
FN:217,conjure_oxide::utils::testing::count_and_sort_rules
FN:57,conjure_oxide::utils::testing::save_model_json
FN:253,conjure_oxide::utils::testing::sort_json_rules
FN:178,conjure_oxide::utils::testing::read_minion_solutions_json
FN:99,conjure_oxide::utils::testing::read_model_json
FN:264,conjure_oxide::utils::testing::read_human_rule_trace
FN:192,conjure_oxide::utils::testing::read_rule_trace
FN:81,conjure_oxide::utils::testing::save_stats_json
FNDA:0,conjure_oxide::utils::testing::read_model_json
FNDA:1,conjure_oxide::utils::testing::save_minion_solutions_json
FNDA:0,conjure_oxide::utils::testing::save_minion_solutions_json
FNDA:1,conjure_oxide::utils::testing::save_stats_json
FNDA:1,conjure_oxide::utils::testing::serialise_model
FNDA:0,conjure_oxide::utils::testing::minion_solutions_from_json
FNDA:1,conjure_oxide::utils::testing::read_minion_solutions_json
FNDA:0,conjure_oxide::utils::testing::serialise_model
FNDA:1,conjure_oxide::utils::testing::read_rule_trace
FNDA:0,conjure_oxide::utils::testing::count_and_sort_rules
FNDA:0,conjure_oxide::utils::testing::save_model_json
FNDA:0,conjure_oxide::utils::testing::sort_json_rules
FNDA:0,conjure_oxide::utils::testing::assert_eq_any_order::<_>
FNDA:0,conjure_oxide::utils::testing::assert_eq_any_order::<_>
FNDA:0,conjure_oxide::utils::testing::read_human_rule_trace
FNDA:0,conjure_oxide::utils::testing::minion_solutions_from_json
FNDA:1,conjure_oxide::utils::testing::count_and_sort_rules
FNDA:1,conjure_oxide::utils::testing::save_model_json
FNDA:1,conjure_oxide::utils::testing::sort_json_rules
FNDA:0,conjure_oxide::utils::testing::read_minion_solutions_json
FNDA:1,conjure_oxide::utils::testing::read_model_json
FNDA:1,conjure_oxide::utils::testing::read_human_rule_trace
FNDA:0,conjure_oxide::utils::testing::read_rule_trace
FNDA:0,conjure_oxide::utils::testing::save_stats_json
FNF:24
FNH:10
BRF:0
BRH:0
DA:23,0
DA:24,0
DA:26,0
DA:27,0
DA:28,0
DA:29,0
DA:30,0
DA:32,0
DA:33,0
DA:34,0
DA:35,0
DA:36,0
DA:38,0
DA:39,0
DA:40,0
DA:42,0
DA:44,1869
DA:45,1869
DA:46,1869
DA:47,1869
DA:48,1869
DA:49,1869
DA:52,1869
DA:54,1869
DA:55,1869
DA:57,1869
DA:58,1869
DA:59,1869
DA:60,1869
DA:61,1869
DA:62,1869
DA:63,1869
DA:64,1869
DA:66,1869
DA:67,1869
DA:68,1869
DA:69,1869
DA:71,1869
DA:72,0
DA:73,0
DA:74,0
DA:75,0
DA:76,1869
DA:78,1869
DA:79,1869
DA:81,623
DA:82,623
DA:83,623
DA:84,623
DA:85,623
DA:86,623
DA:87,623
DA:88,623
DA:91,623
DA:93,623
DA:94,623
DA:96,623
DA:97,623
DA:99,1869
DA:100,1869
DA:101,1869
DA:102,1869
DA:103,1869
DA:104,1869
DA:105,1869
DA:106,1869
DA:107,1869
DA:108,1869
DA:110,1869
DA:112,1869
DA:113,1869
DA:115,0
DA:116,0
DA:117,0
DA:118,0
DA:120,0
DA:121,0
DA:122,0
DA:124,0
DA:126,0
DA:127,0
DA:128,0
DA:129,0
DA:130,0
DA:132,0
DA:133,0
DA:134,0
DA:135,0
DA:136,0
DA:137,0
DA:138,0
DA:140,0
DA:141,0
DA:144,0
DA:147,0
DA:150,0
DA:151,0
DA:153,616
DA:154,616
DA:155,616
DA:156,616
DA:157,616
DA:158,616
DA:159,616
DA:161,616
DA:163,616
DA:164,616
DA:165,616
DA:166,616
DA:168,616
DA:169,0
DA:170,0
DA:171,0
DA:172,0
DA:173,616
DA:175,616
DA:176,616
DA:178,616
DA:179,616
DA:180,616
DA:181,616
DA:182,616
DA:183,616
DA:184,616
DA:186,616
DA:187,616
DA:189,616
DA:190,616
DA:192,1246
DA:193,1246
DA:194,1246
DA:195,1246
DA:196,1246
DA:197,1246
DA:198,1246
DA:200,1246
DA:201,623
DA:203,623
DA:204,623
DA:207,1246
DA:208,0
DA:209,0
DA:210,0
DA:211,0
DA:212,1246
DA:214,1246
DA:215,1246
DA:217,623
DA:218,623
DA:220,623
DA:221,21
DA:222,21
DA:223,21
DA:224,21
DA:226,602
DA:227,602
DA:229,602
DA:230,602
DA:231,602
DA:233,602
DA:234,602
DA:235,602
DA:236,0
DA:238,602
DA:241,623
DA:243,623
DA:244,623
DA:245,623
DA:246,623
DA:248,623
DA:250,623
DA:251,623
DA:253,602
DA:254,602
DA:256,5040
DA:257,5040
DA:258,5040
DA:261,602
DA:262,602
DA:264,1246
DA:265,1246
DA:266,1246
DA:267,1246
DA:268,1246
DA:269,1246
DA:270,1246
DA:271,1246
DA:272,1246
DA:273,1246
DA:274,1246
DA:275,1246
DA:276,1246
DA:277,1246
DA:278,0
DA:279,0
DA:280,0
DA:281,0
DA:282,1246
DA:284,1246
DA:285,1246
LF:200
LH:141
end_of_record
SF:crates/tree_morph/tests/enum_rules.rs
FN:54,enum_rules::single_var
FN:24,enum_rules::rule_eval_mul
FN:70,enum_rules::add_zero
FN:86,enum_rules::mul_one
FN:102,enum_rules::eval_add
FN:118,enum_rules::eval_nested
FN:14,enum_rules::rule_eval_add
FN:41,<enum_rules::MyRule as tree_morph::rule::Rule<enum_rules::Expr, enum_rules::Meta>>::apply::{closure#0}
FN:40,<enum_rules::MyRule as tree_morph::rule::Rule<enum_rules::Expr, enum_rules::Meta>>::apply
FNDA:1,enum_rules::single_var
FNDA:1,enum_rules::rule_eval_mul
FNDA:1,enum_rules::add_zero
FNDA:1,enum_rules::mul_one
FNDA:1,enum_rules::eval_add
FNDA:1,enum_rules::eval_nested
FNDA:1,enum_rules::rule_eval_add
FNDA:1,<enum_rules::MyRule as tree_morph::rule::Rule<enum_rules::Expr, enum_rules::Meta>>::apply::{closure#0}
FNDA:1,<enum_rules::MyRule as tree_morph::rule::Rule<enum_rules::Expr, enum_rules::Meta>>::apply
FNF:9
FNH:9
BRF:0
BRH:0
DA:14,11
DA:15,11
DA:16,3
DA:17,3
DA:18,0
DA:20,8
DA:22,11
DA:24,11
DA:25,11
DA:26,3
DA:27,2
DA:28,1
DA:30,8
DA:32,11
DA:40,22
DA:41,22
DA:42,22
DA:43,11
DA:44,11
DA:46,22
DA:54,1
DA:55,1
DA:56,1
DA:57,1
DA:58,1
DA:59,1
DA:60,1
DA:61,1
DA:62,1
DA:63,1
DA:64,1
DA:65,1
DA:66,1
DA:67,1
DA:70,1
DA:71,1
DA:72,1
DA:73,1
DA:74,1
DA:75,1
DA:76,1
DA:77,1
DA:78,1
DA:79,1
DA:80,1
DA:81,1
DA:82,1
DA:83,1
DA:86,1
DA:87,1
DA:88,1
DA:89,1
DA:90,1
DA:91,1
DA:92,1
DA:93,1
DA:94,1
DA:95,1
DA:96,1
DA:97,1
DA:98,1
DA:99,1
DA:102,1
DA:103,1
DA:104,1
DA:105,1
DA:106,1
DA:107,1
DA:108,1
DA:109,1
DA:110,1
DA:111,1
DA:112,1
DA:113,1
DA:114,1
DA:115,1
DA:118,1
DA:119,1
DA:120,1
DA:121,1
DA:122,1
DA:123,1
DA:124,1
DA:125,1
DA:126,1
DA:127,1
DA:128,1
DA:129,1
DA:130,1
DA:131,1
DA:132,1
DA:133,1
DA:134,1
LF:93
LH:92
end_of_record
SF:crates/conjure_core/src/ast/domains.rs
FN:117,conjure_core::ast::domains::tests::test_negative_div
FN:46,<conjure_core::ast::domains::Domain>::apply_i32
FN:62,<conjure_core::ast::domains::Domain as core::fmt::Display>::fmt
FN:97,conjure_core::ast::domains::tests::test_negative_product
FN:121,conjure_core::ast::domains::tests::test_negative_div::{closure#0}
FN:88,<conjure_core::ast::domains::Domain as conjure_core::ast::types::Typeable>::return_type
FN:62,<conjure_core::ast::domains::Domain as core::fmt::Display>::fmt
FN:88,<conjure_core::ast::domains::Domain as conjure_core::ast::types::Typeable>::return_type
FN:46,<conjure_core::ast::domains::Domain>::apply_i32
FN:30,<conjure_core::ast::domains::Domain>::values_i32::{closure#0}
FN:30,<conjure_core::ast::domains::Domain>::values_i32::{closure#0}
FN:100,conjure_core::ast::domains::tests::test_negative_product::{closure#0}
FN:25,<conjure_core::ast::domains::Domain>::values_i32
FN:25,<conjure_core::ast::domains::Domain>::values_i32
FNDA:1,conjure_core::ast::domains::tests::test_negative_div
FNDA:1,<conjure_core::ast::domains::Domain>::apply_i32
FNDA:0,<conjure_core::ast::domains::Domain as core::fmt::Display>::fmt
FNDA:1,conjure_core::ast::domains::tests::test_negative_product
FNDA:1,conjure_core::ast::domains::tests::test_negative_div::{closure#0}
FNDA:0,<conjure_core::ast::domains::Domain as conjure_core::ast::types::Typeable>::return_type
FNDA:1,<conjure_core::ast::domains::Domain as core::fmt::Display>::fmt
FNDA:0,<conjure_core::ast::domains::Domain as conjure_core::ast::types::Typeable>::return_type
FNDA:1,<conjure_core::ast::domains::Domain>::apply_i32
FNDA:1,<conjure_core::ast::domains::Domain>::values_i32::{closure#0}
FNDA:1,<conjure_core::ast::domains::Domain>::values_i32::{closure#0}
FNDA:1,conjure_core::ast::domains::tests::test_negative_product::{closure#0}
FNDA:1,<conjure_core::ast::domains::Domain>::values_i32
FNDA:1,<conjure_core::ast::domains::Domain>::values_i32
FNF:14
FNH:11
BRF:0
BRH:0
DA:25,3990
DA:26,3990
DA:27,3989
DA:28,3989
DA:29,3989
DA:30,6420
DA:31,2980
DA:32,3440
DA:33,6420
DA:34,3989
DA:35,3989
DA:36,1
DA:38,3990
DA:46,1995
DA:47,1995
DA:49,1994
DA:50,87537
DA:51,87537
DA:52,82620
DA:53,4917
DA:55,1994
DA:56,1
DA:57,1
DA:58,1995
DA:62,100453
DA:63,100453
DA:65,41956
DA:67,58395
DA:68,58395
DA:69,116790
DA:70,58395
DA:71,391
DA:72,58004
DA:76,58395
DA:77,0
DA:79,58395
DA:82,102
DA:84,100453
DA:88,0
DA:89,0
DA:97,1
DA:98,1
DA:99,1
DA:100,16
DA:101,1
DA:102,1
DA:103,1
DA:104,1
DA:105,1
DA:106,1
DA:107,1
DA:108,1
DA:109,1
DA:110,1
DA:111,1
DA:112,1
DA:113,0
DA:114,1
DA:117,1
DA:118,1
DA:119,1
DA:120,1
DA:121,16
DA:122,1
DA:123,1
DA:124,1
DA:125,1
DA:126,1
DA:127,1
DA:128,1
DA:129,1
DA:130,1
DA:131,1
DA:132,1
DA:133,1
DA:134,1
DA:135,0
DA:136,1
LF:78
LH:73
end_of_record
SF:conjure_oxide/tests/model_tests.rs
FN:9,model_tests::modify_domain
FNDA:1,model_tests::modify_domain
FNF:1
FNH:1
BRF:0
BRH:0
DA:9,1
DA:10,1
DA:11,1
DA:12,1
DA:13,1
DA:14,1
DA:15,1
DA:16,1
DA:17,1
DA:18,1
DA:19,1
DA:20,1
DA:21,1
DA:22,1
DA:23,1
DA:25,1
DA:26,1
DA:27,1
DA:28,1
DA:29,1
DA:30,1
DA:31,1
DA:32,1
LF:23
LH:23
end_of_record
