TN:
SF:crates/conjure_core/src/context.rs
FN:74,<conjure_core::context::Context as core::fmt::Debug>::fmt::{closure#1}
FN:74,<conjure_core::context::Context as core::fmt::Debug>::fmt::{closure#1}
FN:36,<conjure_core::context::Context>::new
FN:70,<conjure_core::context::Context as core::fmt::Debug>::fmt
FN:73,<conjure_core::context::Context as core::fmt::Debug>::fmt::{closure#0}
FN:36,<conjure_core::context::Context>::new
FN:54,<conjure_core::context::Context>::new_ptr
FN:70,<conjure_core::context::Context as core::fmt::Debug>::fmt
FN:73,<conjure_core::context::Context as core::fmt::Debug>::fmt::{closure#0}
FN:70,<conjure_core::context::Context as core::fmt::Debug>::fmt
FN:73,<conjure_core::context::Context as core::fmt::Debug>::fmt::{closure#0}
FN:36,<conjure_core::context::Context>::new
FN:74,<conjure_core::context::Context as core::fmt::Debug>::fmt::{closure#1}
FN:54,<conjure_core::context::Context>::new_ptr
FN:54,<conjure_core::context::Context>::new_ptr
FNDA:0,<conjure_core::context::Context as core::fmt::Debug>::fmt::{closure#1}
FNDA:0,<conjure_core::context::Context as core::fmt::Debug>::fmt::{closure#1}
FNDA:0,<conjure_core::context::Context>::new
FNDA:0,<conjure_core::context::Context as core::fmt::Debug>::fmt
FNDA:0,<conjure_core::context::Context as core::fmt::Debug>::fmt::{closure#0}
FNDA:0,<conjure_core::context::Context>::new
FNDA:0,<conjure_core::context::Context>::new_ptr
FNDA:0,<conjure_core::context::Context as core::fmt::Debug>::fmt
FNDA:0,<conjure_core::context::Context as core::fmt::Debug>::fmt::{closure#0}
FNDA:0,<conjure_core::context::Context as core::fmt::Debug>::fmt
FNDA:0,<conjure_core::context::Context as core::fmt::Debug>::fmt::{closure#0}
FNDA:0,<conjure_core::context::Context>::new
FNDA:0,<conjure_core::context::Context as core::fmt::Debug>::fmt::{closure#1}
FNDA:0,<conjure_core::context::Context>::new_ptr
FNDA:0,<conjure_core::context::Context>::new_ptr
FNF:15
FNH:0
BRF:0
BRH:0
DA:36,0
DA:37,0
DA:38,0
DA:39,0
DA:40,0
DA:41,0
DA:42,0
DA:43,0
DA:44,0
DA:45,0
DA:46,0
DA:47,0
DA:48,0
DA:49,0
DA:50,0
DA:54,0
DA:55,0
DA:56,0
DA:57,0
DA:58,0
DA:59,0
DA:60,0
DA:61,0
DA:62,0
DA:63,0
DA:64,0
DA:65,0
DA:66,0
DA:70,0
DA:71,0
DA:72,0
DA:73,0
DA:74,0
DA:75,0
DA:76,0
DA:77,0
DA:78,0
DA:79,0
DA:80,0
DA:81,0
DA:82,0
DA:83,0
DA:84,0
DA:85,0
DA:86,0
LF:45
LH:0
end_of_record
SF:crates/conjure_core/src/rules/subsitute_lettings.rs
FN:32,conjure_core::rules::subsitute_lettings::CONJURE_GEN_RULE_SUBSTITUTE_DOMAIN_LETTINGS::__typecheck::{closure#0}::{closure#0}
FN:19,conjure_core::rules::subsitute_lettings::CONJURE_GEN_RULE_SUBSTITUTE_VALUE_LETTINGS::__typecheck::{closure#0}::{closure#0}
FN:19,conjure_core::rules::subsitute_lettings::CONJURE_GEN_RULE_SUBSTITUTE_VALUE_LETTINGS::__typecheck::{closure#0}::{closure#0}
FN:20,conjure_core::rules::subsitute_lettings::substitute_value_lettings
FN:19,conjure_core::rules::subsitute_lettings::CONJURE_GEN_RULE_SUBSTITUTE_VALUE_LETTINGS::__typecheck::{closure#0}::{closure#0}
FN:33,conjure_core::rules::subsitute_lettings::substitute_domain_lettings
FN:43,conjure_core::rules::subsitute_lettings::substitute_domain_lettings::{closure#0}
FN:43,conjure_core::rules::subsitute_lettings::substitute_domain_lettings::{closure#0}
FN:32,conjure_core::rules::subsitute_lettings::CONJURE_GEN_RULE_SUBSTITUTE_DOMAIN_LETTINGS::__typecheck::{closure#0}::{closure#0}
FN:33,conjure_core::rules::subsitute_lettings::substitute_domain_lettings
FN:20,conjure_core::rules::subsitute_lettings::substitute_value_lettings
FN:43,conjure_core::rules::subsitute_lettings::substitute_domain_lettings::{closure#0}
FN:20,conjure_core::rules::subsitute_lettings::substitute_value_lettings
FN:32,conjure_core::rules::subsitute_lettings::CONJURE_GEN_RULE_SUBSTITUTE_DOMAIN_LETTINGS::__typecheck::{closure#0}::{closure#0}
FN:33,conjure_core::rules::subsitute_lettings::substitute_domain_lettings
FNDA:0,conjure_core::rules::subsitute_lettings::CONJURE_GEN_RULE_SUBSTITUTE_DOMAIN_LETTINGS::__typecheck::{closure#0}::{closure#0}
FNDA:0,conjure_core::rules::subsitute_lettings::CONJURE_GEN_RULE_SUBSTITUTE_VALUE_LETTINGS::__typecheck::{closure#0}::{closure#0}
FNDA:0,conjure_core::rules::subsitute_lettings::CONJURE_GEN_RULE_SUBSTITUTE_VALUE_LETTINGS::__typecheck::{closure#0}::{closure#0}
FNDA:0,conjure_core::rules::subsitute_lettings::substitute_value_lettings
FNDA:0,conjure_core::rules::subsitute_lettings::CONJURE_GEN_RULE_SUBSTITUTE_VALUE_LETTINGS::__typecheck::{closure#0}::{closure#0}
FNDA:0,conjure_core::rules::subsitute_lettings::substitute_domain_lettings
FNDA:0,conjure_core::rules::subsitute_lettings::substitute_domain_lettings::{closure#0}
FNDA:0,conjure_core::rules::subsitute_lettings::substitute_domain_lettings::{closure#0}
FNDA:0,conjure_core::rules::subsitute_lettings::CONJURE_GEN_RULE_SUBSTITUTE_DOMAIN_LETTINGS::__typecheck::{closure#0}::{closure#0}
FNDA:0,conjure_core::rules::subsitute_lettings::substitute_domain_lettings
FNDA:1,conjure_core::rules::subsitute_lettings::substitute_value_lettings
FNDA:0,conjure_core::rules::subsitute_lettings::substitute_domain_lettings::{closure#0}
FNDA:0,conjure_core::rules::subsitute_lettings::substitute_value_lettings
FNDA:0,conjure_core::rules::subsitute_lettings::CONJURE_GEN_RULE_SUBSTITUTE_DOMAIN_LETTINGS::__typecheck::{closure#0}::{closure#0}
FNDA:1,conjure_core::rules::subsitute_lettings::substitute_domain_lettings
FNF:15
FNH:2
BRF:0
BRH:0
DA:20,399874
DA:21,168321
DA:22,302594
DA:25,97280
DA:26,87248
DA:28,266
DA:29,399874
DA:33,399874
DA:34,399874
DA:35,399874
DA:37,6628074
DA:38,6628074
DA:39,47443
DA:42,6580631
DA:43,95
DA:45,0
DA:46,0
DA:47,0
DA:48,95
DA:49,95
DA:50,95
DA:51,6580536
DA:53,6580631
DA:55,399874
DA:56,76
DA:58,399798
DA:60,399874
LF:27
LH:24
end_of_record
SF:conjure_oxide/src/solve.rs
FN:138,conjure_oxide::solve::parse
FN:138,conjure_oxide::solve::parse
FN:151,conjure_oxide::solve::parse::{closure#0}
FN:109,conjure_oxide::solve::init_context::{closure#0}
FN:179,conjure_oxide::solve::rewrite
FN:109,conjure_oxide::solve::init_context::{closure#0}
FN:128,conjure_oxide::solve::init_context::{closure#1}
FN:50,<conjure_oxide::solve::Args as clap_builder::derive::FromArgMatches>::update_from_arg_matches_mut::{closure#2}
FN:175,conjure_oxide::solve::parse::{closure#2}
FN:179,conjure_oxide::solve::rewrite
FN:49,<conjure_oxide::solve::Args as clap_builder::derive::Args>::augment_args_for_update::{closure#1}
FN:57,conjure_oxide::solve::run_solve_command
FN:45,<conjure_oxide::solve::Args as clap_builder::derive::Args>::augment_args::{closure#0}
FN:124,conjure_oxide::solve::init_context::{closure#6}
FN:200,conjure_oxide::solve::run_solver
FN:151,conjure_oxide::solve::parse::{closure#0}
FN:45,<conjure_oxide::solve::Args as clap_builder::derive::Args>::augment_args_for_update::{closure#0}
FN:46,<conjure_oxide::solve::Args as clap_builder::derive::FromArgMatches>::from_arg_matches_mut::{closure#1}
FN:45,<conjure_oxide::solve::Args as clap_builder::derive::Args>::augment_args_for_update::{closure#0}
FN:45,<conjure_oxide::solve::Args as clap_builder::derive::Args>::augment_args::{closure#0}
FN:50,<conjure_oxide::solve::Args as clap_builder::derive::FromArgMatches>::update_from_arg_matches_mut::{closure#2}
FN:109,conjure_oxide::solve::init_context::{closure#0}
FN:57,conjure_oxide::solve::run_solve_command
FN:57,conjure_oxide::solve::run_solve_command
FN:179,conjure_oxide::solve::rewrite
FN:154,conjure_oxide::solve::parse::{closure#1}
FN:46,<conjure_oxide::solve::Args as clap_builder::derive::FromArgMatches>::from_arg_matches_mut::{closure#1}
FN:49,<conjure_oxide::solve::Args as clap_builder::derive::Args>::augment_args_for_update::{closure#1}
FN:84,conjure_oxide::solve::init_context
FN:175,conjure_oxide::solve::parse::{closure#2}
FN:46,<conjure_oxide::solve::Args as clap_builder::derive::FromArgMatches>::from_arg_matches_mut::{closure#1}
FN:50,<conjure_oxide::solve::Args as clap_builder::derive::FromArgMatches>::from_arg_matches_mut::{closure#2}
FN:128,conjure_oxide::solve::init_context::{closure#1}
FN:124,conjure_oxide::solve::init_context::{closure#6}
FN:35,<conjure_oxide::solve::Args as clap_builder::derive::FromArgMatches>::update_from_arg_matches_mut::{closure#0}
FN:35,<conjure_oxide::solve::Args as clap_builder::derive::FromArgMatches>::from_arg_matches_mut::{closure#0}
FN:128,conjure_oxide::solve::init_context::{closure#1}
FN:49,<conjure_oxide::solve::Args as clap_builder::derive::Args>::augment_args::{closure#1}
FN:49,<conjure_oxide::solve::Args as clap_builder::derive::Args>::augment_args::{closure#1}
FN:124,conjure_oxide::solve::init_context::{closure#6}
FN:50,<conjure_oxide::solve::Args as clap_builder::derive::FromArgMatches>::from_arg_matches_mut::{closure#2}
FN:35,<conjure_oxide::solve::Args as clap_builder::derive::FromArgMatches>::from_arg_matches_mut::{closure#0}
FN:50,<conjure_oxide::solve::Args as clap_builder::derive::FromArgMatches>::update_from_arg_matches_mut::{closure#2}
FN:200,conjure_oxide::solve::run_solver
FN:138,conjure_oxide::solve::parse
FN:50,<conjure_oxide::solve::Args as clap_builder::derive::FromArgMatches>::from_arg_matches_mut::{closure#2}
FN:45,<conjure_oxide::solve::Args as clap_builder::derive::Args>::augment_args_for_update::{closure#0}
FN:84,conjure_oxide::solve::init_context
FN:45,<conjure_oxide::solve::Args as clap_builder::derive::Args>::augment_args::{closure#0}
FN:49,<conjure_oxide::solve::Args as clap_builder::derive::Args>::augment_args_for_update::{closure#1}
FN:151,conjure_oxide::solve::parse::{closure#0}
FN:154,conjure_oxide::solve::parse::{closure#1}
FN:200,conjure_oxide::solve::run_solver
FN:175,conjure_oxide::solve::parse::{closure#2}
FN:35,<conjure_oxide::solve::Args as clap_builder::derive::FromArgMatches>::from_arg_matches_mut::{closure#0}
FN:49,<conjure_oxide::solve::Args as clap_builder::derive::Args>::augment_args::{closure#1}
FN:35,<conjure_oxide::solve::Args as clap_builder::derive::FromArgMatches>::update_from_arg_matches_mut::{closure#0}
FN:154,conjure_oxide::solve::parse::{closure#1}
FN:46,<conjure_oxide::solve::Args as clap_builder::derive::FromArgMatches>::update_from_arg_matches_mut::{closure#1}
FN:46,<conjure_oxide::solve::Args as clap_builder::derive::FromArgMatches>::update_from_arg_matches_mut::{closure#1}
FN:46,<conjure_oxide::solve::Args as clap_builder::derive::FromArgMatches>::update_from_arg_matches_mut::{closure#1}
FN:35,<conjure_oxide::solve::Args as clap_builder::derive::FromArgMatches>::update_from_arg_matches_mut::{closure#0}
FN:84,conjure_oxide::solve::init_context
FNDA:0,conjure_oxide::solve::parse
FNDA:0,conjure_oxide::solve::parse
FNDA:0,conjure_oxide::solve::parse::{closure#0}
FNDA:0,conjure_oxide::solve::init_context::{closure#0}
FNDA:0,conjure_oxide::solve::rewrite
FNDA:0,conjure_oxide::solve::init_context::{closure#0}
FNDA:0,conjure_oxide::solve::init_context::{closure#1}
FNDA:0,<conjure_oxide::solve::Args as clap_builder::derive::FromArgMatches>::update_from_arg_matches_mut::{closure#2}
FNDA:0,conjure_oxide::solve::parse::{closure#2}
FNDA:0,conjure_oxide::solve::rewrite
FNDA:0,<conjure_oxide::solve::Args as clap_builder::derive::Args>::augment_args_for_update::{closure#1}
FNDA:0,conjure_oxide::solve::run_solve_command
FNDA:0,<conjure_oxide::solve::Args as clap_builder::derive::Args>::augment_args::{closure#0}
FNDA:0,conjure_oxide::solve::init_context::{closure#6}
FNDA:0,conjure_oxide::solve::run_solver
FNDA:0,conjure_oxide::solve::parse::{closure#0}
FNDA:0,<conjure_oxide::solve::Args as clap_builder::derive::Args>::augment_args_for_update::{closure#0}
FNDA:0,<conjure_oxide::solve::Args as clap_builder::derive::FromArgMatches>::from_arg_matches_mut::{closure#1}
FNDA:0,<conjure_oxide::solve::Args as clap_builder::derive::Args>::augment_args_for_update::{closure#0}
FNDA:0,<conjure_oxide::solve::Args as clap_builder::derive::Args>::augment_args::{closure#0}
FNDA:0,<conjure_oxide::solve::Args as clap_builder::derive::FromArgMatches>::update_from_arg_matches_mut::{closure#2}
FNDA:0,conjure_oxide::solve::init_context::{closure#0}
FNDA:0,conjure_oxide::solve::run_solve_command
FNDA:0,conjure_oxide::solve::run_solve_command
FNDA:0,conjure_oxide::solve::rewrite
FNDA:0,conjure_oxide::solve::parse::{closure#1}
FNDA:0,<conjure_oxide::solve::Args as clap_builder::derive::FromArgMatches>::from_arg_matches_mut::{closure#1}
FNDA:0,<conjure_oxide::solve::Args as clap_builder::derive::Args>::augment_args_for_update::{closure#1}
FNDA:0,conjure_oxide::solve::init_context
FNDA:0,conjure_oxide::solve::parse::{closure#2}
FNDA:0,<conjure_oxide::solve::Args as clap_builder::derive::FromArgMatches>::from_arg_matches_mut::{closure#1}
FNDA:0,<conjure_oxide::solve::Args as clap_builder::derive::FromArgMatches>::from_arg_matches_mut::{closure#2}
FNDA:0,conjure_oxide::solve::init_context::{closure#1}
FNDA:0,conjure_oxide::solve::init_context::{closure#6}
FNDA:0,<conjure_oxide::solve::Args as clap_builder::derive::FromArgMatches>::update_from_arg_matches_mut::{closure#0}
FNDA:0,<conjure_oxide::solve::Args as clap_builder::derive::FromArgMatches>::from_arg_matches_mut::{closure#0}
FNDA:0,conjure_oxide::solve::init_context::{closure#1}
FNDA:0,<conjure_oxide::solve::Args as clap_builder::derive::Args>::augment_args::{closure#1}
FNDA:0,<conjure_oxide::solve::Args as clap_builder::derive::Args>::augment_args::{closure#1}
FNDA:0,conjure_oxide::solve::init_context::{closure#6}
FNDA:0,<conjure_oxide::solve::Args as clap_builder::derive::FromArgMatches>::from_arg_matches_mut::{closure#2}
FNDA:0,<conjure_oxide::solve::Args as clap_builder::derive::FromArgMatches>::from_arg_matches_mut::{closure#0}
FNDA:0,<conjure_oxide::solve::Args as clap_builder::derive::FromArgMatches>::update_from_arg_matches_mut::{closure#2}
FNDA:0,conjure_oxide::solve::run_solver
FNDA:0,conjure_oxide::solve::parse
FNDA:0,<conjure_oxide::solve::Args as clap_builder::derive::FromArgMatches>::from_arg_matches_mut::{closure#2}
FNDA:0,<conjure_oxide::solve::Args as clap_builder::derive::Args>::augment_args_for_update::{closure#0}
FNDA:0,conjure_oxide::solve::init_context
FNDA:0,<conjure_oxide::solve::Args as clap_builder::derive::Args>::augment_args::{closure#0}
FNDA:0,<conjure_oxide::solve::Args as clap_builder::derive::Args>::augment_args_for_update::{closure#1}
FNDA:0,conjure_oxide::solve::parse::{closure#0}
FNDA:0,conjure_oxide::solve::parse::{closure#1}
FNDA:0,conjure_oxide::solve::run_solver
FNDA:0,conjure_oxide::solve::parse::{closure#2}
FNDA:0,<conjure_oxide::solve::Args as clap_builder::derive::FromArgMatches>::from_arg_matches_mut::{closure#0}
FNDA:0,<conjure_oxide::solve::Args as clap_builder::derive::Args>::augment_args::{closure#1}
FNDA:0,<conjure_oxide::solve::Args as clap_builder::derive::FromArgMatches>::update_from_arg_matches_mut::{closure#0}
FNDA:0,conjure_oxide::solve::parse::{closure#1}
FNDA:0,<conjure_oxide::solve::Args as clap_builder::derive::FromArgMatches>::update_from_arg_matches_mut::{closure#1}
FNDA:0,<conjure_oxide::solve::Args as clap_builder::derive::FromArgMatches>::update_from_arg_matches_mut::{closure#1}
FNDA:0,<conjure_oxide::solve::Args as clap_builder::derive::FromArgMatches>::update_from_arg_matches_mut::{closure#1}
FNDA:0,<conjure_oxide::solve::Args as clap_builder::derive::FromArgMatches>::update_from_arg_matches_mut::{closure#0}
FNDA:0,conjure_oxide::solve::init_context
FNF:63
FNH:0
BRF:0
BRH:0
DA:35,0
DA:45,0
DA:46,0
DA:49,0
DA:50,0
DA:57,0
DA:58,0
DA:63,0
DA:64,0
DA:65,0
DA:67,0
DA:68,0
DA:69,0
DA:70,0
DA:74,0
DA:75,0
DA:76,0
DA:77,0
DA:78,0
DA:79,0
DA:80,0
DA:81,0
DA:84,0
DA:85,0
DA:86,0
DA:87,0
DA:88,0
DA:89,0
DA:90,0
DA:91,0
DA:92,0
DA:94,0
DA:95,0
DA:96,0
DA:99,0
DA:100,0
DA:101,0
DA:102,0
DA:103,0
DA:107,0
DA:108,0
DA:109,0
DA:110,0
DA:111,0
DA:112,0
DA:113,0
DA:114,0
DA:116,0
DA:120,0
DA:121,0
DA:123,0
DA:124,0
DA:126,0
DA:127,0
DA:128,0
DA:129,0
DA:130,0
DA:131,0
DA:132,0
DA:133,0
DA:134,0
DA:135,0
DA:136,0
DA:138,0
DA:139,0
DA:140,0
DA:141,0
DA:142,0
DA:143,0
DA:144,0
DA:145,0
DA:146,0
DA:147,0
DA:148,0
DA:149,0
DA:150,0
DA:151,0
DA:153,0
DA:154,0
DA:156,0
DA:157,0
DA:158,0
DA:159,0
DA:160,0
DA:161,0
DA:163,0
DA:165,0
DA:167,0
DA:169,0
DA:170,0
DA:172,0
DA:175,0
DA:177,0
DA:179,0
DA:180,0
DA:181,0
DA:182,0
DA:183,0
DA:184,0
DA:186,0
DA:188,0
DA:189,0
DA:190,0
DA:191,0
DA:192,0
DA:193,0
DA:194,0
DA:196,0
DA:197,0
DA:198,0
DA:200,0
DA:201,0
DA:202,0
DA:203,0
DA:204,0
DA:205,0
DA:206,0
DA:207,0
DA:208,0
DA:212,0
DA:213,0
DA:215,0
DA:216,0
DA:217,0
DA:218,0
DA:219,0
DA:220,0
DA:221,0
DA:222,0
DA:223,0
DA:224,0
DA:225,0
DA:226,0
DA:230,0
DA:231,0
LF:135
LH:0
end_of_record
SF:crates/conjure_core/src/representations/matrix_to_atom.rs
FN:175,<conjure_core::representations::matrix_to_atom::MatrixToAtom as conjure_core::representation::Representation>::expression_down::{closure#0}
FN:68,<conjure_core::representations::matrix_to_atom::MatrixToAtom>::name_to_indices::{closure#0}
FN:152,<conjure_core::representations::matrix_to_atom::MatrixToAtom as conjure_core::representation::Representation>::value_up::inner::{closure#0}
FN:175,<conjure_core::representations::matrix_to_atom::MatrixToAtom as conjure_core::representation::Representation>::expression_down::{closure#0}
FN:92,<conjure_core::representations::matrix_to_atom::MatrixToAtom as conjure_core::representation::Representation>::init
FN:187,<conjure_core::representations::matrix_to_atom::MatrixToAtom as conjure_core::representation::Representation>::declaration_down::{closure#0}
FN:187,<conjure_core::representations::matrix_to_atom::MatrixToAtom as conjure_core::representation::Representation>::declaration_down::{closure#0}
FN:120,<conjure_core::representations::matrix_to_atom::MatrixToAtom as conjure_core::representation::Representation>::value_down
FN:195,<conjure_core::representations::matrix_to_atom::MatrixToAtom as conjure_core::representation::Representation>::box_clone
FN:92,<conjure_core::representations::matrix_to_atom::MatrixToAtom as conjure_core::representation::Representation>::init
FN:26,<conjure_core::representations::matrix_to_atom::MatrixToAtom>::names
FN:140,<conjure_core::representations::matrix_to_atom::MatrixToAtom as conjure_core::representation::Representation>::value_up::inner
FN:191,<conjure_core::representations::matrix_to_atom::MatrixToAtom as conjure_core::representation::Representation>::repr_name
FN:41,<conjure_core::representations::matrix_to_atom::MatrixToAtom>::name_to_indices
FN:191,<conjure_core::representations::matrix_to_atom::MatrixToAtom as conjure_core::representation::Representation>::repr_name
FN:169,<conjure_core::representations::matrix_to_atom::MatrixToAtom as conjure_core::representation::Representation>::expression_down
FN:116,<conjure_core::representations::matrix_to_atom::MatrixToAtom as conjure_core::representation::Representation>::variable_name
FN:68,<conjure_core::representations::matrix_to_atom::MatrixToAtom>::name_to_indices::{closure#0}
FN:120,<conjure_core::representations::matrix_to_atom::MatrixToAtom as conjure_core::representation::Representation>::value_down
FN:152,<conjure_core::representations::matrix_to_atom::MatrixToAtom as conjure_core::representation::Representation>::value_up::inner::{closure#0}
FN:136,<conjure_core::representations::matrix_to_atom::MatrixToAtom as conjure_core::representation::Representation>::value_up
FN:31,<conjure_core::representations::matrix_to_atom::MatrixToAtom>::indices_to_name
FN:169,<conjure_core::representations::matrix_to_atom::MatrixToAtom as conjure_core::representation::Representation>::expression_down
FN:184,<conjure_core::representations::matrix_to_atom::MatrixToAtom as conjure_core::representation::Representation>::declaration_down
FN:116,<conjure_core::representations::matrix_to_atom::MatrixToAtom as conjure_core::representation::Representation>::variable_name
FN:184,<conjure_core::representations::matrix_to_atom::MatrixToAtom as conjure_core::representation::Representation>::declaration_down
FN:136,<conjure_core::representations::matrix_to_atom::MatrixToAtom as conjure_core::representation::Representation>::value_up
FN:27,<conjure_core::representations::matrix_to_atom::MatrixToAtom>::names::{closure#0}
FN:175,<conjure_core::representations::matrix_to_atom::MatrixToAtom as conjure_core::representation::Representation>::expression_down::{closure#0}
FN:31,<conjure_core::representations::matrix_to_atom::MatrixToAtom>::indices_to_name
FN:27,<conjure_core::representations::matrix_to_atom::MatrixToAtom>::names::{closure#0}
FN:31,<conjure_core::representations::matrix_to_atom::MatrixToAtom>::indices_to_name
FN:187,<conjure_core::representations::matrix_to_atom::MatrixToAtom as conjure_core::representation::Representation>::declaration_down::{closure#0}
FN:191,<conjure_core::representations::matrix_to_atom::MatrixToAtom as conjure_core::representation::Representation>::repr_name
FN:136,<conjure_core::representations::matrix_to_atom::MatrixToAtom as conjure_core::representation::Representation>::value_up
FN:195,<conjure_core::representations::matrix_to_atom::MatrixToAtom as conjure_core::representation::Representation>::box_clone
FN:41,<conjure_core::representations::matrix_to_atom::MatrixToAtom>::name_to_indices
FN:41,<conjure_core::representations::matrix_to_atom::MatrixToAtom>::name_to_indices
FN:195,<conjure_core::representations::matrix_to_atom::MatrixToAtom as conjure_core::representation::Representation>::box_clone
FN:140,<conjure_core::representations::matrix_to_atom::MatrixToAtom as conjure_core::representation::Representation>::value_up::inner
FN:26,<conjure_core::representations::matrix_to_atom::MatrixToAtom>::names
FN:92,<conjure_core::representations::matrix_to_atom::MatrixToAtom as conjure_core::representation::Representation>::init
FN:116,<conjure_core::representations::matrix_to_atom::MatrixToAtom as conjure_core::representation::Representation>::variable_name
FN:120,<conjure_core::representations::matrix_to_atom::MatrixToAtom as conjure_core::representation::Representation>::value_down
FN:26,<conjure_core::representations::matrix_to_atom::MatrixToAtom>::names
FN:27,<conjure_core::representations::matrix_to_atom::MatrixToAtom>::names::{closure#0}
FN:68,<conjure_core::representations::matrix_to_atom::MatrixToAtom>::name_to_indices::{closure#0}
FN:169,<conjure_core::representations::matrix_to_atom::MatrixToAtom as conjure_core::representation::Representation>::expression_down
FN:140,<conjure_core::representations::matrix_to_atom::MatrixToAtom as conjure_core::representation::Representation>::value_up::inner
FN:184,<conjure_core::representations::matrix_to_atom::MatrixToAtom as conjure_core::representation::Representation>::declaration_down
FN:152,<conjure_core::representations::matrix_to_atom::MatrixToAtom as conjure_core::representation::Representation>::value_up::inner::{closure#0}
FNDA:0,<conjure_core::representations::matrix_to_atom::MatrixToAtom as conjure_core::representation::Representation>::expression_down::{closure#0}
FNDA:0,<conjure_core::representations::matrix_to_atom::MatrixToAtom>::name_to_indices::{closure#0}
FNDA:1,<conjure_core::representations::matrix_to_atom::MatrixToAtom as conjure_core::representation::Representation>::value_up::inner::{closure#0}
FNDA:1,<conjure_core::representations::matrix_to_atom::MatrixToAtom as conjure_core::representation::Representation>::expression_down::{closure#0}
FNDA:1,<conjure_core::representations::matrix_to_atom::MatrixToAtom as conjure_core::representation::Representation>::init
FNDA:1,<conjure_core::representations::matrix_to_atom::MatrixToAtom as conjure_core::representation::Representation>::declaration_down::{closure#0}
FNDA:0,<conjure_core::representations::matrix_to_atom::MatrixToAtom as conjure_core::representation::Representation>::declaration_down::{closure#0}
FNDA:0,<conjure_core::representations::matrix_to_atom::MatrixToAtom as conjure_core::representation::Representation>::value_down
FNDA:1,<conjure_core::representations::matrix_to_atom::MatrixToAtom as conjure_core::representation::Representation>::box_clone
FNDA:0,<conjure_core::representations::matrix_to_atom::MatrixToAtom as conjure_core::representation::Representation>::init
FNDA:0,<conjure_core::representations::matrix_to_atom::MatrixToAtom>::names
FNDA:1,<conjure_core::representations::matrix_to_atom::MatrixToAtom as conjure_core::representation::Representation>::value_up::inner
FNDA:1,<conjure_core::representations::matrix_to_atom::MatrixToAtom as conjure_core::representation::Representation>::repr_name
FNDA:0,<conjure_core::representations::matrix_to_atom::MatrixToAtom>::name_to_indices
FNDA:0,<conjure_core::representations::matrix_to_atom::MatrixToAtom as conjure_core::representation::Representation>::repr_name
FNDA:1,<conjure_core::representations::matrix_to_atom::MatrixToAtom as conjure_core::representation::Representation>::expression_down
FNDA:0,<conjure_core::representations::matrix_to_atom::MatrixToAtom as conjure_core::representation::Representation>::variable_name
FNDA:0,<conjure_core::representations::matrix_to_atom::MatrixToAtom>::name_to_indices::{closure#0}
FNDA:0,<conjure_core::representations::matrix_to_atom::MatrixToAtom as conjure_core::representation::Representation>::value_down
FNDA:0,<conjure_core::representations::matrix_to_atom::MatrixToAtom as conjure_core::representation::Representation>::value_up::inner::{closure#0}
FNDA:0,<conjure_core::representations::matrix_to_atom::MatrixToAtom as conjure_core::representation::Representation>::value_up
FNDA:0,<conjure_core::representations::matrix_to_atom::MatrixToAtom>::indices_to_name
FNDA:0,<conjure_core::representations::matrix_to_atom::MatrixToAtom as conjure_core::representation::Representation>::expression_down
FNDA:0,<conjure_core::representations::matrix_to_atom::MatrixToAtom as conjure_core::representation::Representation>::declaration_down
FNDA:0,<conjure_core::representations::matrix_to_atom::MatrixToAtom as conjure_core::representation::Representation>::variable_name
FNDA:1,<conjure_core::representations::matrix_to_atom::MatrixToAtom as conjure_core::representation::Representation>::declaration_down
FNDA:1,<conjure_core::representations::matrix_to_atom::MatrixToAtom as conjure_core::representation::Representation>::value_up
FNDA:0,<conjure_core::representations::matrix_to_atom::MatrixToAtom>::names::{closure#0}
FNDA:0,<conjure_core::representations::matrix_to_atom::MatrixToAtom as conjure_core::representation::Representation>::expression_down::{closure#0}
FNDA:0,<conjure_core::representations::matrix_to_atom::MatrixToAtom>::indices_to_name
FNDA:0,<conjure_core::representations::matrix_to_atom::MatrixToAtom>::names::{closure#0}
FNDA:1,<conjure_core::representations::matrix_to_atom::MatrixToAtom>::indices_to_name
FNDA:0,<conjure_core::representations::matrix_to_atom::MatrixToAtom as conjure_core::representation::Representation>::declaration_down::{closure#0}
FNDA:0,<conjure_core::representations::matrix_to_atom::MatrixToAtom as conjure_core::representation::Representation>::repr_name
FNDA:0,<conjure_core::representations::matrix_to_atom::MatrixToAtom as conjure_core::representation::Representation>::value_up
FNDA:0,<conjure_core::representations::matrix_to_atom::MatrixToAtom as conjure_core::representation::Representation>::box_clone
FNDA:0,<conjure_core::representations::matrix_to_atom::MatrixToAtom>::name_to_indices
FNDA:0,<conjure_core::representations::matrix_to_atom::MatrixToAtom>::name_to_indices
FNDA:0,<conjure_core::representations::matrix_to_atom::MatrixToAtom as conjure_core::representation::Representation>::box_clone
FNDA:0,<conjure_core::representations::matrix_to_atom::MatrixToAtom as conjure_core::representation::Representation>::value_up::inner
FNDA:0,<conjure_core::representations::matrix_to_atom::MatrixToAtom>::names
FNDA:0,<conjure_core::representations::matrix_to_atom::MatrixToAtom as conjure_core::representation::Representation>::init
FNDA:0,<conjure_core::representations::matrix_to_atom::MatrixToAtom as conjure_core::representation::Representation>::variable_name
FNDA:0,<conjure_core::representations::matrix_to_atom::MatrixToAtom as conjure_core::representation::Representation>::value_down
FNDA:1,<conjure_core::representations::matrix_to_atom::MatrixToAtom>::names
FNDA:1,<conjure_core::representations::matrix_to_atom::MatrixToAtom>::names::{closure#0}
FNDA:0,<conjure_core::representations::matrix_to_atom::MatrixToAtom>::name_to_indices::{closure#0}
FNDA:0,<conjure_core::representations::matrix_to_atom::MatrixToAtom as conjure_core::representation::Representation>::expression_down
FNDA:0,<conjure_core::representations::matrix_to_atom::MatrixToAtom as conjure_core::representation::Representation>::value_up::inner
FNDA:0,<conjure_core::representations::matrix_to_atom::MatrixToAtom as conjure_core::representation::Representation>::declaration_down
FNDA:0,<conjure_core::representations::matrix_to_atom::MatrixToAtom as conjure_core::representation::Representation>::value_up::inner::{closure#0}
FNF:51
FNH:13
BRF:0
BRH:0
DA:26,1349
DA:27,8037
DA:28,1349
DA:31,40261
DA:32,40261
DA:33,40261
DA:34,40261
DA:35,40261
DA:36,40261
DA:37,40261
DA:41,0
DA:42,0
DA:46,0
DA:47,0
DA:48,0
DA:49,0
DA:51,0
DA:52,0
DA:53,0
DA:54,0
DA:59,0
DA:60,0
DA:61,0
DA:62,0
DA:63,0
DA:66,0
DA:67,0
DA:68,0
DA:69,0
DA:70,0
DA:71,0
DA:72,0
DA:73,0
DA:74,0
DA:75,0
DA:79,0
DA:80,0
DA:81,0
DA:82,0
DA:83,0
DA:84,0
DA:87,0
DA:88,0
DA:92,228
DA:93,228
DA:95,228
DA:96,228
DA:97,228
DA:99,0
DA:100,228
DA:102,228
DA:103,0
DA:106,228
DA:107,228
DA:108,228
DA:109,228
DA:110,228
DA:111,228
DA:112,228
DA:113,228
DA:114,228
DA:116,0
DA:117,0
DA:118,0
DA:120,0
DA:121,0
DA:122,0
DA:125,0
DA:126,0
DA:129,0
DA:130,0
DA:131,0
DA:132,0
DA:133,0
DA:134,0
DA:136,6232
DA:137,6232
DA:138,6232
DA:139,6232
DA:140,39824
DA:141,39824
DA:142,39824
DA:143,39824
DA:144,39824
DA:145,39824
DA:146,39824
DA:147,39824
DA:148,7600
DA:149,7600
DA:150,7600
DA:151,7600
DA:152,33592
DA:153,33592
DA:154,33592
DA:155,33592
DA:156,33592
DA:157,7600
DA:159,32224
DA:160,32224
DA:161,32224
DA:162,32224
DA:164,39824
DA:166,6232
DA:167,6232
DA:169,1121
DA:170,1121
DA:171,1121
DA:172,1121
DA:173,1121
DA:174,1121
DA:175,6707
DA:176,6707
DA:177,6707
DA:178,6707
DA:179,6707
DA:180,6707
DA:181,1121
DA:182,1121
DA:184,228
DA:185,228
DA:186,228
DA:187,1330
DA:188,228
DA:189,228
DA:191,43928
DA:192,43928
DA:193,43928
DA:195,141284
DA:196,141284
DA:197,141284
LF:130
LH:81
end_of_record
SF:crates/conjure_core/src/stats/rewriter_stats.rs
FN:76,<conjure_core::stats::rewriter_stats::RewriterStats>::new
FN:76,<conjure_core::stats::rewriter_stats::RewriterStats>::new
FN:76,<conjure_core::stats::rewriter_stats::RewriterStats>::new
FNDA:1,<conjure_core::stats::rewriter_stats::RewriterStats>::new
FNDA:0,<conjure_core::stats::rewriter_stats::RewriterStats>::new
FNDA:0,<conjure_core::stats::rewriter_stats::RewriterStats>::new
FNF:3
FNH:1
BRF:0
BRH:0
DA:76,2090
DA:77,2090
DA:78,2090
DA:79,2090
DA:80,2090
DA:81,2090
DA:82,2090
DA:83,2090
LF:8
LH:8
end_of_record
SF:crates/conjure_core/src/ast/declaration.rs
FN:183,<conjure_core::ast::declaration::Declaration as core::clone::Clone>::clone
FN:139,<conjure_core::ast::declaration::Declaration>::as_domain_letting_mut
FN:40,<conjure_core::ast::declaration::DeclarationKind as uniplate::traits::Biplate<conjure_core::ast::declaration::Declaration>>::biplate::{closure#0}
FN:82,<conjure_core::ast::declaration::Declaration>::new_value_letting
FN:97,<conjure_core::ast::declaration::Declaration>::kind
FN:82,<conjure_core::ast::declaration::Declaration>::new_value_letting
FN:193,<conjure_core::ast::declaration::Declaration as conjure_core::ast::types::Typeable>::return_type
FN:72,<conjure_core::ast::declaration::Declaration>::new_domain_letting
FN:97,<conjure_core::ast::declaration::Declaration>::kind
FN:38,<conjure_core::ast::declaration::DeclarationKind as uniplate::traits::Biplate<conjure_core::ast::declaration::Declaration>>::biplate
FN:82,<conjure_core::ast::declaration::Declaration>::new_value_letting
FN:102,<conjure_core::ast::declaration::Declaration>::domain
FN:173,<conjure_core::ast::declaration::Declaration as conjure_core::ast::serde::DefaultWithId>::default_with_id
FN:97,<conjure_core::ast::declaration::Declaration>::kind
FN:72,<conjure_core::ast::declaration::Declaration>::new_domain_letting
FN:72,<conjure_core::ast::declaration::Declaration>::new_domain_letting
FN:112,<conjure_core::ast::declaration::Declaration>::as_var
FN:38,<conjure_core::ast::declaration::DeclarationKind as uniplate::traits::Biplate<conjure_core::ast::declaration::Declaration>>::biplate
FN:130,<conjure_core::ast::declaration::Declaration>::as_domain_letting
FN:193,<conjure_core::ast::declaration::Declaration as conjure_core::ast::types::Typeable>::return_type
FN:183,<conjure_core::ast::declaration::Declaration as core::clone::Clone>::clone
FN:112,<conjure_core::ast::declaration::Declaration>::as_var
FN:56,<conjure_core::ast::declaration::Declaration>::new
FN:130,<conjure_core::ast::declaration::Declaration>::as_domain_letting
FN:92,<conjure_core::ast::declaration::Declaration>::name
FN:167,<conjure_core::ast::declaration::Declaration as conjure_core::ast::serde::HasId>::id
FN:173,<conjure_core::ast::declaration::Declaration as conjure_core::ast::serde::DefaultWithId>::default_with_id
FN:173,<conjure_core::ast::declaration::Declaration as conjure_core::ast::serde::DefaultWithId>::default_with_id
FN:157,<conjure_core::ast::declaration::Declaration>::as_value_letting_mut
FN:121,<conjure_core::ast::declaration::Declaration>::as_var_mut
FN:167,<conjure_core::ast::declaration::Declaration as conjure_core::ast::serde::HasId>::id
FN:139,<conjure_core::ast::declaration::Declaration>::as_domain_letting_mut
FN:62,<conjure_core::ast::declaration::Declaration>::new_var
FN:40,<conjure_core::ast::declaration::DeclarationKind as uniplate::traits::Biplate<conjure_core::ast::declaration::Declaration>>::biplate::{closure#0}
FN:102,<conjure_core::ast::declaration::Declaration>::domain
FN:121,<conjure_core::ast::declaration::Declaration>::as_var_mut
FN:62,<conjure_core::ast::declaration::Declaration>::new_var
FN:92,<conjure_core::ast::declaration::Declaration>::name
FN:157,<conjure_core::ast::declaration::Declaration>::as_value_letting_mut
FN:121,<conjure_core::ast::declaration::Declaration>::as_var_mut
FN:112,<conjure_core::ast::declaration::Declaration>::as_var
FN:56,<conjure_core::ast::declaration::Declaration>::new
FN:92,<conjure_core::ast::declaration::Declaration>::name
FN:139,<conjure_core::ast::declaration::Declaration>::as_domain_letting_mut
FN:40,<conjure_core::ast::declaration::DeclarationKind as uniplate::traits::Biplate<conjure_core::ast::declaration::Declaration>>::biplate::{closure#0}
FN:193,<conjure_core::ast::declaration::Declaration as conjure_core::ast::types::Typeable>::return_type
FN:148,<conjure_core::ast::declaration::Declaration>::as_value_letting
FN:157,<conjure_core::ast::declaration::Declaration>::as_value_letting_mut
FN:38,<conjure_core::ast::declaration::DeclarationKind as uniplate::traits::Biplate<conjure_core::ast::declaration::Declaration>>::biplate
FN:148,<conjure_core::ast::declaration::Declaration>::as_value_letting
FN:148,<conjure_core::ast::declaration::Declaration>::as_value_letting
FN:183,<conjure_core::ast::declaration::Declaration as core::clone::Clone>::clone
FN:102,<conjure_core::ast::declaration::Declaration>::domain
FN:167,<conjure_core::ast::declaration::Declaration as conjure_core::ast::serde::HasId>::id
FN:56,<conjure_core::ast::declaration::Declaration>::new
FN:130,<conjure_core::ast::declaration::Declaration>::as_domain_letting
FN:62,<conjure_core::ast::declaration::Declaration>::new_var
FNDA:0,<conjure_core::ast::declaration::Declaration as core::clone::Clone>::clone
FNDA:0,<conjure_core::ast::declaration::Declaration>::as_domain_letting_mut
FNDA:0,<conjure_core::ast::declaration::DeclarationKind as uniplate::traits::Biplate<conjure_core::ast::declaration::Declaration>>::biplate::{closure#0}
FNDA:0,<conjure_core::ast::declaration::Declaration>::new_value_letting
FNDA:0,<conjure_core::ast::declaration::Declaration>::kind
FNDA:0,<conjure_core::ast::declaration::Declaration>::new_value_letting
FNDA:0,<conjure_core::ast::declaration::Declaration as conjure_core::ast::types::Typeable>::return_type
FNDA:0,<conjure_core::ast::declaration::Declaration>::new_domain_letting
FNDA:1,<conjure_core::ast::declaration::Declaration>::kind
FNDA:0,<conjure_core::ast::declaration::DeclarationKind as uniplate::traits::Biplate<conjure_core::ast::declaration::Declaration>>::biplate
FNDA:1,<conjure_core::ast::declaration::Declaration>::new_value_letting
FNDA:1,<conjure_core::ast::declaration::Declaration>::domain
FNDA:0,<conjure_core::ast::declaration::Declaration as conjure_core::ast::serde::DefaultWithId>::default_with_id
FNDA:1,<conjure_core::ast::declaration::Declaration>::kind
FNDA:0,<conjure_core::ast::declaration::Declaration>::new_domain_letting
FNDA:1,<conjure_core::ast::declaration::Declaration>::new_domain_letting
FNDA:1,<conjure_core::ast::declaration::Declaration>::as_var
FNDA:0,<conjure_core::ast::declaration::DeclarationKind as uniplate::traits::Biplate<conjure_core::ast::declaration::Declaration>>::biplate
FNDA:1,<conjure_core::ast::declaration::Declaration>::as_domain_letting
FNDA:0,<conjure_core::ast::declaration::Declaration as conjure_core::ast::types::Typeable>::return_type
FNDA:0,<conjure_core::ast::declaration::Declaration as core::clone::Clone>::clone
FNDA:0,<conjure_core::ast::declaration::Declaration>::as_var
FNDA:0,<conjure_core::ast::declaration::Declaration>::new
FNDA:0,<conjure_core::ast::declaration::Declaration>::as_domain_letting
FNDA:1,<conjure_core::ast::declaration::Declaration>::name
FNDA:0,<conjure_core::ast::declaration::Declaration as conjure_core::ast::serde::HasId>::id
FNDA:0,<conjure_core::ast::declaration::Declaration as conjure_core::ast::serde::DefaultWithId>::default_with_id
FNDA:0,<conjure_core::ast::declaration::Declaration as conjure_core::ast::serde::DefaultWithId>::default_with_id
FNDA:0,<conjure_core::ast::declaration::Declaration>::as_value_letting_mut
FNDA:0,<conjure_core::ast::declaration::Declaration>::as_var_mut
FNDA:0,<conjure_core::ast::declaration::Declaration as conjure_core::ast::serde::HasId>::id
FNDA:0,<conjure_core::ast::declaration::Declaration>::as_domain_letting_mut
FNDA:0,<conjure_core::ast::declaration::Declaration>::new_var
FNDA:0,<conjure_core::ast::declaration::DeclarationKind as uniplate::traits::Biplate<conjure_core::ast::declaration::Declaration>>::biplate::{closure#0}
FNDA:0,<conjure_core::ast::declaration::Declaration>::domain
FNDA:0,<conjure_core::ast::declaration::Declaration>::as_var_mut
FNDA:1,<conjure_core::ast::declaration::Declaration>::new_var
FNDA:1,<conjure_core::ast::declaration::Declaration>::name
FNDA:0,<conjure_core::ast::declaration::Declaration>::as_value_letting_mut
FNDA:1,<conjure_core::ast::declaration::Declaration>::as_var_mut
FNDA:0,<conjure_core::ast::declaration::Declaration>::as_var
FNDA:0,<conjure_core::ast::declaration::Declaration>::new
FNDA:0,<conjure_core::ast::declaration::Declaration>::name
FNDA:0,<conjure_core::ast::declaration::Declaration>::as_domain_letting_mut
FNDA:0,<conjure_core::ast::declaration::DeclarationKind as uniplate::traits::Biplate<conjure_core::ast::declaration::Declaration>>::biplate::{closure#0}
FNDA:0,<conjure_core::ast::declaration::Declaration as conjure_core::ast::types::Typeable>::return_type
FNDA:0,<conjure_core::ast::declaration::Declaration>::as_value_letting
FNDA:0,<conjure_core::ast::declaration::Declaration>::as_value_letting_mut
FNDA:0,<conjure_core::ast::declaration::DeclarationKind as uniplate::traits::Biplate<conjure_core::ast::declaration::Declaration>>::biplate
FNDA:1,<conjure_core::ast::declaration::Declaration>::as_value_letting
FNDA:0,<conjure_core::ast::declaration::Declaration>::as_value_letting
FNDA:1,<conjure_core::ast::declaration::Declaration as core::clone::Clone>::clone
FNDA:1,<conjure_core::ast::declaration::Declaration>::domain
FNDA:0,<conjure_core::ast::declaration::Declaration as conjure_core::ast::serde::HasId>::id
FNDA:0,<conjure_core::ast::declaration::Declaration>::new
FNDA:0,<conjure_core::ast::declaration::Declaration>::as_domain_letting
FNDA:1,<conjure_core::ast::declaration::Declaration>::new_var
FNF:57
FNH:15
BRF:0
BRH:0
DA:38,0
DA:39,0
DA:40,0
DA:41,0
DA:56,0
DA:57,0
DA:58,0
DA:59,0
DA:62,13227
DA:63,13227
DA:64,13227
DA:65,13227
DA:66,13227
DA:67,13227
DA:68,13227
DA:69,13227
DA:72,114
DA:73,114
DA:74,114
DA:75,114
DA:76,114
DA:77,114
DA:78,114
DA:79,114
DA:82,266
DA:83,266
DA:84,266
DA:85,266
DA:86,266
DA:87,266
DA:88,266
DA:89,266
DA:92,6594504
DA:93,6594504
DA:94,6594504
DA:97,6914010
DA:98,6914010
DA:99,6914010
DA:102,120750
DA:103,120750
DA:104,117273
DA:106,76
DA:107,3401
DA:109,120750
DA:112,6778934
DA:113,6778934
DA:114,6729667
DA:116,49267
DA:118,6778934
DA:121,361
DA:122,361
DA:123,361
DA:125,0
DA:127,361
DA:130,228
DA:131,228
DA:132,228
DA:134,0
DA:136,228
DA:139,0
DA:140,0
DA:141,0
DA:143,0
DA:145,0
DA:148,87590
DA:149,87590
DA:150,608
DA:152,86982
DA:154,87590
DA:157,0
DA:158,0
DA:159,0
DA:161,0
DA:163,0
DA:167,0
DA:168,0
DA:169,0
DA:173,0
DA:174,0
DA:175,0
DA:176,0
DA:177,0
DA:178,0
DA:179,0
DA:183,1691
DA:184,1691
DA:185,1691
DA:186,1691
DA:187,1691
DA:188,1691
DA:189,1691
DA:193,0
DA:194,0
DA:195,0
DA:196,0
DA:197,0
DA:199,0
LF:97
LH:61
end_of_record
SF:crates/conjure_core/src/rules/partial_eval.rs
FN:15,conjure_core::rules::partial_eval::CONJURE_GEN_RULE_PARTIAL_EVALUATOR::__typecheck::{closure#0}::{closure#0}
FN:15,conjure_core::rules::partial_eval::CONJURE_GEN_RULE_PARTIAL_EVALUATOR::__typecheck::{closure#0}::{closure#0}
FN:16,conjure_core::rules::partial_eval::partial_evaluator
FN:15,conjure_core::rules::partial_eval::CONJURE_GEN_RULE_PARTIAL_EVALUATOR::__typecheck::{closure#0}::{closure#0}
FN:377,conjure_core::rules::partial_eval::check_pairwise_or_tautologies
FN:377,conjure_core::rules::partial_eval::check_pairwise_or_tautologies
FN:16,conjure_core::rules::partial_eval::partial_evaluator
FN:377,conjure_core::rules::partial_eval::check_pairwise_or_tautologies
FN:16,conjure_core::rules::partial_eval::partial_evaluator
FNDA:0,conjure_core::rules::partial_eval::CONJURE_GEN_RULE_PARTIAL_EVALUATOR::__typecheck::{closure#0}::{closure#0}
FNDA:0,conjure_core::rules::partial_eval::CONJURE_GEN_RULE_PARTIAL_EVALUATOR::__typecheck::{closure#0}::{closure#0}
FNDA:0,conjure_core::rules::partial_eval::partial_evaluator
FNDA:0,conjure_core::rules::partial_eval::CONJURE_GEN_RULE_PARTIAL_EVALUATOR::__typecheck::{closure#0}::{closure#0}
FNDA:0,conjure_core::rules::partial_eval::check_pairwise_or_tautologies
FNDA:1,conjure_core::rules::partial_eval::check_pairwise_or_tautologies
FNDA:1,conjure_core::rules::partial_eval::partial_evaluator
FNDA:0,conjure_core::rules::partial_eval::check_pairwise_or_tautologies
FNDA:0,conjure_core::rules::partial_eval::partial_evaluator
FNF:9
FNH:2
BRF:0
BRH:0
DA:16,985777
DA:23,985777
DA:24,46569
DA:25,855
DA:26,0
DA:27,0
DA:28,18924
DA:29,5795
DA:30,22629
DA:31,7676
DA:32,2356
DA:33,5434
DA:34,469699
DA:35,0
DA:36,1026
DA:37,38
DA:38,988
DA:40,10887
DA:41,10887
DA:42,10887
DA:43,10887
DA:44,36385
DA:45,8854
DA:46,8854
DA:47,8854
DA:48,16644
DA:49,16644
DA:50,16644
DA:52,10887
DA:53,8569
DA:54,8569
DA:56,10887
DA:57,10716
DA:59,171
DA:63,3306
DA:64,3306
DA:65,3306
DA:66,3306
DA:67,10393
DA:68,3154
DA:69,3154
DA:70,3154
DA:71,3933
DA:72,3933
DA:73,3933
DA:76,3306
DA:77,209
DA:78,3097
DA:79,3097
DA:80,3097
DA:81,3097
DA:82,3097
DA:83,3097
DA:86,0
DA:87,0
DA:88,0
DA:89,0
DA:90,0
DA:92,0
DA:94,3097
DA:96,3059
DA:99,38
DA:103,247
DA:104,247
DA:105,133
DA:107,114
DA:108,114
DA:109,114
DA:110,342
DA:111,0
DA:112,0
DA:113,0
DA:114,0
DA:115,0
DA:116,0
DA:118,0
DA:121,0
DA:123,228
DA:124,228
DA:125,228
DA:128,114
DA:129,0
DA:130,114
DA:132,114
DA:133,114
DA:135,0
DA:136,0
DA:137,0
DA:138,0
DA:142,209
DA:143,209
DA:144,152
DA:147,57
DA:148,57
DA:149,57
DA:150,171
DA:151,19
DA:152,19
DA:153,19
DA:154,0
DA:155,0
DA:156,0
DA:158,0
DA:161,19
DA:163,95
DA:164,95
DA:165,95
DA:168,57
DA:169,19
DA:170,38
DA:172,57
DA:173,57
DA:175,0
DA:176,0
DA:177,0
DA:178,0
DA:181,9785
DA:182,26258
DA:183,26258
DA:184,22648
DA:187,3610
DA:188,3610
DA:189,3610
DA:190,3610
DA:191,11419
DA:192,171
DA:193,171
DA:194,171
DA:195,171
DA:196,171
DA:197,171
DA:198,133
DA:199,38
DA:200,7771
DA:201,7771
DA:202,7771
DA:206,3477
DA:207,0
DA:208,3477
DA:209,3477
DA:210,3477
DA:211,3477
DA:212,0
DA:213,3477
DA:214,3477
DA:215,3477
DA:216,3439
DA:217,38
DA:218,38
DA:219,38
DA:220,38
DA:221,38
DA:222,38
DA:224,21831
DA:225,21831
DA:226,1083
DA:228,20748
DA:229,20748
DA:230,72314
DA:231,1729
DA:232,1729
DA:233,1729
DA:234,38
DA:235,38
DA:236,38
DA:237,38
DA:238,1691
DA:239,49875
DA:240,49875
DA:241,49875
DA:244,20710
DA:245,19019
DA:247,1691
DA:248,1691
DA:249,1691
DA:250,1691
DA:255,27550
DA:256,27550
DA:257,27550
DA:258,8778
DA:259,18772
DA:260,18772
DA:261,18772
DA:262,18772
DA:263,144780
DA:264,342
DA:265,342
DA:266,342
DA:267,38
DA:268,38
DA:269,38
DA:270,38
DA:271,304
DA:272,125704
DA:273,125704
DA:274,125704
DA:277,18734
DA:278,18620
DA:280,114
DA:281,0
DA:282,114
DA:283,114
DA:284,114
DA:285,114
DA:288,33668
DA:289,38
DA:290,38
DA:292,38
DA:295,0
DA:297,33630
DA:298,33630
DA:299,33630
DA:300,33630
DA:301,33630
DA:302,33630
DA:303,33630
DA:304,33630
DA:305,33630
DA:306,38
DA:307,33592
DA:308,33592
DA:309,33592
DA:311,92929
DA:312,9063
DA:313,1843
DA:314,32376
DA:315,57
DA:316,2546
DA:317,10640
DA:318,5358
DA:319,14022
DA:320,14022
DA:321,13756
DA:324,266
DA:327,1007
DA:328,0
DA:329,0
DA:330,0
DA:331,0
DA:332,741
DA:336,266
DA:338,5130
DA:339,5928
DA:340,4180
DA:341,12635
DA:342,1235
DA:343,3458
DA:344,209
DA:348,2451
DA:349,323
DA:350,13015
DA:351,817
DA:352,171
DA:353,2641
DA:354,2736
DA:355,1463
DA:356,532
DA:357,418
DA:358,2869
DA:359,6327
DA:360,608
DA:361,18696
DA:362,15143
DA:363,1140
DA:364,114
DA:366,985777
DA:377,3477
DA:378,3477
DA:379,3477
DA:380,3477
DA:381,3477
DA:382,3477
DA:383,3477
DA:384,3477
DA:385,3477
DA:387,7638
DA:388,7638
DA:392,0
DA:393,0
DA:394,0
DA:395,0
DA:396,0
DA:397,7638
DA:401,3477
DA:402,0
DA:403,0
DA:404,0
DA:408,3477
DA:409,0
DA:410,0
DA:411,0
DA:414,3477
DA:415,3477
LF:293
LH:244
end_of_record
SF:conjure_oxide/src/utils/json.rs
FN:32,conjure_oxide::utils::json::sort_json_variables
FN:7,conjure_oxide::utils::json::json_value_cmp
FN:48,conjure_oxide::utils::json::sort_json_object
FN:62,conjure_oxide::utils::json::sort_json_object::{closure#1}
FN:53,conjure_oxide::utils::json::sort_json_object::{closure#0}
FN:68,conjure_oxide::utils::json::sort_json_object::{closure#2}
FN:62,conjure_oxide::utils::json::sort_json_object::{closure#1}
FN:53,conjure_oxide::utils::json::sort_json_object::{closure#0}
FN:48,conjure_oxide::utils::json::sort_json_object
FN:62,conjure_oxide::utils::json::sort_json_object::{closure#1}
FN:53,conjure_oxide::utils::json::sort_json_object::{closure#0}
FN:7,conjure_oxide::utils::json::json_value_cmp
FN:32,conjure_oxide::utils::json::sort_json_variables
FN:68,conjure_oxide::utils::json::sort_json_object::{closure#2}
FN:68,conjure_oxide::utils::json::sort_json_object::{closure#2}
FN:48,conjure_oxide::utils::json::sort_json_object
FN:7,conjure_oxide::utils::json::json_value_cmp
FN:32,conjure_oxide::utils::json::sort_json_variables
FNDA:0,conjure_oxide::utils::json::sort_json_variables
FNDA:0,conjure_oxide::utils::json::json_value_cmp
FNDA:1,conjure_oxide::utils::json::sort_json_object
FNDA:1,conjure_oxide::utils::json::sort_json_object::{closure#1}
FNDA:0,conjure_oxide::utils::json::sort_json_object::{closure#0}
FNDA:1,conjure_oxide::utils::json::sort_json_object::{closure#2}
FNDA:0,conjure_oxide::utils::json::sort_json_object::{closure#1}
FNDA:0,conjure_oxide::utils::json::sort_json_object::{closure#0}
FNDA:0,conjure_oxide::utils::json::sort_json_object
FNDA:0,conjure_oxide::utils::json::sort_json_object::{closure#1}
FNDA:1,conjure_oxide::utils::json::sort_json_object::{closure#0}
FNDA:1,conjure_oxide::utils::json::json_value_cmp
FNDA:0,conjure_oxide::utils::json::sort_json_variables
FNDA:0,conjure_oxide::utils::json::sort_json_object::{closure#2}
FNDA:0,conjure_oxide::utils::json::sort_json_object::{closure#2}
FNDA:0,conjure_oxide::utils::json::sort_json_object
FNDA:0,conjure_oxide::utils::json::json_value_cmp
FNDA:0,conjure_oxide::utils::json::sort_json_variables
FNF:18
FNH:5
BRF:0
BRH:0
DA:7,409815
DA:8,409815
DA:9,0
DA:10,0
DA:11,0
DA:12,0
DA:13,0
DA:14,0
DA:15,0
DA:17,0
DA:18,0
DA:19,0
DA:20,0
DA:21,0
DA:22,0
DA:24,0
DA:26,409815
DA:28,409815
DA:32,0
DA:33,0
DA:34,0
DA:35,0
DA:36,0
DA:37,0
DA:39,0
DA:41,0
DA:48,1612926
DA:49,1612926
DA:50,828030
DA:51,828030
DA:52,828030
DA:53,1376319
DA:54,1376319
DA:55,0
DA:57,1376319
DA:59,1376319
DA:60,828030
DA:61,828030
DA:62,1298269
DA:63,828030
DA:65,72870
DA:66,72870
DA:67,72870
DA:68,232120
DA:69,72870
DA:70,72870
DA:71,72870
DA:72,27426
DA:73,45444
DA:75,72870
DA:77,712026
DA:79,1612926
LF:52
LH:29
end_of_record
SF:crates/conjure_core/src/ast/matrix.rs
FN:124,conjure_core::ast::matrix::index_domains::{closure#0}
FN:69,conjure_core::ast::matrix::flatten_1::{closure#0}
FN:60,conjure_core::ast::matrix::flatten
FN:87,conjure_core::ast::matrix::flatten_enumerate
FN:68,conjure_core::ast::matrix::flatten_1
FN:118,conjure_core::ast::matrix::index_domains
FN:44,conjure_core::ast::matrix::enumerate_indices::{closure#0}
FN:27,rust_out::main::_doctest_main_crates_conjure_core_src_ast_matrix_rs_26_0
FN:96,conjure_core::ast::matrix::flatten_enumerate::{closure#0}
FN:44,conjure_core::ast::matrix::enumerate_indices::{closure#0}
FN:96,conjure_core::ast::matrix::flatten_enumerate::{closure#0}
FN:60,conjure_core::ast::matrix::flatten
FN:124,conjure_core::ast::matrix::index_domains::{closure#0}
FN:118,conjure_core::ast::matrix::index_domains
FN:96,conjure_core::ast::matrix::flatten_enumerate::{closure#0}
FN:68,conjure_core::ast::matrix::flatten_1
FN:87,conjure_core::ast::matrix::flatten_enumerate
FN:68,conjure_core::ast::matrix::flatten_1
FN:124,conjure_core::ast::matrix::index_domains::{closure#0}
FN:87,conjure_core::ast::matrix::flatten_enumerate
FN:44,conjure_core::ast::matrix::enumerate_indices::{closure#0}
FN:41,conjure_core::ast::matrix::enumerate_indices
FN:69,conjure_core::ast::matrix::flatten_1::{closure#0}
FN:60,conjure_core::ast::matrix::flatten
FN:27,rust_out::main
FN:69,conjure_core::ast::matrix::flatten_1::{closure#0}
FN:118,conjure_core::ast::matrix::index_domains
FN:41,conjure_core::ast::matrix::enumerate_indices
FN:41,conjure_core::ast::matrix::enumerate_indices
FNDA:0,conjure_core::ast::matrix::index_domains::{closure#0}
FNDA:0,conjure_core::ast::matrix::flatten_1::{closure#0}
FNDA:0,conjure_core::ast::matrix::flatten
FNDA:0,conjure_core::ast::matrix::flatten_enumerate
FNDA:0,conjure_core::ast::matrix::flatten_1
FNDA:0,conjure_core::ast::matrix::index_domains
FNDA:1,conjure_core::ast::matrix::enumerate_indices::{closure#0}
FNDA:1,rust_out::main::_doctest_main_crates_conjure_core_src_ast_matrix_rs_26_0
FNDA:0,conjure_core::ast::matrix::flatten_enumerate::{closure#0}
FNDA:0,conjure_core::ast::matrix::enumerate_indices::{closure#0}
FNDA:1,conjure_core::ast::matrix::flatten_enumerate::{closure#0}
FNDA:1,conjure_core::ast::matrix::flatten
FNDA:0,conjure_core::ast::matrix::index_domains::{closure#0}
FNDA:0,conjure_core::ast::matrix::index_domains
FNDA:0,conjure_core::ast::matrix::flatten_enumerate::{closure#0}
FNDA:1,conjure_core::ast::matrix::flatten_1
FNDA:0,conjure_core::ast::matrix::flatten_enumerate
FNDA:0,conjure_core::ast::matrix::flatten_1
FNDA:1,conjure_core::ast::matrix::index_domains::{closure#0}
FNDA:1,conjure_core::ast::matrix::flatten_enumerate
FNDA:0,conjure_core::ast::matrix::enumerate_indices::{closure#0}
FNDA:0,conjure_core::ast::matrix::enumerate_indices
FNDA:0,conjure_core::ast::matrix::flatten_1::{closure#0}
FNDA:0,conjure_core::ast::matrix::flatten
FNDA:1,rust_out::main
FNDA:1,conjure_core::ast::matrix::flatten_1::{closure#0}
FNDA:1,conjure_core::ast::matrix::index_domains
FNDA:1,conjure_core::ast::matrix::enumerate_indices
FNDA:0,conjure_core::ast::matrix::enumerate_indices
FNF:29
FNH:11
BRF:0
BRH:0
DA:27,1
DA:29,1
DA:30,1
DA:31,1
DA:32,1
DA:33,1
DA:34,1
DA:35,1
DA:36,1
DA:37,1
DA:38,1
DA:39,1
DA:40,1
DA:41,343
DA:42,361
DA:43,361
DA:44,589
DA:45,589
DA:46,589
DA:47,589
DA:48,361
DA:49,361
DA:60,133
DA:61,133
DA:62,0
DA:65,133
DA:66,133
DA:68,190
DA:69,513
DA:70,133
DA:71,133
DA:73,380
DA:75,513
DA:76,190
DA:87,57
DA:88,57
DA:89,57
DA:90,57
DA:91,0
DA:94,57
DA:95,57
DA:96,114
DA:97,114
DA:98,114
DA:99,76
DA:100,0
DA:101,76
DA:102,76
DA:104,38
DA:105,114
DA:106,57
DA:107,57
DA:108,57
DA:109,57
DA:118,76
DA:119,76
DA:120,0
DA:123,76
DA:124,304
DA:125,304
DA:126,304
DA:127,0
DA:130,304
DA:131,304
DA:132,0
DA:133,304
DA:134,304
DA:135,304
DA:136,304
DA:139,304
DA:140,76
DA:141,76
LF:72
LH:66
end_of_record
SF:crates/conjure_core/src/ast/pretty.rs
FN:56,conjure_core::ast::pretty::pretty_vec::<conjure_core::ast::atom::Atom>::{closure#0}
FN:55,conjure_core::ast::pretty::pretty_vec::<conjure_core::ast::expressions::Expression>
FN:56,conjure_core::ast::pretty::pretty_vec::<conjure_core::ast::literals::Literal>::{closure#0}
FN:55,conjure_core::ast::pretty::pretty_vec::<conjure_core::ast::literals::Literal>
FN:37,conjure_core::ast::pretty::pretty_expressions_as_conjunction
FN:24,conjure_core::ast::pretty::pretty_expressions_as_top_level
FN:24,conjure_core::ast::pretty::pretty_expressions_as_top_level
FN:56,conjure_core::ast::pretty::pretty_vec::<conjure_core::ast::literals::Literal>::{closure#0}
FN:56,conjure_core::ast::pretty::pretty_vec::<conjure_core::ast::literals::Literal>::{closure#0}
FN:55,conjure_core::ast::pretty::pretty_vec::<conjure_core::ast::literals::Literal>
FN:25,conjure_core::ast::pretty::pretty_expressions_as_top_level::{closure#0}
FN:56,conjure_core::ast::pretty::pretty_vec::<&conjure_core::ast::domains::Domain>::{closure#0}
FN:55,conjure_core::ast::pretty::pretty_vec::<conjure_core::ast::literals::Literal>
FN:56,conjure_core::ast::pretty::pretty_vec::<conjure_core::ast::expressions::Expression>::{closure#0}
FN:38,conjure_core::ast::pretty::pretty_expressions_as_conjunction::{closure#0}
FN:88,conjure_core::ast::pretty::pretty_value_letting_declaration
FN:55,conjure_core::ast::pretty::pretty_vec::<&conjure_core::ast::domains::Domain>
FN:56,conjure_core::ast::pretty::pretty_vec::<conjure_core::ast::expressions::Expression>::{closure#0}
FN:56,conjure_core::ast::pretty::pretty_vec::<&conjure_core::ast::domains::Domain>::{closure#0}
FN:56,conjure_core::ast::pretty::pretty_vec::<&conjure_core::ast::domains::Domain>::{closure#0}
FN:88,conjure_core::ast::pretty::pretty_value_letting_declaration
FN:55,conjure_core::ast::pretty::pretty_vec::<&conjure_core::ast::domains::Domain>
FN:55,conjure_core::ast::pretty::pretty_vec::<conjure_core::ast::atom::Atom>
FN:38,conjure_core::ast::pretty::pretty_expressions_as_conjunction::{closure#0}
FN:103,conjure_core::ast::pretty::pretty_domain_letting_declaration
FN:55,conjure_core::ast::pretty::pretty_vec::<conjure_core::ast::atom::Atom>
FN:103,conjure_core::ast::pretty::pretty_domain_letting_declaration
FN:103,conjure_core::ast::pretty::pretty_domain_letting_declaration
FN:37,conjure_core::ast::pretty::pretty_expressions_as_conjunction
FN:72,conjure_core::ast::pretty::pretty_variable_declaration
FN:25,conjure_core::ast::pretty::pretty_expressions_as_top_level::{closure#0}
FN:55,conjure_core::ast::pretty::pretty_vec::<conjure_core::ast::expressions::Expression>
FN:37,conjure_core::ast::pretty::pretty_expressions_as_conjunction
FN:72,conjure_core::ast::pretty::pretty_variable_declaration
FN:38,conjure_core::ast::pretty::pretty_expressions_as_conjunction::{closure#0}
FN:25,conjure_core::ast::pretty::pretty_expressions_as_top_level::{closure#0}
FN:55,conjure_core::ast::pretty::pretty_vec::<conjure_core::ast::atom::Atom>
FN:55,conjure_core::ast::pretty::pretty_vec::<&conjure_core::ast::domains::Domain>
FN:88,conjure_core::ast::pretty::pretty_value_letting_declaration
FN:72,conjure_core::ast::pretty::pretty_variable_declaration
FN:24,conjure_core::ast::pretty::pretty_expressions_as_top_level
FN:56,conjure_core::ast::pretty::pretty_vec::<conjure_core::ast::atom::Atom>::{closure#0}
FN:56,conjure_core::ast::pretty::pretty_vec::<conjure_core::ast::atom::Atom>::{closure#0}
FN:56,conjure_core::ast::pretty::pretty_vec::<conjure_core::ast::expressions::Expression>::{closure#0}
FN:55,conjure_core::ast::pretty::pretty_vec::<conjure_core::ast::expressions::Expression>
FNDA:1,conjure_core::ast::pretty::pretty_vec::<conjure_core::ast::atom::Atom>::{closure#0}
FNDA:1,conjure_core::ast::pretty::pretty_vec::<conjure_core::ast::expressions::Expression>
FNDA:1,conjure_core::ast::pretty::pretty_vec::<conjure_core::ast::literals::Literal>::{closure#0}
FNDA:0,conjure_core::ast::pretty::pretty_vec::<conjure_core::ast::literals::Literal>
FNDA:0,conjure_core::ast::pretty::pretty_expressions_as_conjunction
FNDA:0,conjure_core::ast::pretty::pretty_expressions_as_top_level
FNDA:0,conjure_core::ast::pretty::pretty_expressions_as_top_level
FNDA:0,conjure_core::ast::pretty::pretty_vec::<conjure_core::ast::literals::Literal>::{closure#0}
FNDA:0,conjure_core::ast::pretty::pretty_vec::<conjure_core::ast::literals::Literal>::{closure#0}
FNDA:1,conjure_core::ast::pretty::pretty_vec::<conjure_core::ast::literals::Literal>
FNDA:0,conjure_core::ast::pretty::pretty_expressions_as_top_level::{closure#0}
FNDA:0,conjure_core::ast::pretty::pretty_vec::<&conjure_core::ast::domains::Domain>::{closure#0}
FNDA:0,conjure_core::ast::pretty::pretty_vec::<conjure_core::ast::literals::Literal>
FNDA:1,conjure_core::ast::pretty::pretty_vec::<conjure_core::ast::expressions::Expression>::{closure#0}
FNDA:0,conjure_core::ast::pretty::pretty_expressions_as_conjunction::{closure#0}
FNDA:0,conjure_core::ast::pretty::pretty_value_letting_declaration
FNDA:0,conjure_core::ast::pretty::pretty_vec::<&conjure_core::ast::domains::Domain>
FNDA:0,conjure_core::ast::pretty::pretty_vec::<conjure_core::ast::expressions::Expression>::{closure#0}
FNDA:1,conjure_core::ast::pretty::pretty_vec::<&conjure_core::ast::domains::Domain>::{closure#0}
FNDA:0,conjure_core::ast::pretty::pretty_vec::<&conjure_core::ast::domains::Domain>::{closure#0}
FNDA:1,conjure_core::ast::pretty::pretty_value_letting_declaration
FNDA:1,conjure_core::ast::pretty::pretty_vec::<&conjure_core::ast::domains::Domain>
FNDA:0,conjure_core::ast::pretty::pretty_vec::<conjure_core::ast::atom::Atom>
FNDA:0,conjure_core::ast::pretty::pretty_expressions_as_conjunction::{closure#0}
FNDA:1,conjure_core::ast::pretty::pretty_domain_letting_declaration
FNDA:0,conjure_core::ast::pretty::pretty_vec::<conjure_core::ast::atom::Atom>
FNDA:0,conjure_core::ast::pretty::pretty_domain_letting_declaration
FNDA:0,conjure_core::ast::pretty::pretty_domain_letting_declaration
FNDA:0,conjure_core::ast::pretty::pretty_expressions_as_conjunction
FNDA:0,conjure_core::ast::pretty::pretty_variable_declaration
FNDA:0,conjure_core::ast::pretty::pretty_expressions_as_top_level::{closure#0}
FNDA:0,conjure_core::ast::pretty::pretty_vec::<conjure_core::ast::expressions::Expression>
FNDA:0,conjure_core::ast::pretty::pretty_expressions_as_conjunction
FNDA:1,conjure_core::ast::pretty::pretty_variable_declaration
FNDA:0,conjure_core::ast::pretty::pretty_expressions_as_conjunction::{closure#0}
FNDA:1,conjure_core::ast::pretty::pretty_expressions_as_top_level::{closure#0}
FNDA:1,conjure_core::ast::pretty::pretty_vec::<conjure_core::ast::atom::Atom>
FNDA:0,conjure_core::ast::pretty::pretty_vec::<&conjure_core::ast::domains::Domain>
FNDA:0,conjure_core::ast::pretty::pretty_value_letting_declaration
FNDA:0,conjure_core::ast::pretty::pretty_variable_declaration
FNDA:1,conjure_core::ast::pretty::pretty_expressions_as_top_level
FNDA:0,conjure_core::ast::pretty::pretty_vec::<conjure_core::ast::atom::Atom>::{closure#0}
FNDA:0,conjure_core::ast::pretty::pretty_vec::<conjure_core::ast::atom::Atom>::{closure#0}
FNDA:0,conjure_core::ast::pretty::pretty_vec::<conjure_core::ast::expressions::Expression>::{closure#0}
FNDA:0,conjure_core::ast::pretty::pretty_vec::<conjure_core::ast::expressions::Expression>
FNF:45
FNH:13
BRF:0
BRH:0
DA:24,4674
DA:25,12065
DA:26,4674
DA:37,0
DA:38,0
DA:39,0
DA:40,0
DA:41,0
DA:42,0
DA:43,0
DA:44,0
DA:55,67545
DA:56,72333
DA:57,67545
DA:58,67545
DA:59,67545
DA:60,67545
DA:61,67545
DA:72,16834
DA:73,16834
DA:74,16834
DA:75,16834
DA:76,16834
DA:77,16834
DA:88,342
DA:89,342
DA:90,342
DA:91,342
DA:92,342
DA:103,228
DA:104,228
DA:105,228
DA:106,228
DA:107,228
DA:108,228
DA:109,228
DA:110,228
LF:37
LH:29
end_of_record
SF:crates/conjure_core/src/rule_engine/resolve_rules.rs
FN:42,<conjure_core::rule_engine::resolve_rules::RuleData as core::cmp::PartialOrd>::partial_cmp
FN:165,conjure_core::rule_engine::resolve_rules::resolve_rule_sets
FN:63,<conjure_core::rule_engine::resolve_rules::ResolveRulesError as core::fmt::Display>::fmt
FN:42,<conjure_core::rule_engine::resolve_rules::RuleData as core::cmp::PartialOrd>::partial_cmp
FN:77,conjure_core::rule_engine::resolve_rules::get_rule_set
FN:63,<conjure_core::rule_engine::resolve_rules::ResolveRulesError as core::fmt::Display>::fmt
FN:77,conjure_core::rule_engine::resolve_rules::get_rule_set
FN:77,conjure_core::rule_engine::resolve_rules::get_rule_set
FN:148,conjure_core::rule_engine::resolve_rules::get_rules_grouped::{closure#0}
FN:142,conjure_core::rule_engine::resolve_rules::get_rules_grouped
FN:115,conjure_core::rule_engine::resolve_rules::get_rules
FN:33,<conjure_core::rule_engine::resolve_rules::RuleData as core::cmp::PartialEq>::eq
FN:33,<conjure_core::rule_engine::resolve_rules::RuleData as core::cmp::PartialEq>::eq
FN:148,conjure_core::rule_engine::resolve_rules::get_rules_grouped::{closure#0}
FN:151,conjure_core::rule_engine::resolve_rules::get_rules_grouped::{closure#1}
FN:19,<conjure_core::rule_engine::resolve_rules::RuleData as core::fmt::Display>::fmt
FN:165,conjure_core::rule_engine::resolve_rules::resolve_rule_sets
FN:19,<conjure_core::rule_engine::resolve_rules::RuleData as core::fmt::Display>::fmt
FN:151,conjure_core::rule_engine::resolve_rules::get_rules_grouped::{closure#1}
FN:165,conjure_core::rule_engine::resolve_rules::resolve_rule_sets
FN:93,conjure_core::rule_engine::resolve_rules::rule_sets_by_names
FN:93,conjure_core::rule_engine::resolve_rules::rule_sets_by_names
FN:48,<conjure_core::rule_engine::resolve_rules::RuleData as core::cmp::Ord>::cmp
FN:63,<conjure_core::rule_engine::resolve_rules::ResolveRulesError as core::fmt::Display>::fmt
FN:93,conjure_core::rule_engine::resolve_rules::rule_sets_by_names
FN:48,<conjure_core::rule_engine::resolve_rules::RuleData as core::cmp::Ord>::cmp
FN:142,conjure_core::rule_engine::resolve_rules::get_rules_grouped
FN:19,<conjure_core::rule_engine::resolve_rules::RuleData as core::fmt::Display>::fmt
FN:142,conjure_core::rule_engine::resolve_rules::get_rules_grouped
FN:148,conjure_core::rule_engine::resolve_rules::get_rules_grouped::{closure#0}
FN:115,conjure_core::rule_engine::resolve_rules::get_rules
FN:48,<conjure_core::rule_engine::resolve_rules::RuleData as core::cmp::Ord>::cmp
FN:42,<conjure_core::rule_engine::resolve_rules::RuleData as core::cmp::PartialOrd>::partial_cmp
FN:33,<conjure_core::rule_engine::resolve_rules::RuleData as core::cmp::PartialEq>::eq
FN:115,conjure_core::rule_engine::resolve_rules::get_rules
FN:151,conjure_core::rule_engine::resolve_rules::get_rules_grouped::{closure#1}
FNDA:0,<conjure_core::rule_engine::resolve_rules::RuleData as core::cmp::PartialOrd>::partial_cmp
FNDA:0,conjure_core::rule_engine::resolve_rules::resolve_rule_sets
FNDA:0,<conjure_core::rule_engine::resolve_rules::ResolveRulesError as core::fmt::Display>::fmt
FNDA:0,<conjure_core::rule_engine::resolve_rules::RuleData as core::cmp::PartialOrd>::partial_cmp
FNDA:0,conjure_core::rule_engine::resolve_rules::get_rule_set
FNDA:0,<conjure_core::rule_engine::resolve_rules::ResolveRulesError as core::fmt::Display>::fmt
FNDA:1,conjure_core::rule_engine::resolve_rules::get_rule_set
FNDA:0,conjure_core::rule_engine::resolve_rules::get_rule_set
FNDA:0,conjure_core::rule_engine::resolve_rules::get_rules_grouped::{closure#0}
FNDA:1,conjure_core::rule_engine::resolve_rules::get_rules_grouped
FNDA:0,conjure_core::rule_engine::resolve_rules::get_rules
FNDA:0,<conjure_core::rule_engine::resolve_rules::RuleData as core::cmp::PartialEq>::eq
FNDA:0,<conjure_core::rule_engine::resolve_rules::RuleData as core::cmp::PartialEq>::eq
FNDA:1,conjure_core::rule_engine::resolve_rules::get_rules_grouped::{closure#0}
FNDA:0,conjure_core::rule_engine::resolve_rules::get_rules_grouped::{closure#1}
FNDA:0,<conjure_core::rule_engine::resolve_rules::RuleData as core::fmt::Display>::fmt
FNDA:1,conjure_core::rule_engine::resolve_rules::resolve_rule_sets
FNDA:0,<conjure_core::rule_engine::resolve_rules::RuleData as core::fmt::Display>::fmt
FNDA:0,conjure_core::rule_engine::resolve_rules::get_rules_grouped::{closure#1}
FNDA:0,conjure_core::rule_engine::resolve_rules::resolve_rule_sets
FNDA:0,conjure_core::rule_engine::resolve_rules::rule_sets_by_names
FNDA:1,conjure_core::rule_engine::resolve_rules::rule_sets_by_names
FNDA:0,<conjure_core::rule_engine::resolve_rules::RuleData as core::cmp::Ord>::cmp
FNDA:0,<conjure_core::rule_engine::resolve_rules::ResolveRulesError as core::fmt::Display>::fmt
FNDA:0,conjure_core::rule_engine::resolve_rules::rule_sets_by_names
FNDA:1,<conjure_core::rule_engine::resolve_rules::RuleData as core::cmp::Ord>::cmp
FNDA:0,conjure_core::rule_engine::resolve_rules::get_rules_grouped
FNDA:0,<conjure_core::rule_engine::resolve_rules::RuleData as core::fmt::Display>::fmt
FNDA:0,conjure_core::rule_engine::resolve_rules::get_rules_grouped
FNDA:0,conjure_core::rule_engine::resolve_rules::get_rules_grouped::{closure#0}
FNDA:1,conjure_core::rule_engine::resolve_rules::get_rules
FNDA:0,<conjure_core::rule_engine::resolve_rules::RuleData as core::cmp::Ord>::cmp
FNDA:0,<conjure_core::rule_engine::resolve_rules::RuleData as core::cmp::PartialOrd>::partial_cmp
FNDA:0,<conjure_core::rule_engine::resolve_rules::RuleData as core::cmp::PartialEq>::eq
FNDA:0,conjure_core::rule_engine::resolve_rules::get_rules
FNDA:1,conjure_core::rule_engine::resolve_rules::get_rules_grouped::{closure#1}
FNF:36
FNH:8
BRF:0
BRH:0
DA:19,0
DA:20,0
DA:21,0
DA:22,0
DA:23,0
DA:24,0
DA:25,0
DA:33,0
DA:34,0
DA:35,0
DA:42,0
DA:43,0
DA:44,0
DA:48,918859
DA:49,918859
DA:50,264480
DA:51,654379
DA:53,918859
DA:63,0
DA:64,0
DA:65,0
DA:66,0
DA:67,0
DA:77,6194
DA:78,6194
DA:79,6194
DA:80,0
DA:82,6194
DA:93,2128
DA:94,2128
DA:95,2128
DA:96,2128
DA:98,8322
DA:99,6194
DA:100,6194
DA:101,6194
DA:102,6194
DA:105,2128
DA:106,2128
DA:115,2090
DA:116,2090
DA:117,2090
DA:118,2090
DA:119,2090
DA:120,2090
DA:122,10393
DA:123,137541
DA:124,137541
DA:125,137541
DA:126,137541
DA:127,137541
DA:128,137541
DA:129,137541
DA:132,2090
DA:133,2090
DA:142,2090
DA:143,2090
DA:144,2090
DA:145,2090
DA:146,2090
DA:147,2090
DA:148,137541
DA:149,2090
DA:150,2090
DA:151,35530
DA:152,2090
DA:153,2090
DA:154,2090
DA:165,2128
DA:166,2128
DA:167,2128
DA:168,2128
DA:169,2128
DA:170,2128
DA:171,2128
DA:173,2128
DA:174,2128
DA:175,2128
DA:177,2128
DA:178,2128
DA:179,2128
LF:81
LH:62
end_of_record
SF:crates/tree_morph/src/commands.rs
FN:65,<tree_morph::commands::Commands<mixed_fn_rules::Expr, ()>>::new
FN:42,rust_out::main::_doctest_main_crates_tree_morph_src_commands_rs_28_0::rule::{closure#0}
FN:95,<tree_morph::commands::Commands<rust_out::main::_doctest_main_crates_tree_morph_src_rule_rs_111_0::Foo, ()>>::apply
FN:95,<tree_morph::commands::Commands<mixed_fn_rules::Expr, ()>>::apply
FN:78,<tree_morph::commands::Commands<_, _>>::transform
FN:65,<tree_morph::commands::Commands<rust_out::main::_doctest_main_crates_tree_morph_src_commands_rs_28_0::Expr, bool>>::new
FN:85,<tree_morph::commands::Commands<enum_rules::Expr, enum_rules::Meta>>::mut_meta
FN:65,<tree_morph::commands::Commands<rust_out::main::_doctest_main_crates_tree_morph_src_rule_rs_38_0::Term, ()>>::new
FN:41,rust_out::main::_doctest_main_crates_tree_morph_src_commands_rs_28_0::rule
FN:85,<tree_morph::commands::Commands<_, _>>::mut_meta
FN:95,<tree_morph::commands::Commands<lambda_calc::Expr, u32>>::apply
FN:78,<tree_morph::commands::Commands<conjure_core::ast::expressions::Expression, conjure_core::ast::symbol_table::SymbolTable>>::transform
FN:95,<tree_morph::commands::Commands<shapes::Shape, ()>>::apply
FN:95,<tree_morph::commands::Commands<conjure_core::ast::expressions::Expression, conjure_core::ast::symbol_table::SymbolTable>>::apply
FN:85,<tree_morph::commands::Commands<conjure_core::ast::expressions::Expression, conjure_core::ast::symbol_table::SymbolTable>>::mut_meta
FN:65,<tree_morph::commands::Commands<rule_groups::Expr, ()>>::new
FN:65,<tree_morph::commands::Commands<shapes::Shape, ()>>::new
FN:85,<tree_morph::commands::Commands<rust_out::main::_doctest_main_crates_tree_morph_src_engine_rs_32_0::Expr, i32>>::mut_meta
FN:95,<tree_morph::commands::Commands<_, _>>::apply
FN:95,<tree_morph::commands::Commands<rust_out::main::_doctest_main_crates_tree_morph_src_rule_rs_38_0::Term, ()>>::apply
FN:65,<tree_morph::commands::Commands<rust_out::main::_doctest_main_crates_tree_morph_src_rule_rs_111_0::Foo, ()>>::new
FN:65,<tree_morph::commands::Commands<conjure_core::ast::expressions::Expression, conjure_core::ast::symbol_table::SymbolTable>>::new
FN:46,rust_out::main::_doctest_main_crates_tree_morph_src_commands_rs_28_0::rule::{closure#1}
FN:65,<tree_morph::commands::Commands<enum_rules::Expr, enum_rules::Meta>>::new
FN:65,<tree_morph::commands::Commands<rust_out::main::_doctest_main_crates_tree_morph_src_engine_rs_32_0::Expr, i32>>::new
FN:85,<tree_morph::commands::Commands<rust_out::main::_doctest_main_crates_tree_morph_src_commands_rs_28_0::Expr, bool>>::mut_meta
FN:85,<tree_morph::commands::Commands<lambda_calc::Expr, u32>>::mut_meta
FN:95,<tree_morph::commands::Commands<rust_out::main::_doctest_main_crates_tree_morph_src_commands_rs_28_0::Expr, bool>>::apply
FN:90,<tree_morph::commands::Commands<_, _>>::clear
FN:65,<tree_morph::commands::Commands<lambda_calc::Expr, u32>>::new
FN:95,<tree_morph::commands::Commands<rule_groups::Expr, ()>>::apply
FN:95,<tree_morph::commands::Commands<enum_rules::Expr, enum_rules::Meta>>::apply
FN:85,<tree_morph::commands::Commands<conjure_core::ast::expressions::Expression, conjure_core::ast::symbol_table::SymbolTable>>::mut_meta
FN:78,<tree_morph::commands::Commands<conjure_core::ast::expressions::Expression, conjure_core::ast::symbol_table::SymbolTable>>::transform
FN:78,<tree_morph::commands::Commands<rust_out::main::_doctest_main_crates_tree_morph_src_commands_rs_28_0::Expr, bool>>::transform
FN:29,rust_out::main
FN:65,<tree_morph::commands::Commands<_, _>>::new
FN:29,rust_out::main::_doctest_main_crates_tree_morph_src_commands_rs_28_0
FN:95,<tree_morph::commands::Commands<rust_out::main::_doctest_main_crates_tree_morph_src_engine_rs_32_0::Expr, i32>>::apply
FNDA:1,<tree_morph::commands::Commands<mixed_fn_rules::Expr, ()>>::new
FNDA:1,rust_out::main::_doctest_main_crates_tree_morph_src_commands_rs_28_0::rule::{closure#0}
FNDA:0,<tree_morph::commands::Commands<rust_out::main::_doctest_main_crates_tree_morph_src_rule_rs_111_0::Foo, ()>>::apply
FNDA:1,<tree_morph::commands::Commands<mixed_fn_rules::Expr, ()>>::apply
FNDA:0,<tree_morph::commands::Commands<_, _>>::transform
FNDA:1,<tree_morph::commands::Commands<rust_out::main::_doctest_main_crates_tree_morph_src_commands_rs_28_0::Expr, bool>>::new
FNDA:1,<tree_morph::commands::Commands<enum_rules::Expr, enum_rules::Meta>>::mut_meta
FNDA:1,<tree_morph::commands::Commands<rust_out::main::_doctest_main_crates_tree_morph_src_rule_rs_38_0::Term, ()>>::new
FNDA:1,rust_out::main::_doctest_main_crates_tree_morph_src_commands_rs_28_0::rule
FNDA:0,<tree_morph::commands::Commands<_, _>>::mut_meta
FNDA:1,<tree_morph::commands::Commands<lambda_calc::Expr, u32>>::apply
FNDA:0,<tree_morph::commands::Commands<conjure_core::ast::expressions::Expression, conjure_core::ast::symbol_table::SymbolTable>>::transform
FNDA:1,<tree_morph::commands::Commands<shapes::Shape, ()>>::apply
FNDA:0,<tree_morph::commands::Commands<conjure_core::ast::expressions::Expression, conjure_core::ast::symbol_table::SymbolTable>>::apply
FNDA:0,<tree_morph::commands::Commands<conjure_core::ast::expressions::Expression, conjure_core::ast::symbol_table::SymbolTable>>::mut_meta
FNDA:1,<tree_morph::commands::Commands<rule_groups::Expr, ()>>::new
FNDA:1,<tree_morph::commands::Commands<shapes::Shape, ()>>::new
FNDA:1,<tree_morph::commands::Commands<rust_out::main::_doctest_main_crates_tree_morph_src_engine_rs_32_0::Expr, i32>>::mut_meta
FNDA:0,<tree_morph::commands::Commands<_, _>>::apply
FNDA:1,<tree_morph::commands::Commands<rust_out::main::_doctest_main_crates_tree_morph_src_rule_rs_38_0::Term, ()>>::apply
FNDA:1,<tree_morph::commands::Commands<rust_out::main::_doctest_main_crates_tree_morph_src_rule_rs_111_0::Foo, ()>>::new
FNDA:0,<tree_morph::commands::Commands<conjure_core::ast::expressions::Expression, conjure_core::ast::symbol_table::SymbolTable>>::new
FNDA:1,rust_out::main::_doctest_main_crates_tree_morph_src_commands_rs_28_0::rule::{closure#1}
FNDA:1,<tree_morph::commands::Commands<enum_rules::Expr, enum_rules::Meta>>::new
FNDA:1,<tree_morph::commands::Commands<rust_out::main::_doctest_main_crates_tree_morph_src_engine_rs_32_0::Expr, i32>>::new
FNDA:1,<tree_morph::commands::Commands<rust_out::main::_doctest_main_crates_tree_morph_src_commands_rs_28_0::Expr, bool>>::mut_meta
FNDA:1,<tree_morph::commands::Commands<lambda_calc::Expr, u32>>::mut_meta
FNDA:1,<tree_morph::commands::Commands<rust_out::main::_doctest_main_crates_tree_morph_src_commands_rs_28_0::Expr, bool>>::apply
FNDA:0,<tree_morph::commands::Commands<_, _>>::clear
FNDA:1,<tree_morph::commands::Commands<lambda_calc::Expr, u32>>::new
FNDA:1,<tree_morph::commands::Commands<rule_groups::Expr, ()>>::apply
FNDA:1,<tree_morph::commands::Commands<enum_rules::Expr, enum_rules::Meta>>::apply
FNDA:0,<tree_morph::commands::Commands<conjure_core::ast::expressions::Expression, conjure_core::ast::symbol_table::SymbolTable>>::mut_meta
FNDA:0,<tree_morph::commands::Commands<conjure_core::ast::expressions::Expression, conjure_core::ast::symbol_table::SymbolTable>>::transform
FNDA:1,<tree_morph::commands::Commands<rust_out::main::_doctest_main_crates_tree_morph_src_commands_rs_28_0::Expr, bool>>::transform
FNDA:1,rust_out::main
FNDA:0,<tree_morph::commands::Commands<_, _>>::new
FNDA:1,rust_out::main::_doctest_main_crates_tree_morph_src_commands_rs_28_0
FNDA:1,<tree_morph::commands::Commands<rust_out::main::_doctest_main_crates_tree_morph_src_engine_rs_32_0::Expr, i32>>::apply
FNF:39
FNH:27
BRF:0
BRH:0
DA:29,1
DA:41,2
DA:42,2
DA:43,1
DA:44,0
DA:45,2
DA:46,2
DA:47,2
DA:48,2
DA:49,1
DA:50,1
DA:52,2
DA:55,1
DA:56,1
DA:57,1
DA:58,1
DA:59,1
DA:60,1
DA:65,114
DA:66,114
DA:67,114
DA:68,114
DA:69,114
DA:78,2
DA:79,2
DA:80,2
DA:85,56
DA:86,56
DA:87,56
DA:90,0
DA:91,0
DA:92,0
DA:95,32
DA:96,54
DA:97,22
DA:98,1
DA:99,21
DA:102,32
DA:103,32
LF:39
LH:35
end_of_record
SF:crates/conjure_core/src/ast/variables.rs
FN:60,<conjure_core::ast::variables::DecisionVariable as core::fmt::Display>::fmt
FN:54,<conjure_core::ast::variables::DecisionVariable as conjure_core::ast::types::Typeable>::return_type
FN:32,<conjure_core::ast::variables::DecisionVariable as core::hash::Hash>::hash::<_>
FN:32,<conjure_core::ast::variables::DecisionVariable as core::hash::Hash>::hash::<_>
FN:32,<conjure_core::ast::variables::DecisionVariable as core::hash::Hash>::hash::<_>
FN:45,<conjure_core::ast::variables::DecisionVariable>::new
FN:60,<conjure_core::ast::variables::DecisionVariable as core::fmt::Display>::fmt
FN:54,<conjure_core::ast::variables::DecisionVariable as conjure_core::ast::types::Typeable>::return_type
FN:54,<conjure_core::ast::variables::DecisionVariable as conjure_core::ast::types::Typeable>::return_type
FN:45,<conjure_core::ast::variables::DecisionVariable>::new
FN:60,<conjure_core::ast::variables::DecisionVariable as core::fmt::Display>::fmt
FN:45,<conjure_core::ast::variables::DecisionVariable>::new
FNDA:0,<conjure_core::ast::variables::DecisionVariable as core::fmt::Display>::fmt
FNDA:0,<conjure_core::ast::variables::DecisionVariable as conjure_core::ast::types::Typeable>::return_type
FNDA:0,<conjure_core::ast::variables::DecisionVariable as core::hash::Hash>::hash::<_>
FNDA:0,<conjure_core::ast::variables::DecisionVariable as core::hash::Hash>::hash::<_>
FNDA:0,<conjure_core::ast::variables::DecisionVariable as core::hash::Hash>::hash::<_>
FNDA:0,<conjure_core::ast::variables::DecisionVariable>::new
FNDA:0,<conjure_core::ast::variables::DecisionVariable as core::fmt::Display>::fmt
FNDA:0,<conjure_core::ast::variables::DecisionVariable as conjure_core::ast::types::Typeable>::return_type
FNDA:0,<conjure_core::ast::variables::DecisionVariable as conjure_core::ast::types::Typeable>::return_type
FNDA:1,<conjure_core::ast::variables::DecisionVariable>::new
FNDA:0,<conjure_core::ast::variables::DecisionVariable as core::fmt::Display>::fmt
FNDA:1,<conjure_core::ast::variables::DecisionVariable>::new
FNF:12
FNH:2
BRF:0
BRH:0
DA:32,0
DA:45,13227
DA:46,13227
DA:47,13227
DA:48,13227
DA:49,13227
DA:50,13227
DA:54,0
DA:55,0
DA:60,0
DA:61,0
DA:62,0
LF:12
LH:6
end_of_record
SF:solvers/minion/src/error.rs
FN:47,<minion_rs::error::RuntimeError as core::convert::From<u32>>::from
FN:47,<minion_rs::error::RuntimeError as core::convert::From<u32>>::from
FNDA:0,<minion_rs::error::RuntimeError as core::convert::From<u32>>::from
FNDA:0,<minion_rs::error::RuntimeError as core::convert::From<u32>>::from
FNF:2
FNH:0
BRF:0
BRH:0
DA:47,0
DA:48,0
DA:50,0
DA:51,0
DA:53,0
LF:5
LH:0
end_of_record
SF:crates/conjure_core/src/ast/symbol_table.rs
FN:407,<conjure_core::ast::symbol_table::SymbolTable as core::clone::Clone>::clone::{closure#0}
FN:154,<conjure_core::ast::symbol_table::SymbolTable>::return_type
FN:184,<conjure_core::ast::symbol_table::SymbolTable>::resolve_domain
FN:197,<conjure_core::ast::symbol_table::SymbolTable>::extend
FN:393,<conjure_core::ast::symbol_table::SymbolTable as conjure_core::ast::serde::DefaultWithId>::default_with_id
FN:197,<conjure_core::ast::symbol_table::SymbolTable>::extend
FN:148,<conjure_core::ast::symbol_table::SymbolTable>::update_insert
FN:126,<conjure_core::ast::symbol_table::SymbolTable>::lookup
FN:160,<conjure_core::ast::symbol_table::SymbolTable>::return_type_local::{closure#0}
FN:107,<conjure_core::ast::symbol_table::SymbolTable>::new_inner::{closure#0}
FN:407,<conjure_core::ast::symbol_table::SymbolTable as core::clone::Clone>::clone::{closure#0}
FN:137,<conjure_core::ast::symbol_table::SymbolTable>::insert
FN:472,<conjure_core::ast::symbol_table::SymbolTable as uniplate::traits::Biplate<conjure_core::ast::comprehension::Comprehension>>::biplate::{closure#0}
FN:80,<<conjure_core::ast::symbol_table::SymbolTable as serde::de::Deserialize>::deserialize::__Visitor as serde::de::Visitor>::visit_seq::<serde_json::de::SeqAccess<serde_json::read::StrRead>>::{closure#0}
FN:184,<conjure_core::ast::symbol_table::SymbolTable>::resolve_domain
FN:102,<conjure_core::ast::symbol_table::SymbolTable>::with_parent
FN:296,<conjure_core::ast::symbol_table::SymbolTable>::get_or_add_representation::{closure#0}
FN:130,<conjure_core::ast::symbol_table::SymbolTable>::lookup::{closure#0}::{closure#0}
FN:102,<conjure_core::ast::symbol_table::SymbolTable>::with_parent
FN:185,<conjure_core::ast::symbol_table::SymbolTable>::resolve_domain::{closure#0}
FN:317,<conjure_core::ast::symbol_table::SymbolTable>::get_or_add_representation::{closure#1}::{closure#0}
FN:225,<conjure_core::ast::symbol_table::SymbolTable>::parent_mut_unchecked
FN:185,<conjure_core::ast::symbol_table::SymbolTable>::resolve_domain::{closure#0}
FN:167,<conjure_core::ast::symbol_table::SymbolTable>::domain
FN:404,<conjure_core::ast::symbol_table::SymbolTable as core::clone::Clone>::clone
FN:107,<conjure_core::ast::symbol_table::SymbolTable>::new_inner::{closure#0}
FN:155,<conjure_core::ast::symbol_table::SymbolTable>::return_type::{closure#0}
[...]
FNDA:0,<conjure_core::metadata::Metadata>::clone_dirty
FNDA:0,<conjure_core::metadata::Metadata>::clone_dirty
FNDA:0,<conjure_core::metadata::Metadata>::new
FNDA:0,<conjure_core::metadata::Metadata as core::fmt::Display>::fmt
FNDA:1,<conjure_core::metadata::Metadata>::clone_dirty
FNDA:0,<conjure_core::metadata::Metadata as core::fmt::Display>::fmt
FNF:9
FNH:3
BRF:0
BRH:0
DA:15,106831
DA:16,106831
DA:17,106831
DA:18,106831
DA:19,106831
DA:20,106831
DA:22,2793
DA:23,2793
DA:24,2793
DA:25,2793
DA:26,2793
DA:27,2793
DA:31,0
DA:32,0
DA:33,0
LF:15
LH:12
end_of_record
SF:conjure_oxide/src/utils/testing.rs
FN:59,conjure_oxide::utils::testing::save_model_json
FN:222,conjure_oxide::utils::testing::normalize_solutions_for_comparison
FN:46,conjure_oxide::utils::testing::serialise_model
FN:89,conjure_oxide::utils::testing::read_model_json
FN:59,conjure_oxide::utils::testing::save_model_json
FN:46,conjure_oxide::utils::testing::serialise_model
FN:251,conjure_oxide::utils::testing::normalize_solutions_for_comparison::{closure#1}
FN:25,conjure_oxide::utils::testing::assert_eq_any_order::<_>
FN:71,conjure_oxide::utils::testing::save_stats_json
FN:231,conjure_oxide::utils::testing::normalize_solutions_for_comparison::{closure#0}
FN:222,conjure_oxide::utils::testing::normalize_solutions_for_comparison
FN:255,conjure_oxide::utils::testing::normalize_solutions_for_comparison::{closure#1}::{closure#0}
FN:89,conjure_oxide::utils::testing::read_model_json
FN:158,conjure_oxide::utils::testing::read_minion_solutions_json
FN:46,conjure_oxide::utils::testing::serialise_model
FN:255,conjure_oxide::utils::testing::normalize_solutions_for_comparison::{closure#1}::{closure#0}
FN:207,conjure_oxide::utils::testing::read_human_rule_trace
FN:144,conjure_oxide::utils::testing::save_minion_solutions_json
FN:105,conjure_oxide::utils::testing::minion_solutions_from_json
FN:144,conjure_oxide::utils::testing::save_minion_solutions_json
FN:174,conjure_oxide::utils::testing::read_rule_trace
FN:174,conjure_oxide::utils::testing::read_rule_trace
FN:222,conjure_oxide::utils::testing::normalize_solutions_for_comparison
FN:25,conjure_oxide::utils::testing::assert_eq_any_order::<_>
FN:255,conjure_oxide::utils::testing::normalize_solutions_for_comparison::{closure#1}::{closure#0}
FN:105,conjure_oxide::utils::testing::minion_solutions_from_json
FN:25,conjure_oxide::utils::testing::assert_eq_any_order::<_>
FN:144,conjure_oxide::utils::testing::save_minion_solutions_json
FN:59,conjure_oxide::utils::testing::save_model_json
FN:251,conjure_oxide::utils::testing::normalize_solutions_for_comparison::{closure#1}
FN:207,conjure_oxide::utils::testing::read_human_rule_trace
FN:231,conjure_oxide::utils::testing::normalize_solutions_for_comparison::{closure#0}
FN:158,conjure_oxide::utils::testing::read_minion_solutions_json
FN:158,conjure_oxide::utils::testing::read_minion_solutions_json
FN:231,conjure_oxide::utils::testing::normalize_solutions_for_comparison::{closure#0}
FN:89,conjure_oxide::utils::testing::read_model_json
FN:251,conjure_oxide::utils::testing::normalize_solutions_for_comparison::{closure#1}
FN:174,conjure_oxide::utils::testing::read_rule_trace
FN:207,conjure_oxide::utils::testing::read_human_rule_trace
FN:71,conjure_oxide::utils::testing::save_stats_json
FN:71,conjure_oxide::utils::testing::save_stats_json
FN:105,conjure_oxide::utils::testing::minion_solutions_from_json
FNDA:0,conjure_oxide::utils::testing::save_model_json
FNDA:0,conjure_oxide::utils::testing::normalize_solutions_for_comparison
FNDA:0,conjure_oxide::utils::testing::serialise_model
FNDA:0,conjure_oxide::utils::testing::read_model_json
FNDA:0,conjure_oxide::utils::testing::save_model_json
FNDA:0,conjure_oxide::utils::testing::serialise_model
FNDA:0,conjure_oxide::utils::testing::normalize_solutions_for_comparison::{closure#1}
FNDA:0,conjure_oxide::utils::testing::assert_eq_any_order::<_>
FNDA:0,conjure_oxide::utils::testing::save_stats_json
FNDA:0,conjure_oxide::utils::testing::normalize_solutions_for_comparison::{closure#0}
FNDA:0,conjure_oxide::utils::testing::normalize_solutions_for_comparison
FNDA:0,conjure_oxide::utils::testing::normalize_solutions_for_comparison::{closure#1}::{closure#0}
FNDA:1,conjure_oxide::utils::testing::read_model_json
FNDA:1,conjure_oxide::utils::testing::read_minion_solutions_json
FNDA:1,conjure_oxide::utils::testing::serialise_model
FNDA:0,conjure_oxide::utils::testing::normalize_solutions_for_comparison::{closure#1}::{closure#0}
FNDA:0,conjure_oxide::utils::testing::read_human_rule_trace
FNDA:0,conjure_oxide::utils::testing::save_minion_solutions_json
FNDA:0,conjure_oxide::utils::testing::minion_solutions_from_json
FNDA:0,conjure_oxide::utils::testing::save_minion_solutions_json
FNDA:0,conjure_oxide::utils::testing::read_rule_trace
FNDA:0,conjure_oxide::utils::testing::read_rule_trace
FNDA:0,conjure_oxide::utils::testing::normalize_solutions_for_comparison
FNDA:0,conjure_oxide::utils::testing::assert_eq_any_order::<_>
FNDA:0,conjure_oxide::utils::testing::normalize_solutions_for_comparison::{closure#1}::{closure#0}
FNDA:0,conjure_oxide::utils::testing::minion_solutions_from_json
FNDA:0,conjure_oxide::utils::testing::assert_eq_any_order::<_>
FNDA:1,conjure_oxide::utils::testing::save_minion_solutions_json
FNDA:1,conjure_oxide::utils::testing::save_model_json
FNDA:0,conjure_oxide::utils::testing::normalize_solutions_for_comparison::{closure#1}
FNDA:0,conjure_oxide::utils::testing::read_human_rule_trace
FNDA:0,conjure_oxide::utils::testing::normalize_solutions_for_comparison::{closure#0}
FNDA:0,conjure_oxide::utils::testing::read_minion_solutions_json
FNDA:0,conjure_oxide::utils::testing::read_minion_solutions_json
FNDA:0,conjure_oxide::utils::testing::normalize_solutions_for_comparison::{closure#0}
FNDA:0,conjure_oxide::utils::testing::read_model_json
FNDA:0,conjure_oxide::utils::testing::normalize_solutions_for_comparison::{closure#1}
FNDA:0,conjure_oxide::utils::testing::read_rule_trace
FNDA:0,conjure_oxide::utils::testing::read_human_rule_trace
FNDA:0,conjure_oxide::utils::testing::save_stats_json
FNDA:1,conjure_oxide::utils::testing::save_stats_json
FNDA:0,conjure_oxide::utils::testing::minion_solutions_from_json
FNF:42
FNH:6
BRF:0
BRH:0
DA:25,0
DA:26,0
DA:28,0
DA:29,0
DA:30,0
DA:31,0
DA:32,0
DA:34,0
DA:35,0
DA:36,0
DA:37,0
DA:38,0
DA:40,0
DA:41,0
DA:42,0
DA:44,0
DA:46,1505
DA:47,1505
DA:48,1505
DA:49,1505
DA:50,1505
DA:51,1505
DA:54,1505
DA:56,1505
DA:57,1505
DA:59,1505
DA:60,1505
DA:61,1505
DA:62,1505
DA:63,1505
DA:64,1505
DA:65,1505
DA:66,1505
DA:67,1505
DA:68,1505
DA:69,1505
DA:71,756
DA:72,756
DA:73,756
DA:74,756
DA:75,756
DA:76,756
DA:77,756
DA:78,756
DA:81,756
DA:83,756
DA:84,756
DA:86,756
DA:87,756
DA:89,2261
DA:90,2261
DA:91,2261
DA:92,2261
DA:93,2261
DA:94,2261
DA:95,2261
DA:96,2261
DA:97,2261
DA:98,2261
DA:99,2261
DA:100,2261
DA:102,2261
DA:103,2261
DA:105,0
DA:106,0
DA:107,0
DA:108,0
DA:110,0
DA:111,0
DA:112,0
DA:114,0
DA:116,0
DA:117,0
DA:118,0
DA:119,0
DA:120,0
DA:122,0
DA:123,0
DA:124,0
DA:125,0
DA:126,0
DA:127,0
DA:128,0
DA:130,0
DA:131,0
DA:134,0
DA:137,0
DA:140,0
DA:141,0
DA:144,742
DA:145,742
DA:146,742
DA:147,742
DA:148,742
DA:149,742
DA:150,742
DA:152,742
DA:153,742
DA:155,742
DA:156,742
DA:158,742
DA:159,742
DA:160,742
DA:161,742
DA:162,742
DA:163,742
DA:164,742
DA:166,742
DA:167,742
DA:169,742
DA:170,742
DA:174,0
DA:175,0
DA:176,0
DA:177,0
DA:178,0
DA:179,0
DA:180,0
DA:181,0
DA:182,0
DA:183,0
DA:184,0
DA:185,0
DA:186,0
DA:187,0
DA:188,0
DA:189,0
DA:190,0
DA:191,0
DA:192,0
DA:193,0
DA:196,0
DA:197,0
DA:198,0
DA:199,0
DA:200,0
DA:201,0
DA:203,0
DA:204,0
DA:207,0
DA:208,0
DA:209,0
DA:210,0
DA:211,0
DA:212,0
DA:213,0
DA:214,0
DA:215,0
DA:216,0
DA:217,0
DA:218,0
DA:219,0
DA:222,0
DA:223,0
DA:224,0
DA:225,0
DA:227,0
DA:229,0
DA:230,0
DA:231,0
DA:232,0
DA:233,0
DA:234,0
DA:235,0
DA:236,0
DA:238,0
DA:239,0
DA:240,0
DA:241,0
DA:242,0
DA:243,0
DA:244,0
DA:245,0
DA:246,0
DA:247,0
DA:248,0
DA:249,0
DA:250,0
DA:251,0
DA:252,0
DA:253,0
DA:254,0
DA:255,0
DA:256,0
DA:257,0
DA:258,0
DA:259,0
DA:260,0
DA:261,0
DA:262,0
DA:264,0
DA:265,0
DA:266,0
DA:267,0
DA:268,0
DA:269,0
DA:271,0
DA:274,0
DA:275,0
DA:276,0
DA:280,0
DA:281,0
DA:282,0
LF:203
LH:69
end_of_record
SF:crates/tree_morph/tests/enum_rules.rs
FN:40,<enum_rules::MyRule as tree_morph::rule::Rule<enum_rules::Expr, enum_rules::Meta>>::apply
FN:24,enum_rules::rule_eval_mul
FN:41,<enum_rules::MyRule as tree_morph::rule::Rule<enum_rules::Expr, enum_rules::Meta>>::apply::{closure#0}
FN:69,enum_rules::add_zero
FN:53,enum_rules::single_var
FN:14,enum_rules::rule_eval_add
FN:117,enum_rules::eval_nested
FN:85,enum_rules::mul_one
FN:101,enum_rules::eval_add
FNDA:1,<enum_rules::MyRule as tree_morph::rule::Rule<enum_rules::Expr, enum_rules::Meta>>::apply
FNDA:1,enum_rules::rule_eval_mul
FNDA:1,<enum_rules::MyRule as tree_morph::rule::Rule<enum_rules::Expr, enum_rules::Meta>>::apply::{closure#0}
FNDA:1,enum_rules::add_zero
FNDA:1,enum_rules::single_var
FNDA:1,enum_rules::rule_eval_add
FNDA:1,enum_rules::eval_nested
FNDA:1,enum_rules::mul_one
FNDA:1,enum_rules::eval_add
FNF:9
FNH:9
BRF:0
BRH:0
DA:14,11
DA:15,11
DA:16,3
DA:17,3
DA:18,0
DA:20,8
DA:22,11
DA:24,11
DA:25,11
DA:26,3
DA:27,2
DA:28,1
DA:30,8
DA:32,11
DA:40,22
DA:41,22
DA:42,22
DA:43,11
DA:44,11
DA:46,22
DA:53,1
DA:54,1
DA:55,1
DA:56,1
DA:57,1
DA:58,1
DA:59,1
DA:60,1
DA:61,1
DA:62,1
DA:63,1
DA:64,1
DA:65,1
DA:66,1
DA:69,1
DA:70,1
DA:71,1
DA:72,1
DA:73,1
DA:74,1
DA:75,1
DA:76,1
DA:77,1
DA:78,1
DA:79,1
DA:80,1
DA:81,1
DA:82,1
DA:85,1
DA:86,1
DA:87,1
DA:88,1
DA:89,1
DA:90,1
DA:91,1
DA:92,1
DA:93,1
DA:94,1
DA:95,1
DA:96,1
DA:97,1
DA:98,1
DA:101,1
DA:102,1
DA:103,1
DA:104,1
DA:105,1
DA:106,1
DA:107,1
DA:108,1
DA:109,1
DA:110,1
DA:111,1
DA:112,1
DA:113,1
DA:114,1
DA:117,1
DA:118,1
DA:119,1
DA:120,1
DA:121,1
DA:122,1
DA:123,1
DA:124,1
DA:125,1
DA:126,1
DA:127,1
DA:128,1
DA:129,1
DA:130,1
DA:131,1
DA:132,1
DA:133,1
LF:93
LH:92
end_of_record
SF:crates/conjure_core/src/ast/domains.rs
FN:162,<conjure_core::ast::domains::Domain>::values::{closure#0}::{closure#0}
FN:90,<conjure_core::ast::domains::Domain>::contains::{closure#0}
FN:288,<conjure_core::ast::domains::Domain as conjure_core::ast::types::Typeable>::return_type
FN:157,<conjure_core::ast::domains::Domain>::values
FN:141,<conjure_core::ast::domains::Domain>::values_i32::{closure#0}
FN:28,<conjure_core::ast::domains::Range<i32>>::contains
FN:80,<conjure_core::ast::domains::Domain>::contains
FN:162,<conjure_core::ast::domains::Domain>::values::{closure#0}
FN:258,<conjure_core::ast::domains::Domain as core::fmt::Display>::fmt
FN:202,<conjure_core::ast::domains::Domain>::is_finite
FN:162,<conjure_core::ast::domains::Domain>::values::{closure#0}
FN:157,<conjure_core::ast::domains::Domain>::values
FN:162,<conjure_core::ast::domains::Domain>::values::{closure#0}::{closure#0}
FN:136,<conjure_core::ast::domains::Domain>::values_i32
FN:232,<conjure_core::ast::domains::Domain>::resolve
FN:157,<conjure_core::ast::domains::Domain>::values
FN:300,conjure_core::ast::domains::tests::test_negative_product::{closure#0}
FN:80,<conjure_core::ast::domains::Domain>::contains
FN:162,<conjure_core::ast::domains::Domain>::values::{closure#0}
FN:175,<conjure_core::ast::domains::Domain>::length
FN:185,<conjure_core::ast::domains::Domain>::apply_i32
FN:176,<conjure_core::ast::domains::Domain>::length::{closure#0}
FN:39,<conjure_core::ast::domains::Range<i32> as core::fmt::Display>::fmt
FN:202,<conjure_core::ast::domains::Domain>::is_finite
FN:176,<conjure_core::ast::domains::Domain>::length::{closure#0}
FN:258,<conjure_core::ast::domains::Domain as core::fmt::Display>::fmt
FN:297,conjure_core::ast::domains::tests::test_negative_product
FN:211,<conjure_core::ast::domains::Domain>::is_finite::{closure#0}
FN:232,<conjure_core::ast::domains::Domain>::resolve
FN:136,<conjure_core::ast::domains::Domain>::values_i32
FN:80,<conjure_core::ast::domains::Domain>::contains
FN:175,<conjure_core::ast::domains::Domain>::length
FN:28,<conjure_core::ast::domains::Range<i32>>::contains
FN:175,<conjure_core::ast::domains::Domain>::length
FN:264,<conjure_core::ast::domains::Domain as core::fmt::Display>::fmt::{closure#0}
FN:288,<conjure_core::ast::domains::Domain as conjure_core::ast::types::Typeable>::return_type
FN:185,<conjure_core::ast::domains::Domain>::apply_i32
FN:321,conjure_core::ast::domains::tests::test_negative_div::{closure#0}
FN:28,<conjure_core::ast::domains::Range<i32>>::contains
FN:39,<conjure_core::ast::domains::Range<i32> as core::fmt::Display>::fmt
FN:317,conjure_core::ast::domains::tests::test_negative_div
FN:136,<conjure_core::ast::domains::Domain>::values_i32
FN:141,<conjure_core::ast::domains::Domain>::values_i32::{closure#0}
FN:232,<conjure_core::ast::domains::Domain>::resolve
FN:288,<conjure_core::ast::domains::Domain as conjure_core::ast::types::Typeable>::return_type
FN:202,<conjure_core::ast::domains::Domain>::is_finite
FN:176,<conjure_core::ast::domains::Domain>::length::{closure#0}
FN:264,<conjure_core::ast::domains::Domain as core::fmt::Display>::fmt::{closure#0}
FN:185,<conjure_core::ast::domains::Domain>::apply_i32
FN:39,<conjure_core::ast::domains::Range<i32> as core::fmt::Display>::fmt
FN:90,<conjure_core::ast::domains::Domain>::contains::{closure#0}
FN:258,<conjure_core::ast::domains::Domain as core::fmt::Display>::fmt
FN:90,<conjure_core::ast::domains::Domain>::contains::{closure#0}
FN:211,<conjure_core::ast::domains::Domain>::is_finite::{closure#0}
FN:162,<conjure_core::ast::domains::Domain>::values::{closure#0}::{closure#0}
FN:211,<conjure_core::ast::domains::Domain>::is_finite::{closure#0}
FN:264,<conjure_core::ast::domains::Domain as core::fmt::Display>::fmt::{closure#0}
FN:141,<conjure_core::ast::domains::Domain>::values_i32::{closure#0}
FNDA:0,<conjure_core::ast::domains::Domain>::values::{closure#0}::{closure#0}
FNDA:0,<conjure_core::ast::domains::Domain>::contains::{closure#0}
FNDA:0,<conjure_core::ast::domains::Domain as conjure_core::ast::types::Typeable>::return_type
FNDA:0,<conjure_core::ast::domains::Domain>::values
FNDA:1,<conjure_core::ast::domains::Domain>::values_i32::{closure#0}
FNDA:0,<conjure_core::ast::domains::Range<i32>>::contains
FNDA:0,<conjure_core::ast::domains::Domain>::contains
FNDA:1,<conjure_core::ast::domains::Domain>::values::{closure#0}
FNDA:0,<conjure_core::ast::domains::Domain as core::fmt::Display>::fmt
FNDA:1,<conjure_core::ast::domains::Domain>::is_finite
FNDA:0,<conjure_core::ast::domains::Domain>::values::{closure#0}
FNDA:1,<conjure_core::ast::domains::Domain>::values
FNDA:0,<conjure_core::ast::domains::Domain>::values::{closure#0}::{closure#0}
FNDA:0,<conjure_core::ast::domains::Domain>::values_i32
FNDA:0,<conjure_core::ast::domains::Domain>::resolve
FNDA:0,<conjure_core::ast::domains::Domain>::values
FNDA:1,conjure_core::ast::domains::tests::test_negative_product::{closure#0}
FNDA:1,<conjure_core::ast::domains::Domain>::contains
FNDA:0,<conjure_core::ast::domains::Domain>::values::{closure#0}
FNDA:0,<conjure_core::ast::domains::Domain>::length
FNDA:1,<conjure_core::ast::domains::Domain>::apply_i32
FNDA:0,<conjure_core::ast::domains::Domain>::length::{closure#0}
FNDA:0,<conjure_core::ast::domains::Range<i32> as core::fmt::Display>::fmt
FNDA:0,<conjure_core::ast::domains::Domain>::is_finite
FNDA:0,<conjure_core::ast::domains::Domain>::length::{closure#0}
FNDA:1,<conjure_core::ast::domains::Domain as core::fmt::Display>::fmt
FNDA:1,conjure_core::ast::domains::tests::test_negative_product
FNDA:1,<conjure_core::ast::domains::Domain>::is_finite::{closure#0}
FNDA:1,<conjure_core::ast::domains::Domain>::resolve
FNDA:1,<conjure_core::ast::domains::Domain>::values_i32
FNDA:0,<conjure_core::ast::domains::Domain>::contains
FNDA:0,<conjure_core::ast::domains::Domain>::length
FNDA:0,<conjure_core::ast::domains::Range<i32>>::contains
FNDA:0,<conjure_core::ast::domains::Domain>::length
FNDA:0,<conjure_core::ast::domains::Domain as core::fmt::Display>::fmt::{closure#0}
FNDA:0,<conjure_core::ast::domains::Domain as conjure_core::ast::types::Typeable>::return_type
FNDA:1,<conjure_core::ast::domains::Domain>::apply_i32
FNDA:1,conjure_core::ast::domains::tests::test_negative_div::{closure#0}
FNDA:1,<conjure_core::ast::domains::Range<i32>>::contains
FNDA:1,<conjure_core::ast::domains::Range<i32> as core::fmt::Display>::fmt
FNDA:1,conjure_core::ast::domains::tests::test_negative_div
FNDA:1,<conjure_core::ast::domains::Domain>::values_i32
FNDA:0,<conjure_core::ast::domains::Domain>::values_i32::{closure#0}
FNDA:1,<conjure_core::ast::domains::Domain>::resolve
FNDA:0,<conjure_core::ast::domains::Domain as conjure_core::ast::types::Typeable>::return_type
FNDA:0,<conjure_core::ast::domains::Domain>::is_finite
FNDA:0,<conjure_core::ast::domains::Domain>::length::{closure#0}
FNDA:1,<conjure_core::ast::domains::Domain as core::fmt::Display>::fmt::{closure#0}
FNDA:0,<conjure_core::ast::domains::Domain>::apply_i32
FNDA:0,<conjure_core::ast::domains::Range<i32> as core::fmt::Display>::fmt
FNDA:0,<conjure_core::ast::domains::Domain>::contains::{closure#0}
FNDA:0,<conjure_core::ast::domains::Domain as core::fmt::Display>::fmt
FNDA:1,<conjure_core::ast::domains::Domain>::contains::{closure#0}
FNDA:0,<conjure_core::ast::domains::Domain>::is_finite::{closure#0}
FNDA:1,<conjure_core::ast::domains::Domain>::values::{closure#0}::{closure#0}
FNDA:0,<conjure_core::ast::domains::Domain>::is_finite::{closure#0}
FNDA:0,<conjure_core::ast::domains::Domain as core::fmt::Display>::fmt::{closure#0}
FNDA:1,<conjure_core::ast::domains::Domain>::values_i32::{closure#0}
FNF:58
FNH:23
BRF:0
BRH:0
DA:28,1558
DA:29,1558
DA:30,0
DA:31,1558
DA:32,0
DA:33,0
DA:35,1558
DA:39,50711
DA:40,50711
DA:41,1406
DA:42,21812
DA:43,27493
DA:44,0
DA:46,50711
DA:80,1558
DA:81,1558
DA:82,1558
DA:83,1558
DA:84,1558
DA:85,1558
DA:86,1558
DA:87,0
DA:88,1558
DA:89,1558
DA:90,1558
DA:92,0
DA:93,0
DA:94,0
DA:95,0
DA:98,0
DA:99,0
DA:100,0
DA:101,0
DA:102,0
DA:103,0
DA:104,0
DA:105,0
DA:107,0
DA:108,0
DA:112,0
DA:113,0
DA:115,0
DA:118,0
DA:119,0
DA:120,0
DA:121,0
DA:124,0
DA:126,0
DA:128,0
DA:130,0
DA:132,1558
DA:136,13901
DA:137,13901
DA:138,13900
DA:139,13900
DA:140,13900
DA:141,17206
DA:142,4508
DA:143,12698
DA:144,0
DA:145,0
DA:146,17206
DA:147,13900
DA:148,13900
DA:149,13900
DA:150,13900
DA:151,1
DA:153,13901
DA:157,8398
DA:158,8398
DA:159,19
DA:160,8379
DA:161,8379
DA:162,35986
DA:166,0
DA:167,0
DA:168,0
DA:170,8398
DA:175,0
DA:176,0
DA:177,0
DA:185,2761
DA:186,2761
DA:188,2760
DA:189,93195
DA:190,93195
DA:191,87681
DA:192,5514
DA:194,2760
DA:195,1
DA:196,1
DA:197,2761
DA:202,228
DA:203,798
DA:204,798
DA:205,551
DA:206,0
DA:207,551
DA:208,551
DA:209,551
DA:210,551
DA:211,551
DA:213,0
DA:214,551
DA:215,247
DA:216,0
DA:217,247
DA:219,228
DA:220,228
DA:232,123486
DA:233,123486
DA:234,123486
DA:235,123486
DA:236,123486
DA:237,123486
DA:238,123486
DA:239,123486
DA:240,123486
DA:241,249575
DA:242,126089
DA:243,158123
DA:244,158123
DA:245,3306
DA:246,3306
DA:247,3306
DA:248,3306
DA:249,3306
DA:250,154817
DA:253,123486
DA:254,123486
DA:258,53770
DA:259,53770
DA:261,3059
DA:263,50027
DA:264,50711
DA:265,50027
DA:266,50027
DA:267,0
DA:269,50027
DA:272,171
DA:273,0
DA:274,0
DA:276,513
DA:277,513
DA:278,513
DA:279,513
DA:280,513
DA:281,513
DA:284,53770
DA:288,0
DA:289,0
DA:297,1
DA:298,1
DA:299,1
DA:300,16
DA:301,1
DA:302,1
DA:303,1
DA:304,1
DA:305,1
DA:306,1
DA:307,1
DA:308,1
DA:309,1
DA:310,1
DA:311,1
DA:312,1
DA:313,0
DA:314,1
DA:317,1
DA:318,1
DA:319,1
DA:320,1
DA:321,16
DA:322,1
DA:323,1
DA:324,1
DA:325,1
DA:326,1
DA:327,1
DA:328,1
DA:329,1
DA:330,1
DA:331,1
DA:332,1
DA:333,1
DA:334,1
DA:335,0
DA:336,1
LF:189
LH:141
end_of_record
SF:conjure_oxide/tests/model_tests.rs
FN:9,mod::model_tests::modify_domain
FN:9,model_tests::modify_domain
FNDA:1,mod::model_tests::modify_domain
FNDA:1,model_tests::modify_domain
FNF:2
FNH:2
BRF:0
BRH:0
DA:9,2
DA:10,2
DA:11,2
DA:12,2
DA:13,2
DA:14,2
DA:15,2
DA:16,2
DA:17,2
DA:18,2
DA:19,2
DA:20,2
DA:21,2
DA:22,2
DA:23,2
DA:25,2
DA:26,2
DA:27,2
DA:28,2
DA:29,2
DA:30,2
DA:31,2
DA:32,2
LF:23
LH:23
end_of_record
